2025-06-25 20:38:41.630: [INFO] OnDoneLoading sync enabled: 0
2025-06-25 21:05:17.190: [INFO] OnDoneLoading sync enabled: 0
2025-06-25 21:05:17.217: [INFO] RecordSyncInitDuration has_sync_been_enabled: 0 state: 0
2025-06-25 21:05:21.720: [INFO] VisibilityChanged: 0
2025-06-25 21:06:13.375: [INFO] VisibilityChanged: 1
2025-06-25 21:06:30.682: [INFO] VisibilityChanged: 0
2025-06-25 21:23:41.007: [INFO] OnDoneLoading sync enabled: 0
2025-06-25 21:23:41.038: [INFO] RecordSyncInitDuration has_sync_been_enabled: 0 state: 0
2025-06-25 21:23:47.621: [INFO] VisibilityChanged: 0
2025-06-25 21:34:47.249: [INFO] OnDoneLoading sync enabled: 0
2025-06-25 21:34:47.282: [INFO] RecordSyncInitDuration has_sync_been_enabled: 0 state: 0
2025-06-25 21:34:56.056: [INFO] VisibilityChanged: 0
2025-06-25 21:47:31.553: [INFO] VisibilityChanged: 1
2025-06-25 21:50:36.708: [INFO] VisibilityChanged: 0
2025-06-25 22:06:23.587: [INFO] VisibilityChanged: 1
2025-06-25 22:20:21.328: [INFO] VisibilityChanged: 0
2025-06-25 22:20:23.591: [INFO] VisibilityChanged: 1
2025-06-25 22:20:55.365: [INFO] VisibilityChanged: 0
2025-06-25 22:30:51.884: [INFO] OnDoneLoading sync enabled: 0
2025-06-25 22:30:51.914: [INFO] RecordSyncInitDuration has_sync_been_enabled: 0 state: 0
2025-06-25 22:31:21.145: [INFO] VisibilityChanged: 0
2025-06-25 22:31:24.455: [INFO] VisibilityChanged: 0
2025-06-25 22:41:29.551: [INFO] RecordSyncInitDuration has_sync_been_enabled: 0 state: 3
2025-06-25 22:41:29.557: [INFO] Primary account changed.
2025-06-25 22:41:29.557: [INFO] OnPrimaryAccountChanged PrimaryAccountChangeEvent::Type::kSet
2025-06-25 22:41:37.653: [INFO] BookmarkNodeAdded, ABU: 0
2025-06-25 22:41:37.653: [INFO] BookmarkNodeAdded, ABU: 0
2025-06-25 22:41:37.653: [INFO] BookmarkNodeAdded, ABU: 0
2025-06-25 22:41:37.653: [INFO] BookmarkNodeAdded, ABU: 0
2025-06-25 22:41:37.653: [INFO] BookmarkNodeAdded, ABU: 0
2025-06-25 22:41:37.653: [INFO] BookmarkNodeAdded, ABU: 0
2025-06-25 22:41:37.653: [INFO] BookmarkNodeAdded, ABU: 0
2025-06-25 22:41:37.653: [INFO] BookmarkNodeAdded, ABU: 0
2025-06-25 22:41:37.653: [INFO] BookmarkNodeAdded, ABU: 0
2025-06-25 22:41:37.653: [INFO] BookmarkNodeAdded, ABU: 0
2025-06-25 22:41:37.653: [INFO] BookmarkNodeAdded, ABU: 0
2025-06-25 22:41:37.653: [INFO] BookmarkNodeAdded, ABU: 0
2025-06-25 22:41:37.653: [INFO] BookmarkNodeAdded, ABU: 0
2025-06-25 22:41:37.653: [INFO] BookmarkNodeAdded, ABU: 0
2025-06-25 22:41:37.653: [INFO] BookmarkNodeAdded, ABU: 0
2025-06-25 22:41:37.653: [INFO] BookmarkNodeAdded, ABU: 0
2025-06-25 22:41:37.653: [INFO] BookmarkNodeAdded, ABU: 0
2025-06-25 22:41:37.653: [INFO] BookmarkNodeAdded, ABU: 0
2025-06-25 22:41:37.653: [INFO] BookmarkNodeAdded, ABU: 0
2025-06-25 22:41:37.653: [INFO] BookmarkNodeAdded, ABU: 0
2025-06-25 22:41:37.653: [INFO] BookmarkNodeAdded, ABU: 0
2025-06-25 22:41:37.653: [INFO] BookmarkNodeAdded, ABU: 0
2025-06-25 22:41:37.653: [INFO] BookmarkNodeAdded, ABU: 0
2025-06-25 22:41:37.653: [INFO] BookmarkNodeAdded, ABU: 0
2025-06-25 22:41:37.653: [INFO] BookmarkNodeAdded, ABU: 0
2025-06-25 22:41:37.653: [INFO] BookmarkNodeAdded, ABU: 0
2025-06-25 22:41:37.653: [INFO] BookmarkNodeAdded, ABU: 0
2025-06-25 22:41:37.653: [INFO] BookmarkNodeAdded, ABU: 0
2025-06-25 22:41:37.653: [INFO] BookmarkNodeAdded, ABU: 0
2025-06-25 22:41:37.653: [INFO] BookmarkNodeAdded, ABU: 0
2025-06-25 22:41:37.653: [INFO] BookmarkNodeAdded, ABU: 0
2025-06-25 22:41:37.653: [INFO] BookmarkNodeAdded, ABU: 0
2025-06-25 22:41:37.653: [INFO] BookmarkNodeAdded, ABU: 0
2025-06-25 22:41:37.653: [INFO] BookmarkNodeAdded, ABU: 0
2025-06-25 22:41:37.653: [INFO] BookmarkNodeAdded, ABU: 0
2025-06-25 22:41:37.654: [INFO] BookmarkNodeAdded, ABU: 0
2025-06-25 22:41:37.654: [INFO] BookmarkNodeAdded, ABU: 0
2025-06-25 22:41:37.654: [INFO] BookmarkNodeAdded, ABU: 0
2025-06-25 22:41:37.654: [INFO] BookmarkNodeAdded, ABU: 0
2025-06-25 22:41:37.654: [INFO] BookmarkNodeAdded, ABU: 0
2025-06-25 22:41:37.654: [INFO] BookmarkNodeAdded, ABU: 0
2025-06-25 22:41:37.654: [INFO] BookmarkNodeAdded, ABU: 0
2025-06-25 22:41:37.654: [INFO] BookmarkNodeAdded, ABU: 0
2025-06-25 22:41:37.654: [INFO] BookmarkNodeAdded, ABU: 0
2025-06-25 22:41:37.654: [INFO] BookmarkNodeAdded, ABU: 0
2025-06-25 22:41:37.654: [INFO] BookmarkNodeAdded, ABU: 0
2025-06-25 22:41:37.654: [INFO] BookmarkNodeAdded, ABU: 0
2025-06-25 22:41:37.654: [INFO] BookmarkNodeAdded, ABU: 0
2025-06-25 22:41:37.654: [INFO] BookmarkNodeAdded, ABU: 0
2025-06-25 22:41:37.654: [INFO] BookmarkNodeAdded, ABU: 0
2025-06-25 22:41:37.654: [INFO] BookmarkNodeAdded, ABU: 0
2025-06-25 22:41:37.654: [INFO] BookmarkNodeAdded, ABU: 0
2025-06-25 22:41:37.654: [INFO] BookmarkNodeAdded, ABU: 0
2025-06-25 22:41:37.654: [INFO] BookmarkNodeAdded, ABU: 0
2025-06-25 22:41:37.654: [INFO] BookmarkNodeAdded, ABU: 0
2025-06-25 22:41:37.654: [INFO] BookmarkNodeAdded, ABU: 0
2025-06-25 22:41:37.654: [INFO] BookmarkNodeAdded, ABU: 0
2025-06-25 22:41:37.654: [INFO] BookmarkNodeAdded, ABU: 0
2025-06-25 22:41:37.654: [INFO] BookmarkNodeAdded, ABU: 0
2025-06-25 22:41:37.654: [INFO] BookmarkNodeAdded, ABU: 0
2025-06-25 22:41:37.654: [INFO] BookmarkNodeAdded, ABU: 0
2025-06-25 22:41:37.654: [INFO] BookmarkNodeAdded, ABU: 0
2025-06-25 22:41:37.654: [INFO] BookmarkNodeAdded, ABU: 0
2025-06-25 22:41:37.654: [INFO] BookmarkNodeAdded, ABU: 0
2025-06-25 22:41:37.654: [INFO] BookmarkNodeAdded, ABU: 0
2025-06-25 22:41:37.654: [INFO] BookmarkNodeAdded, ABU: 0
2025-06-25 22:41:37.654: [INFO] BookmarkNodeAdded, ABU: 0
2025-06-25 22:41:37.654: [INFO] BookmarkNodeAdded, ABU: 0
2025-06-25 22:41:37.654: [INFO] BookmarkNodeAdded, ABU: 0
2025-06-25 22:41:37.654: [INFO] BookmarkNodeAdded, ABU: 0
2025-06-25 22:41:37.654: [INFO] BookmarkNodeAdded, ABU: 0
2025-06-25 22:41:37.654: [INFO] BookmarkNodeAdded, ABU: 0
2025-06-25 22:41:37.655: [INFO] BookmarkNodeAdded, ABU: 0
2025-06-25 22:41:37.655: [INFO] BookmarkNodeAdded, ABU: 0
2025-06-25 22:41:37.655: [INFO] BookmarkNodeAdded, ABU: 0
2025-06-25 22:41:37.655: [INFO] BookmarkNodeAdded, ABU: 0
2025-06-25 22:41:37.655: [INFO] BookmarkNodeAdded, ABU: 0
2025-06-25 22:41:37.655: [INFO] BookmarkNodeAdded, ABU: 0
2025-06-25 22:41:37.655: [INFO] BookmarkNodeAdded, ABU: 0
2025-06-25 22:41:37.655: [INFO] BookmarkNodeAdded, ABU: 0
2025-06-25 22:41:37.655: [INFO] BookmarkNodeAdded, ABU: 0
2025-06-25 22:41:37.655: [INFO] BookmarkNodeAdded, ABU: 0
2025-06-25 22:41:37.655: [INFO] BookmarkNodeAdded, ABU: 0
2025-06-25 22:41:37.655: [INFO] BookmarkNodeAdded, ABU: 0
2025-06-25 22:41:37.655: [INFO] BookmarkNodeAdded, ABU: 0
2025-06-25 22:41:37.655: [INFO] BookmarkNodeAdded, ABU: 0
2025-06-25 22:41:37.655: [INFO] BookmarkNodeAdded, ABU: 0
2025-06-25 22:41:37.655: [INFO] BookmarkNodeAdded, ABU: 0
2025-06-25 22:41:37.655: [INFO] BookmarkNodeAdded, ABU: 0
2025-06-25 22:41:37.655: [INFO] BookmarkNodeAdded, ABU: 0
2025-06-25 22:41:37.655: [INFO] BookmarkNodeAdded, ABU: 0
2025-06-25 22:41:37.655: [INFO] BookmarkNodeAdded, ABU: 0
2025-06-25 22:41:37.655: [INFO] BookmarkNodeAdded, ABU: 0
2025-06-25 22:41:37.655: [INFO] BookmarkNodeAdded, ABU: 0
2025-06-25 22:41:37.655: [INFO] BookmarkNodeAdded, ABU: 0
2025-06-25 22:41:37.655: [INFO] BookmarkNodeAdded, ABU: 0
2025-06-25 22:41:37.655: [INFO] BookmarkNodeAdded, ABU: 0
2025-06-25 22:41:37.655: [INFO] BookmarkNodeAdded, ABU: 0
2025-06-25 22:41:37.655: [INFO] BookmarkNodeAdded, ABU: 0
2025-06-25 22:41:37.655: [INFO] BookmarkNodeAdded, ABU: 0
2025-06-25 22:41:37.655: [INFO] BookmarkNodeAdded, ABU: 0
2025-06-25 22:41:37.655: [INFO] BookmarkNodeAdded, ABU: 0
2025-06-25 22:41:37.655: [INFO] BookmarkNodeAdded, ABU: 0
2025-06-25 22:41:37.655: [INFO] BookmarkNodeAdded, ABU: 0
2025-06-25 22:41:37.655: [INFO] BookmarkNodeAdded, ABU: 0
2025-06-25 22:41:37.655: [INFO] BookmarkNodeAdded, ABU: 0
2025-06-25 22:41:37.655: [INFO] BookmarkNodeAdded, ABU: 0
2025-06-25 22:41:37.655: [INFO] BookmarkNodeAdded, ABU: 0
2025-06-25 22:41:37.655: [INFO] BookmarkNodeAdded, ABU: 0
2025-06-25 22:41:37.655: [INFO] BookmarkNodeAdded, ABU: 0
2025-06-25 22:41:37.655: [INFO] BookmarkNodeAdded, ABU: 0
2025-06-25 22:41:37.655: [INFO] BookmarkNodeAdded, ABU: 0
2025-06-25 22:41:37.655: [INFO] BookmarkNodeAdded, ABU: 0
2025-06-25 22:41:37.655: [INFO] BookmarkNodeAdded, ABU: 0
2025-06-25 22:41:37.655: [INFO] BookmarkNodeAdded, ABU: 0
2025-06-25 22:41:37.655: [INFO] BookmarkNodeAdded, ABU: 0
2025-06-25 22:41:37.656: [INFO] BookmarkNodeAdded, ABU: 0
2025-06-25 22:41:37.656: [INFO] BookmarkNodeAdded, ABU: 0
2025-06-25 22:41:37.656: [INFO] BookmarkNodeAdded, ABU: 0
2025-06-25 22:41:37.656: [INFO] BookmarkNodeAdded, ABU: 0
2025-06-25 22:41:37.656: [INFO] BookmarkNodeAdded, ABU: 0
2025-06-25 22:41:37.656: [INFO] BookmarkNodeAdded, ABU: 0
2025-06-25 22:41:37.656: [INFO] BookmarkNodeAdded, ABU: 0
2025-06-25 22:41:37.656: [INFO] BookmarkNodeAdded, ABU: 0
2025-06-25 22:41:37.656: [INFO] BookmarkNodeAdded, ABU: 0
2025-06-25 22:41:37.656: [INFO] BookmarkNodeAdded, ABU: 0
2025-06-25 22:41:37.656: [INFO] BookmarkNodeAdded, ABU: 0
2025-06-25 22:41:37.656: [INFO] BookmarkNodeAdded, ABU: 0
2025-06-25 22:41:37.656: [INFO] BookmarkNodeAdded, ABU: 0
2025-06-25 22:41:37.656: [INFO] BookmarkNodeAdded, ABU: 0
2025-06-25 22:41:37.656: [INFO] BookmarkNodeAdded, ABU: 0
2025-06-25 22:41:37.656: [INFO] BookmarkNodeAdded, ABU: 0
2025-06-25 22:41:37.656: [INFO] BookmarkNodeAdded, ABU: 0
2025-06-25 22:41:37.656: [INFO] BookmarkNodeAdded, ABU: 0
2025-06-25 22:41:37.656: [INFO] BookmarkNodeAdded, ABU: 0
2025-06-25 22:41:37.656: [INFO] BookmarkNodeAdded, ABU: 0
2025-06-25 22:41:37.656: [INFO] BookmarkNodeAdded, ABU: 0
2025-06-25 22:41:37.656: [INFO] BookmarkNodeAdded, ABU: 0
2025-06-25 22:41:37.656: [INFO] BookmarkNodeAdded, ABU: 0
2025-06-25 22:41:37.656: [INFO] BookmarkNodeAdded, ABU: 0
2025-06-25 22:41:37.656: [INFO] BookmarkNodeAdded, ABU: 0
2025-06-25 22:41:37.656: [INFO] BookmarkNodeAdded, ABU: 0
2025-06-25 22:41:37.656: [INFO] BookmarkNodeAdded, ABU: 0
2025-06-25 22:41:37.656: [INFO] BookmarkNodeAdded, ABU: 0
2025-06-25 22:41:37.656: [INFO] BookmarkNodeAdded, ABU: 0
2025-06-25 22:41:37.656: [INFO] BookmarkNodeAdded, ABU: 0
2025-06-25 22:41:37.656: [INFO] BookmarkNodeAdded, ABU: 0
2025-06-25 22:41:37.656: [INFO] BookmarkNodeAdded, ABU: 0
2025-06-25 22:41:37.656: [INFO] BookmarkNodeAdded, ABU: 0
2025-06-25 22:41:37.656: [INFO] BookmarkNodeAdded, ABU: 0
2025-06-25 22:41:37.656: [INFO] BookmarkNodeAdded, ABU: 0
2025-06-25 22:41:37.656: [INFO] BookmarkNodeAdded, ABU: 0
2025-06-25 22:41:37.656: [INFO] BookmarkNodeAdded, ABU: 0
2025-06-25 22:41:37.656: [INFO] BookmarkNodeAdded, ABU: 0
2025-06-25 22:41:37.656: [INFO] BookmarkNodeAdded, ABU: 0
2025-06-25 22:41:37.656: [INFO] BookmarkNodeAdded, ABU: 0
2025-06-25 22:41:37.656: [INFO] BookmarkNodeAdded, ABU: 0
2025-06-25 22:41:37.656: [INFO] BookmarkNodeAdded, ABU: 0
2025-06-25 22:41:37.657: [INFO] BookmarkNodeAdded, ABU: 0
2025-06-25 22:41:37.657: [INFO] BookmarkNodeAdded, ABU: 0
2025-06-25 22:41:37.657: [INFO] BookmarkNodeAdded, ABU: 0
2025-06-25 22:41:37.657: [INFO] BookmarkNodeAdded, ABU: 0
2025-06-25 22:41:37.657: [INFO] BookmarkNodeAdded, ABU: 0
2025-06-25 22:41:37.657: [INFO] BookmarkNodeAdded, ABU: 0
2025-06-25 22:41:37.657: [INFO] BookmarkNodeAdded, ABU: 0
2025-06-25 22:41:37.657: [INFO] BookmarkNodeAdded, ABU: 0
2025-06-25 22:41:37.657: [INFO] BookmarkNodeAdded, ABU: 0
2025-06-25 22:41:37.657: [INFO] BookmarkNodeAdded, ABU: 0
2025-06-25 22:41:37.657: [INFO] BookmarkNodeAdded, ABU: 0
2025-06-25 22:41:37.657: [INFO] BookmarkNodeAdded, ABU: 0
2025-06-25 22:41:37.657: [INFO] BookmarkNodeAdded, ABU: 0
2025-06-25 22:41:37.657: [INFO] BookmarkNodeAdded, ABU: 0
2025-06-25 22:41:37.657: [INFO] BookmarkNodeAdded, ABU: 0
2025-06-25 22:41:37.657: [INFO] BookmarkNodeAdded, ABU: 0
2025-06-25 22:41:37.657: [INFO] BookmarkNodeAdded, ABU: 0
2025-06-25 22:41:37.657: [INFO] BookmarkNodeAdded, ABU: 0
2025-06-25 22:41:37.657: [INFO] BookmarkNodeAdded, ABU: 0
2025-06-25 22:41:37.657: [INFO] BookmarkNodeAdded, ABU: 0
2025-06-25 22:41:37.657: [INFO] BookmarkNodeAdded, ABU: 0
2025-06-25 22:41:37.657: [INFO] BookmarkNodeAdded, ABU: 0
2025-06-25 22:41:37.657: [INFO] BookmarkNodeAdded, ABU: 0
2025-06-25 22:41:37.657: [INFO] BookmarkNodeAdded, ABU: 0
2025-06-25 22:41:37.657: [INFO] BookmarkNodeAdded, ABU: 0
2025-06-25 22:41:37.657: [INFO] BookmarkNodeAdded, ABU: 0
2025-06-25 22:41:37.657: [INFO] BookmarkNodeAdded, ABU: 0
2025-06-25 22:41:37.657: [INFO] BookmarkNodeAdded, ABU: 0
2025-06-25 22:41:37.657: [INFO] BookmarkNodeAdded, ABU: 0
2025-06-25 22:41:37.657: [INFO] BookmarkNodeAdded, ABU: 0
2025-06-25 22:41:37.657: [INFO] BookmarkNodeAdded, ABU: 0
2025-06-25 22:41:37.657: [INFO] BookmarkNodeAdded, ABU: 0
2025-06-25 22:41:37.657: [INFO] BookmarkNodeAdded, ABU: 0
2025-06-25 22:41:37.657: [INFO] BookmarkNodeAdded, ABU: 0
2025-06-25 22:41:37.657: [INFO] BookmarkNodeAdded, ABU: 0
2025-06-25 22:41:37.657: [INFO] BookmarkNodeAdded, ABU: 0
2025-06-25 22:41:37.657: [INFO] BookmarkNodeAdded, ABU: 0
2025-06-25 22:41:37.657: [INFO] BookmarkNodeAdded, ABU: 0
2025-06-25 22:41:37.657: [INFO] BookmarkNodeAdded, ABU: 0
2025-06-25 22:41:37.658: [INFO] BookmarkNodeAdded, ABU: 0
2025-06-25 22:41:37.658: [INFO] BookmarkNodeAdded, ABU: 0
2025-06-25 22:41:37.658: [INFO] BookmarkNodeAdded, ABU: 0
2025-06-25 22:41:37.658: [INFO] BookmarkNodeAdded, ABU: 0
2025-06-25 22:41:37.658: [INFO] BookmarkNodeAdded, ABU: 0
2025-06-25 22:41:37.658: [INFO] BookmarkNodeAdded, ABU: 0
2025-06-25 22:41:37.658: [INFO] BookmarkNodeAdded, ABU: 0
2025-06-25 22:41:37.658: [INFO] BookmarkNodeAdded, ABU: 0
2025-06-25 22:41:37.658: [INFO] BookmarkNodeAdded, ABU: 0
2025-06-25 22:41:37.658: [INFO] BookmarkNodeAdded, ABU: 0
2025-06-25 22:41:37.658: [INFO] BookmarkNodeAdded, ABU: 0
2025-06-25 22:41:37.658: [INFO] BookmarkNodeAdded, ABU: 0
2025-06-25 22:41:37.658: [INFO] BookmarkNodeAdded, ABU: 0
2025-06-25 22:41:37.658: [INFO] BookmarkNodeAdded, ABU: 0
2025-06-25 22:41:37.658: [INFO] BookmarkNodeAdded, ABU: 0
2025-06-25 22:41:37.658: [INFO] BookmarkNodeAdded, ABU: 0
2025-06-25 22:41:37.658: [INFO] BookmarkNodeAdded, ABU: 0
2025-06-25 22:41:37.658: [INFO] BookmarkNodeAdded, ABU: 0
2025-06-25 22:41:37.658: [INFO] BookmarkNodeAdded, ABU: 0
2025-06-25 22:41:37.658: [INFO] BookmarkNodeAdded, ABU: 0
2025-06-25 22:41:37.658: [INFO] BookmarkNodeAdded, ABU: 0
2025-06-25 22:41:37.658: [INFO] BookmarkNodeAdded, ABU: 0
2025-06-25 22:41:37.658: [INFO] BookmarkNodeAdded, ABU: 0
2025-06-25 22:41:37.658: [INFO] BookmarkNodeAdded, ABU: 0
2025-06-25 22:41:37.658: [INFO] BookmarkNodeAdded, ABU: 0
2025-06-25 22:41:37.658: [INFO] BookmarkNodeAdded, ABU: 0
2025-06-25 22:41:37.658: [INFO] BookmarkNodeAdded, ABU: 0
2025-06-25 22:41:37.658: [INFO] BookmarkNodeAdded, ABU: 0
2025-06-25 22:41:37.658: [INFO] BookmarkNodeAdded, ABU: 0
2025-06-25 22:41:37.658: [INFO] BookmarkNodeAdded, ABU: 0
2025-06-25 22:41:37.658: [INFO] BookmarkNodeAdded, ABU: 0
2025-06-25 22:41:37.658: [INFO] BookmarkNodeAdded, ABU: 0
2025-06-25 22:41:37.658: [INFO] BookmarkNodeAdded, ABU: 0
2025-06-25 22:41:37.658: [INFO] BookmarkNodeAdded, ABU: 0
2025-06-25 22:41:37.658: [INFO] BookmarkNodeAdded, ABU: 0
2025-06-25 22:41:37.658: [INFO] BookmarkNodeAdded, ABU: 0
2025-06-25 22:41:37.658: [INFO] BookmarkNodeAdded, ABU: 0
2025-06-25 22:41:37.658: [INFO] BookmarkNodeAdded, ABU: 0
2025-06-25 22:41:37.658: [INFO] BookmarkNodeAdded, ABU: 0
2025-06-25 22:41:37.658: [INFO] BookmarkNodeAdded, ABU: 0
2025-06-25 22:41:37.658: [INFO] BookmarkNodeAdded, ABU: 0
2025-06-25 22:41:37.658: [INFO] BookmarkNodeAdded, ABU: 0
2025-06-25 22:41:37.658: [INFO] BookmarkNodeAdded, ABU: 0
2025-06-25 22:41:37.659: [INFO] BookmarkNodeAdded, ABU: 0
2025-06-25 22:41:37.659: [INFO] BookmarkNodeAdded, ABU: 0
2025-06-25 22:41:37.659: [INFO] BookmarkNodeAdded, ABU: 0
2025-06-25 22:41:37.659: [INFO] BookmarkNodeAdded, ABU: 0
2025-06-25 22:41:37.659: [INFO] BookmarkNodeAdded, ABU: 0
2025-06-25 22:41:37.659: [INFO] BookmarkNodeAdded, ABU: 0
2025-06-25 22:41:37.659: [INFO] BookmarkNodeAdded, ABU: 0
2025-06-25 22:41:37.659: [INFO] BookmarkNodeAdded, ABU: 0
2025-06-25 22:41:37.659: [INFO] BookmarkNodeAdded, ABU: 0
2025-06-25 22:41:37.659: [INFO] BookmarkNodeAdded, ABU: 0
2025-06-25 22:41:37.659: [INFO] BookmarkNodeAdded, ABU: 0
2025-06-25 22:41:37.659: [INFO] BookmarkNodeAdded, ABU: 0
2025-06-25 22:41:37.659: [INFO] BookmarkNodeAdded, ABU: 0
2025-06-25 22:41:37.659: [INFO] BookmarkNodeAdded, ABU: 0
2025-06-25 22:41:37.659: [INFO] BookmarkNodeAdded, ABU: 0
2025-06-25 22:41:37.659: [INFO] BookmarkNodeAdded, ABU: 0
2025-06-25 22:41:37.659: [INFO] BookmarkNodeAdded, ABU: 0
2025-06-25 22:41:37.659: [INFO] BookmarkNodeAdded, ABU: 0
2025-06-25 22:41:37.659: [INFO] BookmarkNodeAdded, ABU: 0
2025-06-25 22:41:37.659: [INFO] BookmarkNodeAdded, ABU: 0
2025-06-25 22:41:37.659: [INFO] BookmarkNodeAdded, ABU: 0
2025-06-25 22:41:37.659: [INFO] BookmarkNodeAdded, ABU: 0
2025-06-25 22:41:37.659: [INFO] BookmarkNodeAdded, ABU: 0
2025-06-25 22:41:37.659: [INFO] BookmarkNodeAdded, ABU: 0
2025-06-25 22:41:37.659: [INFO] BookmarkNodeAdded, ABU: 0
2025-06-25 22:41:37.659: [INFO] BookmarkNodeAdded, ABU: 0
2025-06-25 22:41:37.659: [INFO] BookmarkNodeAdded, ABU: 0
2025-06-25 22:41:37.659: [INFO] BookmarkNodeAdded, ABU: 0
2025-06-25 22:41:37.659: [INFO] BookmarkNodeAdded, ABU: 0
2025-06-25 22:41:37.659: [INFO] BookmarkNodeAdded, ABU: 0
2025-06-25 22:41:37.659: [INFO] BookmarkNodeAdded, ABU: 0
2025-06-25 22:41:37.659: [INFO] BookmarkNodeAdded, ABU: 0
2025-06-25 22:41:37.659: [INFO] BookmarkNodeAdded, ABU: 0
2025-06-25 22:41:37.659: [INFO] BookmarkNodeAdded, ABU: 0
2025-06-25 22:41:37.659: [INFO] BookmarkNodeAdded, ABU: 0
2025-06-25 22:41:37.659: [INFO] BookmarkNodeAdded, ABU: 0
2025-06-25 22:41:37.659: [INFO] BookmarkNodeAdded, ABU: 0
2025-06-25 22:41:37.659: [INFO] BookmarkNodeAdded, ABU: 0
2025-06-25 22:41:37.659: [INFO] BookmarkNodeAdded, ABU: 0
2025-06-25 22:41:37.659: [INFO] BookmarkNodeAdded, ABU: 0
2025-06-25 22:41:37.660: [INFO] BookmarkNodeAdded, ABU: 0
2025-06-25 22:41:37.660: [INFO] BookmarkNodeAdded, ABU: 0
2025-06-25 22:41:37.660: [INFO] BookmarkNodeAdded, ABU: 0
2025-06-25 22:41:37.660: [INFO] BookmarkNodeAdded, ABU: 0
2025-06-25 22:41:37.660: [INFO] BookmarkNodeAdded, ABU: 0
2025-06-25 22:41:37.660: [INFO] BookmarkNodeAdded, ABU: 0
2025-06-25 22:41:37.660: [INFO] BookmarkNodeAdded, ABU: 0
2025-06-25 22:41:37.660: [INFO] BookmarkNodeAdded, ABU: 0
2025-06-25 22:41:37.660: [INFO] BookmarkNodeAdded, ABU: 0
2025-06-25 22:41:37.660: [INFO] BookmarkNodeAdded, ABU: 0
2025-06-25 22:41:37.660: [INFO] BookmarkNodeAdded, ABU: 0
2025-06-25 22:41:37.660: [INFO] BookmarkNodeAdded, ABU: 0
2025-06-25 22:41:37.660: [INFO] BookmarkNodeAdded, ABU: 0
2025-06-25 22:41:37.660: [INFO] BookmarkNodeAdded, ABU: 0
2025-06-25 22:41:37.660: [INFO] BookmarkNodeAdded, ABU: 0
2025-06-25 22:41:37.660: [INFO] BookmarkNodeAdded, ABU: 0
2025-06-25 22:41:37.660: [INFO] BookmarkNodeAdded, ABU: 0
2025-06-25 22:41:37.660: [INFO] BookmarkNodeAdded, ABU: 0
2025-06-25 22:41:37.660: [INFO] BookmarkNodeAdded, ABU: 0
2025-06-25 22:41:37.660: [INFO] BookmarkNodeAdded, ABU: 0
2025-06-25 22:41:37.660: [INFO] BookmarkNodeAdded, ABU: 0
2025-06-25 22:41:37.660: [INFO] BookmarkNodeAdded, ABU: 0
2025-06-25 22:41:37.660: [INFO] BookmarkNodeAdded, ABU: 0
2025-06-25 22:41:37.660: [INFO] BookmarkNodeAdded, ABU: 0
2025-06-25 22:41:37.660: [INFO] BookmarkNodeAdded, ABU: 0
2025-06-25 22:41:37.660: [INFO] BookmarkNodeAdded, ABU: 0
2025-06-25 22:41:37.660: [INFO] BookmarkNodeAdded, ABU: 0
2025-06-25 22:41:37.660: [INFO] BookmarkNodeAdded, ABU: 0
2025-06-25 22:41:37.660: [INFO] BookmarkNodeAdded, ABU: 0
2025-06-25 22:41:37.660: [INFO] BookmarkNodeAdded, ABU: 0
2025-06-25 22:41:37.660: [INFO] BookmarkNodeAdded, ABU: 0
2025-06-25 22:41:37.660: [INFO] BookmarkNodeAdded, ABU: 0
2025-06-25 22:41:37.660: [INFO] BookmarkNodeAdded, ABU: 0
2025-06-25 22:41:37.660: [INFO] BookmarkNodeAdded, ABU: 0
2025-06-25 22:41:37.660: [INFO] BookmarkNodeAdded, ABU: 0
2025-06-25 22:41:37.660: [INFO] BookmarkNodeAdded, ABU: 0
2025-06-25 22:41:37.660: [INFO] BookmarkNodeAdded, ABU: 0
2025-06-25 22:41:37.660: [INFO] BookmarkNodeAdded, ABU: 0
2025-06-25 22:41:37.661: [INFO] BookmarkNodeAdded, ABU: 0
2025-06-25 22:41:37.661: [INFO] BookmarkNodeAdded, ABU: 0
2025-06-25 22:41:37.661: [INFO] BookmarkNodeAdded, ABU: 0
2025-06-25 22:41:37.661: [INFO] BookmarkNodeAdded, ABU: 0
2025-06-25 22:41:37.661: [INFO] BookmarkNodeAdded, ABU: 0
2025-06-25 22:41:37.661: [INFO] BookmarkNodeAdded, ABU: 0
2025-06-25 22:41:37.661: [INFO] BookmarkNodeAdded, ABU: 0
2025-06-25 22:41:37.661: [INFO] BookmarkNodeAdded, ABU: 0
2025-06-25 22:41:37.661: [INFO] BookmarkNodeAdded, ABU: 0
2025-06-25 22:41:37.661: [INFO] BookmarkNodeAdded, ABU: 0
2025-06-25 22:41:37.661: [INFO] BookmarkNodeAdded, ABU: 0
2025-06-25 22:41:37.661: [INFO] BookmarkNodeAdded, ABU: 0
2025-06-25 22:41:37.661: [INFO] BookmarkNodeAdded, ABU: 0
2025-06-25 22:41:37.661: [INFO] BookmarkNodeAdded, ABU: 0
2025-06-25 22:41:37.661: [INFO] BookmarkNodeAdded, ABU: 0
2025-06-25 22:41:37.661: [INFO] BookmarkNodeAdded, ABU: 0
2025-06-25 22:41:37.661: [INFO] BookmarkNodeAdded, ABU: 0
2025-06-25 22:41:37.661: [INFO] BookmarkNodeAdded, ABU: 0
2025-06-25 22:41:37.661: [INFO] BookmarkNodeAdded, ABU: 0
2025-06-25 22:41:37.661: [INFO] BookmarkNodeAdded, ABU: 0
2025-06-25 22:41:37.661: [INFO] BookmarkNodeAdded, ABU: 0
2025-06-25 22:41:37.661: [INFO] BookmarkNodeAdded, ABU: 0
2025-06-25 22:41:37.661: [INFO] BookmarkNodeAdded, ABU: 0
2025-06-25 22:41:37.661: [INFO] BookmarkNodeAdded, ABU: 0
2025-06-25 22:41:37.661: [INFO] BookmarkNodeAdded, ABU: 0
2025-06-25 22:41:37.661: [INFO] BookmarkNodeAdded, ABU: 0
2025-06-25 22:41:37.661: [INFO] BookmarkNodeAdded, ABU: 0
2025-06-25 22:41:37.661: [INFO] BookmarkNodeAdded, ABU: 0
2025-06-25 22:41:37.661: [INFO] BookmarkNodeAdded, ABU: 0
2025-06-25 22:41:37.661: [INFO] BookmarkNodeAdded, ABU: 0
2025-06-25 22:41:37.661: [INFO] BookmarkNodeAdded, ABU: 0
2025-06-25 22:41:37.661: [INFO] BookmarkNodeAdded, ABU: 0
2025-06-25 22:41:37.661: [INFO] BookmarkNodeAdded, ABU: 0
2025-06-25 22:41:37.661: [INFO] BookmarkNodeAdded, ABU: 0
2025-06-25 22:41:37.661: [INFO] BookmarkNodeAdded, ABU: 0
2025-06-25 22:41:37.661: [INFO] BookmarkNodeAdded, ABU: 0
2025-06-25 22:41:37.661: [INFO] BookmarkNodeAdded, ABU: 0
2025-06-25 22:41:37.661: [INFO] BookmarkNodeAdded, ABU: 0
2025-06-25 22:41:37.661: [INFO] BookmarkNodeAdded, ABU: 0
2025-06-25 22:41:37.661: [INFO] BookmarkNodeAdded, ABU: 0
2025-06-25 22:41:37.661: [INFO] BookmarkNodeAdded, ABU: 0
2025-06-25 22:41:37.661: [INFO] BookmarkNodeAdded, ABU: 0
2025-06-25 22:41:37.661: [INFO] BookmarkNodeAdded, ABU: 0
2025-06-25 22:41:37.662: [INFO] BookmarkNodeAdded, ABU: 0
2025-06-25 22:41:37.662: [INFO] BookmarkNodeAdded, ABU: 0
2025-06-25 22:41:37.662: [INFO] BookmarkNodeAdded, ABU: 0
2025-06-25 22:41:37.662: [INFO] BookmarkNodeAdded, ABU: 0
2025-06-25 22:41:37.662: [INFO] BookmarkNodeAdded, ABU: 0
2025-06-25 22:41:37.662: [INFO] BookmarkNodeAdded, ABU: 0
2025-06-25 22:41:37.662: [INFO] BookmarkNodeAdded, ABU: 0
2025-06-25 22:41:37.662: [INFO] BookmarkNodeAdded, ABU: 0
2025-06-25 22:41:37.662: [INFO] BookmarkNodeAdded, ABU: 0
2025-06-25 22:41:37.662: [INFO] BookmarkNodeAdded, ABU: 0
2025-06-25 22:41:37.662: [INFO] BookmarkNodeAdded, ABU: 0
2025-06-25 22:41:37.662: [INFO] BookmarkNodeAdded, ABU: 0
2025-06-25 22:41:37.662: [INFO] BookmarkNodeAdded, ABU: 0
2025-06-25 22:41:37.662: [INFO] BookmarkNodeAdded, ABU: 0
2025-06-25 22:41:37.662: [INFO] BookmarkNodeAdded, ABU: 0
2025-06-25 22:41:37.662: [INFO] BookmarkNodeAdded, ABU: 0
2025-06-25 22:41:37.662: [INFO] BookmarkNodeAdded, ABU: 0
2025-06-25 22:41:37.662: [INFO] BookmarkNodeAdded, ABU: 0
2025-06-25 22:41:37.662: [INFO] BookmarkNodeAdded, ABU: 0
2025-06-25 22:41:37.662: [INFO] BookmarkNodeAdded, ABU: 0
2025-06-25 22:41:37.662: [INFO] BookmarkNodeAdded, ABU: 0
2025-06-25 22:41:37.662: [INFO] BookmarkNodeAdded, ABU: 0
2025-06-25 22:41:37.662: [INFO] BookmarkNodeAdded, ABU: 0
2025-06-25 22:41:37.662: [INFO] BookmarkNodeAdded, ABU: 0
2025-06-25 22:41:37.662: [INFO] BookmarkNodeAdded, ABU: 0
2025-06-25 22:41:37.662: [INFO] BookmarkNodeAdded, ABU: 0
2025-06-25 22:41:37.662: [INFO] BookmarkNodeAdded, ABU: 0
2025-06-25 22:41:37.662: [INFO] BookmarkNodeAdded, ABU: 0
2025-06-25 22:41:37.662: [INFO] BookmarkNodeAdded, ABU: 0
2025-06-25 22:41:37.662: [INFO] BookmarkNodeAdded, ABU: 0
2025-06-25 22:41:37.662: [INFO] BookmarkNodeAdded, ABU: 0
2025-06-25 22:41:37.662: [INFO] BookmarkNodeAdded, ABU: 0
2025-06-25 22:41:37.662: [INFO] BookmarkNodeAdded, ABU: 0
2025-06-25 22:41:37.662: [INFO] BookmarkNodeAdded, ABU: 0
2025-06-25 22:41:37.662: [INFO] BookmarkNodeAdded, ABU: 0
2025-06-25 22:41:37.662: [INFO] BookmarkNodeAdded, ABU: 0
2025-06-25 22:41:37.662: [INFO] BookmarkNodeAdded, ABU: 0
2025-06-25 22:41:37.663: [INFO] BookmarkNodeAdded, ABU: 0
2025-06-25 22:41:37.663: [INFO] BookmarkNodeAdded, ABU: 0
2025-06-25 22:41:37.663: [INFO] BookmarkNodeAdded, ABU: 0
2025-06-25 22:41:37.663: [INFO] BookmarkNodeAdded, ABU: 0
2025-06-25 22:41:37.663: [INFO] BookmarkNodeAdded, ABU: 0
2025-06-25 22:41:37.663: [INFO] BookmarkNodeAdded, ABU: 0
2025-06-25 22:41:37.663: [INFO] BookmarkNodeAdded, ABU: 0
2025-06-25 22:41:37.663: [INFO] BookmarkNodeAdded, ABU: 0
2025-06-25 22:41:37.663: [INFO] BookmarkNodeAdded, ABU: 0
2025-06-25 22:41:37.663: [INFO] BookmarkNodeAdded, ABU: 0
2025-06-25 22:41:37.663: [INFO] BookmarkNodeAdded, ABU: 0
2025-06-25 22:41:37.663: [INFO] BookmarkNodeAdded, ABU: 0
2025-06-25 22:41:37.663: [INFO] BookmarkNodeAdded, ABU: 0
2025-06-25 22:41:37.663: [INFO] BookmarkNodeAdded, ABU: 0
2025-06-25 22:41:37.663: [INFO] BookmarkNodeAdded, ABU: 0
2025-06-25 22:41:37.663: [INFO] BookmarkNodeAdded, ABU: 0
2025-06-25 22:41:37.663: [INFO] BookmarkNodeAdded, ABU: 0
2025-06-25 22:41:37.663: [INFO] BookmarkNodeAdded, ABU: 0
2025-06-25 22:41:37.663: [INFO] BookmarkNodeAdded, ABU: 0
2025-06-25 22:41:37.663: [INFO] BookmarkNodeAdded, ABU: 0
2025-06-25 22:41:37.663: [INFO] BookmarkNodeAdded, ABU: 0
2025-06-25 22:41:37.663: [INFO] BookmarkNodeAdded, ABU: 0
2025-06-25 22:41:37.663: [INFO] BookmarkNodeAdded, ABU: 0
2025-06-25 22:41:37.663: [INFO] BookmarkNodeAdded, ABU: 0
2025-06-25 22:41:37.663: [INFO] BookmarkNodeAdded, ABU: 0
2025-06-25 22:41:37.663: [INFO] BookmarkNodeAdded, ABU: 0
2025-06-25 22:41:37.663: [INFO] BookmarkNodeAdded, ABU: 0
2025-06-25 22:41:37.663: [INFO] BookmarkNodeAdded, ABU: 0
2025-06-25 22:41:37.663: [INFO] BookmarkNodeAdded, ABU: 0
2025-06-25 22:41:37.663: [INFO] BookmarkNodeAdded, ABU: 0
2025-06-25 22:41:37.663: [INFO] BookmarkNodeAdded, ABU: 0
2025-06-25 22:41:37.663: [INFO] BookmarkNodeAdded, ABU: 0
2025-06-25 22:41:37.663: [INFO] BookmarkNodeAdded, ABU: 0
2025-06-25 22:41:37.663: [INFO] BookmarkNodeAdded, ABU: 0
2025-06-25 22:41:37.663: [INFO] BookmarkNodeAdded, ABU: 0
2025-06-25 22:41:37.663: [INFO] BookmarkNodeAdded, ABU: 0
2025-06-25 22:41:37.663: [INFO] BookmarkNodeAdded, ABU: 0
2025-06-25 22:41:37.663: [INFO] BookmarkNodeAdded, ABU: 0
2025-06-25 22:41:37.663: [INFO] BookmarkNodeAdded, ABU: 0
2025-06-25 22:41:37.663: [INFO] BookmarkNodeAdded, ABU: 0
2025-06-25 22:41:37.663: [INFO] BookmarkNodeAdded, ABU: 0
2025-06-25 22:41:37.664: [INFO] BookmarkNodeAdded, ABU: 0
2025-06-25 22:41:37.664: [INFO] BookmarkNodeAdded, ABU: 0
2025-06-25 22:41:37.664: [INFO] BookmarkNodeAdded, ABU: 0
2025-06-25 22:41:37.664: [INFO] BookmarkNodeAdded, ABU: 0
2025-06-25 22:41:37.664: [INFO] BookmarkNodeAdded, ABU: 0
2025-06-25 22:41:37.664: [INFO] BookmarkNodeAdded, ABU: 0
2025-06-25 22:41:37.664: [INFO] BookmarkNodeAdded, ABU: 0
2025-06-25 22:41:37.664: [INFO] BookmarkNodeAdded, ABU: 0
2025-06-25 22:41:37.664: [INFO] BookmarkNodeAdded, ABU: 0
2025-06-25 22:41:37.664: [INFO] BookmarkNodeAdded, ABU: 0
2025-06-25 22:41:37.664: [INFO] BookmarkNodeAdded, ABU: 0
2025-06-25 22:41:37.664: [INFO] BookmarkNodeAdded, ABU: 0
2025-06-25 22:41:37.664: [INFO] BookmarkNodeAdded, ABU: 0
2025-06-25 22:41:37.664: [INFO] BookmarkNodeAdded, ABU: 0
2025-06-25 22:41:37.664: [INFO] BookmarkNodeAdded, ABU: 0
2025-06-25 22:41:37.664: [INFO] BookmarkNodeAdded, ABU: 0
2025-06-25 22:41:37.664: [INFO] BookmarkNodeAdded, ABU: 0
2025-06-25 22:41:37.664: [INFO] BookmarkNodeAdded, ABU: 0
2025-06-25 22:41:37.664: [INFO] BookmarkNodeAdded, ABU: 0
2025-06-25 22:41:37.664: [INFO] BookmarkNodeAdded, ABU: 0
2025-06-25 22:41:37.664: [INFO] BookmarkNodeAdded, ABU: 0
2025-06-25 22:41:37.664: [INFO] BookmarkNodeAdded, ABU: 0
2025-06-25 22:41:37.664: [INFO] BookmarkNodeAdded, ABU: 0
2025-06-25 22:41:37.664: [INFO] BookmarkNodeAdded, ABU: 0
2025-06-25 22:41:37.664: [INFO] BookmarkNodeAdded, ABU: 0
2025-06-25 22:41:37.664: [INFO] BookmarkNodeAdded, ABU: 0
2025-06-25 22:41:37.664: [INFO] BookmarkNodeAdded, ABU: 0
2025-06-25 22:41:37.664: [INFO] BookmarkNodeAdded, ABU: 0
2025-06-25 22:41:37.664: [INFO] BookmarkNodeAdded, ABU: 0
2025-06-25 22:41:37.664: [INFO] BookmarkNodeAdded, ABU: 0
2025-06-25 22:41:37.664: [INFO] BookmarkNodeAdded, ABU: 0
2025-06-25 22:41:37.664: [INFO] BookmarkNodeAdded, ABU: 0
2025-06-25 22:41:37.664: [INFO] BookmarkNodeAdded, ABU: 0
2025-06-25 22:41:37.664: [INFO] BookmarkNodeAdded, ABU: 0
2025-06-25 22:41:37.664: [INFO] BookmarkNodeAdded, ABU: 0
2025-06-25 22:41:37.664: [INFO] BookmarkNodeAdded, ABU: 0
2025-06-25 22:41:37.664: [INFO] BookmarkNodeAdded, ABU: 0
2025-06-25 22:41:37.664: [INFO] BookmarkNodeAdded, ABU: 0
2025-06-25 22:41:37.664: [INFO] BookmarkNodeAdded, ABU: 0
2025-06-25 22:41:37.664: [INFO] BookmarkNodeAdded, ABU: 0
2025-06-25 22:41:37.664: [INFO] BookmarkNodeAdded, ABU: 0
2025-06-25 22:41:37.665: [INFO] BookmarkNodeAdded, ABU: 0
2025-06-25 22:41:37.665: [INFO] BookmarkNodeAdded, ABU: 0
2025-06-25 22:41:37.665: [INFO] BookmarkNodeAdded, ABU: 0
2025-06-25 22:41:37.665: [INFO] BookmarkNodeAdded, ABU: 0
2025-06-25 22:41:37.665: [INFO] BookmarkNodeAdded, ABU: 0
2025-06-25 22:41:37.665: [INFO] BookmarkNodeAdded, ABU: 0
2025-06-25 22:41:37.665: [INFO] BookmarkNodeAdded, ABU: 0
2025-06-25 22:41:37.665: [INFO] BookmarkNodeAdded, ABU: 0
2025-06-25 22:41:37.665: [INFO] BookmarkNodeAdded, ABU: 0
2025-06-25 22:41:37.665: [INFO] BookmarkNodeAdded, ABU: 0
2025-06-25 22:41:37.665: [INFO] BookmarkNodeAdded, ABU: 0
2025-06-25 22:41:37.665: [INFO] BookmarkNodeAdded, ABU: 0
2025-06-25 22:41:37.665: [INFO] BookmarkNodeAdded, ABU: 0
2025-06-25 22:41:37.665: [INFO] BookmarkNodeAdded, ABU: 0
2025-06-25 22:41:37.665: [INFO] BookmarkNodeAdded, ABU: 0
2025-06-25 22:41:37.665: [INFO] BookmarkNodeAdded, ABU: 0
2025-06-25 22:41:37.665: [INFO] BookmarkNodeAdded, ABU: 0
2025-06-25 22:41:37.665: [INFO] BookmarkNodeAdded, ABU: 0
2025-06-25 22:41:37.665: [INFO] BookmarkNodeAdded, ABU: 0
2025-06-25 22:41:37.665: [INFO] BookmarkNodeAdded, ABU: 0
2025-06-25 22:41:37.665: [INFO] BookmarkNodeAdded, ABU: 0
2025-06-25 22:41:37.665: [INFO] BookmarkNodeAdded, ABU: 0
2025-06-25 22:41:37.665: [INFO] BookmarkNodeAdded, ABU: 0
2025-06-25 22:41:37.665: [INFO] BookmarkNodeAdded, ABU: 0
2025-06-25 22:41:37.665: [INFO] BookmarkNodeAdded, ABU: 0
2025-06-25 22:41:37.665: [INFO] BookmarkNodeAdded, ABU: 0
2025-06-25 22:41:37.665: [INFO] BookmarkNodeAdded, ABU: 0
2025-06-25 22:41:37.665: [INFO] BookmarkNodeAdded, ABU: 0
2025-06-25 22:41:37.665: [INFO] BookmarkNodeAdded, ABU: 0
2025-06-25 22:41:37.665: [INFO] BookmarkNodeAdded, ABU: 0
2025-06-25 22:41:37.665: [INFO] BookmarkNodeAdded, ABU: 0
2025-06-25 22:41:37.665: [INFO] BookmarkNodeAdded, ABU: 0
2025-06-25 22:41:37.665: [INFO] BookmarkNodeAdded, ABU: 0
2025-06-25 22:41:37.665: [INFO] BookmarkNodeAdded, ABU: 0
2025-06-25 22:41:37.665: [INFO] BookmarkNodeAdded, ABU: 0
2025-06-25 22:41:37.665: [INFO] BookmarkNodeAdded, ABU: 0
2025-06-25 22:41:37.665: [INFO] BookmarkNodeAdded, ABU: 0
2025-06-25 22:41:37.665: [INFO] BookmarkNodeAdded, ABU: 0
2025-06-25 22:41:37.665: [INFO] BookmarkNodeAdded, ABU: 0
2025-06-25 22:41:37.665: [INFO] BookmarkNodeAdded, ABU: 0
2025-06-25 22:41:37.665: [INFO] BookmarkNodeAdded, ABU: 0
2025-06-25 22:41:37.665: [INFO] BookmarkNodeAdded, ABU: 0
2025-06-25 22:41:37.665: [INFO] BookmarkNodeAdded, ABU: 0
2025-06-25 22:41:37.665: [INFO] BookmarkNodeAdded, ABU: 0
2025-06-25 22:41:37.665: [INFO] BookmarkNodeAdded, ABU: 0
2025-06-25 22:41:37.666: [INFO] BookmarkNodeAdded, ABU: 0
2025-06-25 22:41:37.666: [INFO] BookmarkNodeAdded, ABU: 0
2025-06-25 22:41:37.666: [INFO] BookmarkNodeAdded, ABU: 0
2025-06-25 22:41:37.666: [INFO] BookmarkNodeAdded, ABU: 0
2025-06-25 22:41:37.666: [INFO] BookmarkNodeAdded, ABU: 0
2025-06-25 22:41:37.666: [INFO] BookmarkNodeAdded, ABU: 0
2025-06-25 22:41:37.666: [INFO] BookmarkNodeAdded, ABU: 0
2025-06-25 22:41:37.666: [INFO] BookmarkNodeAdded, ABU: 0
2025-06-25 22:41:37.666: [INFO] BookmarkNodeAdded, ABU: 0
2025-06-25 22:41:37.666: [INFO] BookmarkNodeAdded, ABU: 0
2025-06-25 22:41:37.666: [INFO] BookmarkNodeAdded, ABU: 0
2025-06-25 22:41:37.666: [INFO] BookmarkNodeAdded, ABU: 0
2025-06-25 22:41:37.666: [INFO] BookmarkNodeAdded, ABU: 0
2025-06-25 22:41:37.666: [INFO] BookmarkNodeAdded, ABU: 0
2025-06-25 22:41:37.666: [INFO] BookmarkNodeAdded, ABU: 0
2025-06-25 22:41:37.666: [INFO] BookmarkNodeAdded, ABU: 0
2025-06-25 22:41:37.666: [INFO] BookmarkNodeAdded, ABU: 0
2025-06-25 22:41:37.666: [INFO] BookmarkNodeAdded, ABU: 0
2025-06-25 22:41:37.666: [INFO] BookmarkNodeAdded, ABU: 0
2025-06-25 22:41:37.666: [INFO] BookmarkNodeAdded, ABU: 0
2025-06-25 22:41:37.666: [INFO] BookmarkNodeAdded, ABU: 0
2025-06-25 22:41:37.666: [INFO] BookmarkNodeAdded, ABU: 0
2025-06-25 22:41:37.666: [INFO] BookmarkNodeAdded, ABU: 0
2025-06-25 22:41:37.666: [INFO] BookmarkNodeAdded, ABU: 0
2025-06-25 22:41:37.666: [INFO] BookmarkNodeAdded, ABU: 0
2025-06-25 22:41:37.666: [INFO] BookmarkNodeAdded, ABU: 0
2025-06-25 22:41:37.666: [INFO] BookmarkNodeAdded, ABU: 0
2025-06-25 22:41:37.666: [INFO] BookmarkNodeAdded, ABU: 0
2025-06-25 22:41:37.666: [INFO] BookmarkNodeAdded, ABU: 0
2025-06-25 22:41:37.666: [INFO] BookmarkNodeAdded, ABU: 0
2025-06-25 22:41:37.666: [INFO] BookmarkNodeAdded, ABU: 0
2025-06-25 22:41:37.666: [INFO] BookmarkNodeAdded, ABU: 0
2025-06-25 22:41:37.666: [INFO] BookmarkNodeAdded, ABU: 0
2025-06-25 22:41:37.666: [INFO] BookmarkNodeAdded, ABU: 0
2025-06-25 22:41:37.666: [INFO] BookmarkNodeAdded, ABU: 0
2025-06-25 22:41:37.666: [INFO] BookmarkNodeAdded, ABU: 0
2025-06-25 22:41:37.666: [INFO] BookmarkNodeAdded, ABU: 0
2025-06-25 22:41:37.666: [INFO] BookmarkNodeAdded, ABU: 0
2025-06-25 22:41:37.666: [INFO] BookmarkNodeAdded, ABU: 0
2025-06-25 22:41:37.666: [INFO] BookmarkNodeAdded, ABU: 0
2025-06-25 22:41:37.666: [INFO] BookmarkNodeAdded, ABU: 0
2025-06-25 22:41:37.667: [INFO] BookmarkNodeAdded, ABU: 0
2025-06-25 22:41:37.667: [INFO] BookmarkNodeAdded, ABU: 0
2025-06-25 22:41:37.667: [INFO] BookmarkNodeAdded, ABU: 0
2025-06-25 22:41:37.667: [INFO] BookmarkNodeAdded, ABU: 0
2025-06-25 22:41:37.667: [INFO] BookmarkNodeAdded, ABU: 0
2025-06-25 22:41:37.667: [INFO] BookmarkNodeAdded, ABU: 0
2025-06-25 22:41:37.667: [INFO] BookmarkNodeAdded, ABU: 0
2025-06-25 22:41:37.667: [INFO] BookmarkNodeAdded, ABU: 0
2025-06-25 22:41:37.667: [INFO] BookmarkNodeAdded, ABU: 0
2025-06-25 22:41:37.667: [INFO] BookmarkNodeAdded, ABU: 0
2025-06-25 22:41:37.667: [INFO] BookmarkNodeAdded, ABU: 0
2025-06-25 22:41:37.667: [INFO] BookmarkNodeAdded, ABU: 0
2025-06-25 22:41:37.667: [INFO] BookmarkNodeAdded, ABU: 0
2025-06-25 22:41:37.667: [INFO] BookmarkNodeAdded, ABU: 0
2025-06-25 22:41:37.667: [INFO] BookmarkNodeAdded, ABU: 0
2025-06-25 22:41:37.667: [INFO] BookmarkNodeAdded, ABU: 0
2025-06-25 22:41:37.667: [INFO] BookmarkNodeAdded, ABU: 0
2025-06-25 22:41:37.667: [INFO] BookmarkNodeAdded, ABU: 0
2025-06-25 22:41:37.667: [INFO] BookmarkNodeAdded, ABU: 0
2025-06-25 22:41:37.667: [INFO] BookmarkNodeAdded, ABU: 0
2025-06-25 22:41:37.667: [INFO] BookmarkNodeAdded, ABU: 0
2025-06-25 22:41:37.667: [INFO] BookmarkNodeAdded, ABU: 0
2025-06-25 22:41:37.667: [INFO] BookmarkNodeAdded, ABU: 0
2025-06-25 22:41:37.667: [INFO] BookmarkNodeAdded, ABU: 0
2025-06-25 22:41:37.667: [INFO] BookmarkNodeAdded, ABU: 0
2025-06-25 22:41:37.667: [INFO] BookmarkNodeAdded, ABU: 0
2025-06-25 22:41:37.667: [INFO] BookmarkNodeAdded, ABU: 0
2025-06-25 22:41:37.667: [INFO] BookmarkNodeAdded, ABU: 0
2025-06-25 22:41:37.667: [INFO] BookmarkNodeAdded, ABU: 0
2025-06-25 22:41:37.667: [INFO] BookmarkNodeAdded, ABU: 0
2025-06-25 22:41:37.667: [INFO] BookmarkNodeAdded, ABU: 0
2025-06-25 22:41:37.667: [INFO] BookmarkNodeAdded, ABU: 0
2025-06-25 22:41:37.667: [INFO] BookmarkNodeAdded, ABU: 0
2025-06-25 22:41:37.667: [INFO] BookmarkNodeAdded, ABU: 0
2025-06-25 22:41:37.667: [INFO] BookmarkNodeAdded, ABU: 0
2025-06-25 22:41:37.667: [INFO] BookmarkNodeAdded, ABU: 0
2025-06-25 22:41:37.667: [INFO] BookmarkNodeAdded, ABU: 0
2025-06-25 22:41:37.667: [INFO] BookmarkNodeAdded, ABU: 0
2025-06-25 22:41:37.667: [INFO] BookmarkNodeAdded, ABU: 0
2025-06-25 22:41:37.667: [INFO] BookmarkNodeAdded, ABU: 0
2025-06-25 22:41:37.667: [INFO] BookmarkNodeAdded, ABU: 0
2025-06-25 22:41:37.668: [INFO] BookmarkNodeAdded, ABU: 0
2025-06-25 22:41:37.668: [INFO] BookmarkNodeAdded, ABU: 0
2025-06-25 22:41:37.668: [INFO] BookmarkNodeAdded, ABU: 0
2025-06-25 22:41:37.668: [INFO] BookmarkNodeAdded, ABU: 0
2025-06-25 22:41:37.668: [INFO] BookmarkNodeAdded, ABU: 0
2025-06-25 22:41:37.668: [INFO] BookmarkNodeAdded, ABU: 0
2025-06-25 22:41:37.668: [INFO] BookmarkNodeAdded, ABU: 0
2025-06-25 22:41:37.668: [INFO] BookmarkNodeAdded, ABU: 0
2025-06-25 22:41:37.668: [INFO] BookmarkNodeAdded, ABU: 0
2025-06-25 22:41:37.668: [INFO] BookmarkNodeAdded, ABU: 0
2025-06-25 22:41:37.668: [INFO] BookmarkNodeAdded, ABU: 0
2025-06-25 22:41:37.668: [INFO] BookmarkNodeAdded, ABU: 0
2025-06-25 22:41:37.668: [INFO] BookmarkNodeAdded, ABU: 0
2025-06-25 22:41:37.668: [INFO] BookmarkNodeAdded, ABU: 0
2025-06-25 22:41:37.668: [INFO] BookmarkNodeAdded, ABU: 0
2025-06-25 22:41:37.668: [INFO] BookmarkNodeAdded, ABU: 0
2025-06-25 22:41:37.668: [INFO] BookmarkNodeAdded, ABU: 0
2025-06-25 22:41:37.668: [INFO] BookmarkNodeAdded, ABU: 0
2025-06-25 22:41:37.668: [INFO] BookmarkNodeAdded, ABU: 0
2025-06-25 22:41:37.668: [INFO] BookmarkNodeAdded, ABU: 0
2025-06-25 22:41:37.668: [INFO] BookmarkNodeAdded, ABU: 0
2025-06-25 22:41:37.668: [INFO] BookmarkNodeAdded, ABU: 0
2025-06-25 22:41:37.668: [INFO] BookmarkNodeAdded, ABU: 0
2025-06-25 22:41:37.668: [INFO] BookmarkNodeAdded, ABU: 0
2025-06-25 22:41:37.668: [INFO] BookmarkNodeAdded, ABU: 0
2025-06-25 22:41:37.668: [INFO] BookmarkNodeAdded, ABU: 0
2025-06-25 22:41:37.668: [INFO] BookmarkNodeAdded, ABU: 0
2025-06-25 22:41:37.668: [INFO] BookmarkNodeAdded, ABU: 0
2025-06-25 22:41:37.668: [INFO] BookmarkNodeAdded, ABU: 0
2025-06-25 22:41:37.668: [INFO] BookmarkNodeAdded, ABU: 0
2025-06-25 22:41:37.668: [INFO] BookmarkNodeAdded, ABU: 0
2025-06-25 22:41:37.668: [INFO] BookmarkNodeAdded, ABU: 0
2025-06-25 22:41:37.668: [INFO] BookmarkNodeAdded, ABU: 0
2025-06-25 22:41:37.668: [INFO] BookmarkNodeAdded, ABU: 0
2025-06-25 22:41:37.668: [INFO] BookmarkNodeAdded, ABU: 0
2025-06-25 22:41:37.668: [INFO] BookmarkNodeAdded, ABU: 0
2025-06-25 22:41:37.668: [INFO] BookmarkNodeAdded, ABU: 0
2025-06-25 22:41:37.668: [INFO] BookmarkNodeAdded, ABU: 0
2025-06-25 22:41:37.668: [INFO] BookmarkNodeAdded, ABU: 0
2025-06-25 22:41:37.668: [INFO] BookmarkNodeAdded, ABU: 0
2025-06-25 22:41:37.669: [INFO] BookmarkNodeAdded, ABU: 0
2025-06-25 22:41:37.669: [INFO] BookmarkNodeAdded, ABU: 0
2025-06-25 22:41:37.669: [INFO] BookmarkNodeAdded, ABU: 0
2025-06-25 22:41:37.669: [INFO] BookmarkNodeAdded, ABU: 0
2025-06-25 22:41:37.669: [INFO] BookmarkNodeAdded, ABU: 0
2025-06-25 22:41:37.669: [INFO] BookmarkNodeAdded, ABU: 0
2025-06-25 22:41:37.669: [INFO] BookmarkNodeAdded, ABU: 0
2025-06-25 22:41:37.669: [INFO] BookmarkNodeAdded, ABU: 0
2025-06-25 22:41:37.669: [INFO] BookmarkNodeAdded, ABU: 0
2025-06-25 22:41:37.669: [INFO] BookmarkNodeAdded, ABU: 0
2025-06-25 22:41:37.669: [INFO] BookmarkNodeAdded, ABU: 0
2025-06-25 22:41:37.669: [INFO] BookmarkNodeAdded, ABU: 0
2025-06-25 22:41:37.669: [INFO] BookmarkNodeAdded, ABU: 0
2025-06-25 22:41:37.669: [INFO] BookmarkNodeAdded, ABU: 0
2025-06-25 22:41:37.669: [INFO] BookmarkNodeAdded, ABU: 0
2025-06-25 22:41:37.669: [INFO] BookmarkNodeAdded, ABU: 0
2025-06-25 22:41:37.669: [INFO] BookmarkNodeAdded, ABU: 0
2025-06-25 22:41:37.669: [INFO] BookmarkNodeAdded, ABU: 0
2025-06-25 22:41:37.669: [INFO] BookmarkNodeAdded, ABU: 0
2025-06-25 22:41:37.669: [INFO] BookmarkNodeAdded, ABU: 0
2025-06-25 22:41:37.669: [INFO] BookmarkNodeAdded, ABU: 0
2025-06-25 22:41:37.669: [INFO] BookmarkNodeAdded, ABU: 0
2025-06-25 22:41:37.669: [INFO] BookmarkNodeAdded, ABU: 0
2025-06-25 22:41:37.669: [INFO] BookmarkNodeAdded, ABU: 0
2025-06-25 22:41:37.669: [INFO] BookmarkNodeAdded, ABU: 0
2025-06-25 22:41:37.669: [INFO] BookmarkNodeAdded, ABU: 0
2025-06-25 22:41:37.669: [INFO] BookmarkNodeAdded, ABU: 0
2025-06-25 22:41:37.669: [INFO] BookmarkNodeAdded, ABU: 0
2025-06-25 22:41:37.669: [INFO] BookmarkNodeAdded, ABU: 0
2025-06-25 22:41:37.669: [INFO] BookmarkNodeAdded, ABU: 0
2025-06-25 22:41:37.669: [INFO] BookmarkNodeAdded, ABU: 0
2025-06-25 22:41:37.669: [INFO] BookmarkNodeAdded, ABU: 0
2025-06-25 22:41:37.669: [INFO] BookmarkNodeAdded, ABU: 0
2025-06-25 22:41:37.669: [INFO] BookmarkNodeAdded, ABU: 0
2025-06-25 22:41:37.669: [INFO] BookmarkNodeAdded, ABU: 0
2025-06-25 22:41:37.669: [INFO] BookmarkNodeAdded, ABU: 0
2025-06-25 22:41:37.669: [INFO] BookmarkNodeAdded, ABU: 0
2025-06-25 22:41:37.669: [INFO] BookmarkNodeAdded, ABU: 0
2025-06-25 22:41:37.669: [INFO] BookmarkNodeAdded, ABU: 0
2025-06-25 22:41:37.670: [INFO] BookmarkNodeAdded, ABU: 0
2025-06-25 22:41:37.670: [INFO] BookmarkNodeAdded, ABU: 0
2025-06-25 22:41:37.670: [INFO] BookmarkNodeAdded, ABU: 0
2025-06-25 22:41:37.670: [INFO] BookmarkNodeAdded, ABU: 0
2025-06-25 22:41:37.670: [INFO] BookmarkNodeAdded, ABU: 0
2025-06-25 22:41:37.670: [INFO] BookmarkNodeAdded, ABU: 0
2025-06-25 22:41:37.670: [INFO] BookmarkNodeAdded, ABU: 0
2025-06-25 22:41:37.670: [INFO] BookmarkNodeAdded, ABU: 0
2025-06-25 22:41:37.670: [INFO] BookmarkNodeAdded, ABU: 0
2025-06-25 22:41:37.670: [INFO] BookmarkNodeAdded, ABU: 0
2025-06-25 22:41:37.670: [INFO] BookmarkNodeAdded, ABU: 0
2025-06-25 22:41:37.670: [INFO] BookmarkNodeAdded, ABU: 0
2025-06-25 22:41:37.670: [INFO] BookmarkNodeAdded, ABU: 0
2025-06-25 22:41:54.444: [INFO] Sync initialization duration: 24841ms
2025-06-25 22:48:29.199: [INFO] OnDoneLoading sync enabled: 1
2025-06-25 22:48:30.093: [INFO] Sync initialization duration: 36ms
2025-06-25 22:51:48.534: [INFO] VisibilityChanged: 0
2025-06-25 22:53:25.690: [INFO] OnDoneLoading sync enabled: 1
2025-06-25 22:53:26.893: [INFO] Sync initialization duration: 42ms
2025-06-25 22:53:27.911: [INFO] VisibilityChanged: 0
2025-06-25 22:53:52.020: [INFO] OnDoneLoading sync enabled: 1
2025-06-25 22:53:52.903: [INFO] Sync initialization duration: 41ms
2025-06-25 23:02:44.657: [INFO] BookmarkNodeAdded, ABU: 0
2025-06-25 23:07:09.096: [INFO] BookmarkNodeAdded, ABU: 0
2025-06-25 23:41:36.260: [INFO] BookmarkNodeAdded, ABU: 0
2025-06-26 00:23:41.659: [INFO] VisibilityChanged: 0
2025-06-26 00:23:48.353: [INFO] VisibilityChanged: 1
2025-06-26 00:24:16.053: [INFO] VisibilityChanged: 0
2025-06-26 00:24:17.733: [INFO] VisibilityChanged: 1
2025-06-26 00:42:31.535: [INFO] VisibilityChanged: 0
2025-06-26 00:42:58.664: [INFO] VisibilityChanged: 0
2025-06-26 00:43:06.663: [INFO] VisibilityChanged: 1
2025-06-26 00:43:08.138: [INFO] VisibilityChanged: 0
2025-06-26 01:21:15.979: [INFO] VisibilityChanged: 1
2025-06-26 11:57:23.576: [INFO] OnDoneLoading sync enabled: 1
2025-06-26 11:57:24.612: [INFO] Sync initialization duration: 29ms
2025-06-26 11:57:33.374: [INFO] VisibilityChanged: 0
2025-06-26 12:24:59.294: [INFO] VisibilityChanged: 0
2025-06-26 12:25:47.885: [INFO] VisibilityChanged: 1
2025-06-26 12:26:03.599: [INFO] VisibilityChanged: 0
2025-06-26 12:27:51.608: [INFO] VisibilityChanged: 1
2025-06-26 12:28:13.468: [INFO] VisibilityChanged: 0
2025-06-26 12:33:35.762: [INFO] VisibilityChanged: 1
2025-06-26 12:33:46.989: [INFO] VisibilityChanged: 0
2025-06-26 12:39:05.134: [INFO] VisibilityChanged: 1
2025-06-26 16:39:36.762: [INFO] VisibilityChanged: 0
2025-06-26 16:40:28.369: [INFO] VisibilityChanged: 1
2025-06-26 16:40:35.673: [INFO] VisibilityChanged: 0
2025-06-26 16:40:37.748: [INFO] VisibilityChanged: 1
2025-06-26 17:27:35.215: [INFO] VisibilityChanged: 0
2025-06-26 23:04:45.946: [INFO] VisibilityChanged: 0
2025-06-26 23:24:27.391: [INFO] VisibilityChanged: 0
2025-06-26 23:24:30.446: [INFO] VisibilityChanged: 1
2025-06-26 23:24:31.105: [INFO] VisibilityChanged: 0
2025-06-26 23:25:00.015: [INFO] VisibilityChanged: 1
2025-06-26 23:25:06.680: [INFO] VisibilityChanged: 0
2025-06-27 01:07:51.032: [INFO] VisibilityChanged: 1
2025-06-27 02:34:58.563: [INFO] VisibilityChanged: 0
2025-06-27 02:35:06.021: [INFO] VisibilityChanged: 0
2025-06-27 05:26:15.517: [INFO] OnDoneLoading sync enabled: 1
2025-06-27 05:26:16.619: [INFO] Sync initialization duration: 14ms
2025-06-27 05:26:51.506: [INFO] VisibilityChanged: 0
2025-06-27 05:29:33.591: [INFO] VisibilityChanged: 0
2025-06-27 05:52:49.373: [INFO] VisibilityChanged: 1
2025-06-27 05:56:41.495: [INFO] VisibilityChanged: 0
2025-06-27 05:56:54.397: [INFO] VisibilityChanged: 1
2025-06-27 05:56:57.818: [INFO] VisibilityChanged: 0
2025-06-27 05:57:07.557: [INFO] VisibilityChanged: 1
2025-06-27 08:38:40.696: [INFO] VisibilityChanged: 0
2025-06-27 08:39:07.207: [INFO] VisibilityChanged: 1
2025-06-27 19:52:54.349: [INFO] VisibilityChanged: 0
2025-06-27 19:58:13.322: [INFO] VisibilityChanged: 1
2025-06-27 20:00:10.637: [INFO] VisibilityChanged: 0
2025-06-27 20:04:14.027: [INFO] VisibilityChanged: 1
2025-06-28 00:23:03.128: [INFO] OnDoneLoading sync enabled: 1
2025-06-28 00:23:04.633: [INFO] Sync initialization duration: 33ms
2025-07-01 15:40:48.078: [INFO] OnDoneLoading sync enabled: 1
2025-07-01 15:40:53.091: [INFO] VisibilityChanged: 0
2025-07-01 15:40:53.446: [INFO] VisibilityChanged: 0
2025-07-01 15:40:56.177: [INFO] Sync initialization duration: 5ms
2025-07-01 15:51:29.419: [INFO] VisibilityChanged: 0
2025-07-01 15:52:23.266: [INFO] VisibilityChanged: 1
2025-07-01 15:53:02.159: [INFO] VisibilityChanged: 0
2025-07-01 15:55:52.081: [INFO] VisibilityChanged: 1
2025-07-01 16:38:33.883: [INFO] VisibilityChanged: 0
2025-07-01 16:39:29.685: [INFO] VisibilityChanged: 1
2025-07-01 16:39:40.880: [INFO] VisibilityChanged: 0
2025-07-01 16:46:38.645: [INFO] VisibilityChanged: 1
2025-07-02 00:41:11.989: [INFO] OnDoneLoading sync enabled: 1
2025-07-02 00:41:12.671: [INFO] Sync initialization duration: 10ms
2025-07-02 00:57:27.754: [INFO] VisibilityChanged: 0
2025-07-02 00:57:57.099: [INFO] VisibilityChanged: 1
2025-07-02 01:10:02.086: [INFO] VisibilityChanged: 0
2025-07-02 01:10:19.407: [INFO] VisibilityChanged: 1
2025-07-02 01:15:14.351: [INFO] VisibilityChanged: 0
2025-07-02 01:15:27.268: [INFO] VisibilityChanged: 1
2025-07-02 01:21:43.644: [INFO] VisibilityChanged: 0
2025-07-02 01:21:54.975: [INFO] VisibilityChanged: 1
2025-07-02 01:27:50.585: [INFO] VisibilityChanged: 0
2025-07-02 02:20:37.441: [INFO] VisibilityChanged: 0
2025-07-02 02:27:22.948: [INFO] VisibilityChanged: 1
2025-07-02 02:56:17.576: [INFO] VisibilityChanged: 0
2025-07-02 02:56:20.199: [INFO] VisibilityChanged: 1
2025-07-02 03:02:59.365: [INFO] VisibilityChanged: 0
2025-07-02 03:04:14.618: [INFO] VisibilityChanged: 1
2025-07-02 03:10:02.361: [INFO] VisibilityChanged: 0
2025-07-02 03:10:13.484: [INFO] VisibilityChanged: 1
2025-07-02 03:17:40.884: [INFO] VisibilityChanged: 0
2025-07-02 16:22:10.030: [INFO] OnDoneLoading sync enabled: 1
2025-07-02 16:22:11.153: [INFO] Sync initialization duration: 26ms
2025-07-02 16:33:52.293: [INFO] VisibilityChanged: 0
2025-07-02 16:34:35.180: [INFO] VisibilityChanged: 1
2025-07-02 16:35:12.525: [INFO] VisibilityChanged: 0
2025-07-02 16:35:18.180: [INFO] VisibilityChanged: 1
2025-07-02 17:40:32.830: [INFO] VisibilityChanged: 0
2025-07-02 17:41:08.760: [INFO] VisibilityChanged: 1
2025-07-02 17:53:07.277: [INFO] VisibilityChanged: 0
2025-07-02 18:47:06.020: [INFO] VisibilityChanged: 0
2025-07-02 18:55:28.151: [INFO] VisibilityChanged: 1
2025-07-02 18:55:36.201: [INFO] VisibilityChanged: 0
2025-07-02 21:48:46.304: [INFO] VisibilityChanged: 0
2025-07-02 21:51:12.274: [INFO] VisibilityChanged: 1
2025-07-02 21:51:20.227: [INFO] VisibilityChanged: 0
2025-07-02 21:55:37.035: [INFO] VisibilityChanged: 1
2025-07-02 21:55:46.467: [INFO] VisibilityChanged: 0
2025-07-02 21:57:14.315: [INFO] VisibilityChanged: 1
2025-07-02 22:07:12.897: [INFO] VisibilityChanged: 0
2025-07-02 22:18:56.615: [INFO] VisibilityChanged: 0
2025-07-02 22:36:38.095: [INFO] VisibilityChanged: 0
2025-07-02 23:31:17.132: [INFO] VisibilityChanged: 0
2025-07-03 23:13:48.420: [INFO] OnDoneLoading sync enabled: 1
2025-07-03 23:13:49.886: [INFO] Sync initialization duration: 23ms
2025-07-03 23:14:49.565: [INFO] VisibilityChanged: 0
2025-07-03 23:14:54.445: [INFO] VisibilityChanged: 1
2025-07-03 23:25:51.262: [INFO] VisibilityChanged: 0
2025-07-03 23:33:56.561: [INFO] VisibilityChanged: 0
2025-07-04 00:33:35.187: [INFO] VisibilityChanged: 0
2025-07-04 16:49:36.910: [INFO] OnDoneLoading sync enabled: 1
2025-07-04 16:49:38.384: [INFO] Sync initialization duration: 16ms
2025-07-04 16:50:23.365: [INFO] VisibilityChanged: 0
2025-07-04 16:54:18.018: [INFO] VisibilityChanged: 0
2025-07-04 16:54:48.513: [INFO] VisibilityChanged: 1
2025-07-04 16:55:43.266: [INFO] OnDoneLoading sync enabled: 1
2025-07-04 16:55:43.648: [INFO] Sync initialization duration: 13ms
2025-07-04 22:28:30.664: [INFO] VisibilityChanged: 0
2025-07-04 22:34:20.174: [INFO] VisibilityChanged: 0
2025-07-04 22:35:13.732: [INFO] VisibilityChanged: 0
2025-07-04 22:35:13.736: [INFO] VisibilityChanged: 0
2025-07-04 22:35:13.744: [INFO] VisibilityChanged: 0
2025-07-04 22:38:11.326: [INFO] VisibilityChanged: 0
2025-07-04 23:02:29.677: [INFO] VisibilityChanged: 0
2025-07-06 20:53:31.831: [INFO] VisibilityChanged: 0
2025-07-06 20:53:32.241: [INFO] BookmarkModelLoaded, ids_reassigned: 0
2025-07-06 20:53:32.241: [INFO] OnDoneLoading sync enabled: 1
2025-07-06 20:53:36.253: [INFO] Sync initialization duration: 88ms
2025-07-06 20:53:38.169: [INFO] VisibilityChanged: 1
2025-07-06 21:07:58.258: [INFO] VisibilityChanged: 0
2025-07-06 21:07:59.386: [INFO] OnDoneLoading sync enabled: 1
2025-07-06 21:07:59.694: [INFO] Sync initialization duration: 9ms
2025-07-06 21:36:18.735: [INFO] VisibilityChanged: 0
2025-07-06 21:36:26.365: [INFO] VisibilityChanged: 1
2025-07-07 03:16:11.130: [INFO] VisibilityChanged: 0
2025-07-07 10:43:39.968: [INFO] VisibilityChanged: 0
2025-07-07 10:46:08.855: [INFO] VisibilityChanged: 0
2025-07-07 13:27:20.635: [INFO] OnDoneLoading sync enabled: 1
2025-07-07 13:27:25.064: [INFO] Sync initialization duration: 3573ms
2025-07-07 15:25:06.567: [INFO] VisibilityChanged: 0
2025-07-07 16:56:24.559: [INFO] VisibilityChanged: 0
2025-07-07 17:16:53.739: [INFO] OnDoneLoading sync enabled: 1
2025-07-07 17:16:54.844: [INFO] Sync initialization duration: 79ms
2025-07-07 17:29:14.242: [INFO] VisibilityChanged: 0
2025-07-07 19:04:42.973: [INFO] VisibilityChanged: 0
2025-07-07 19:14:24.365: [INFO] VisibilityChanged: 1
2025-07-07 20:08:13.937: [INFO] OnDoneLoading sync enabled: 1
2025-07-07 20:08:15.903: [INFO] Sync initialization duration: 148ms
2025-07-07 20:24:41.981: [INFO] VisibilityChanged: 0
2025-07-07 20:24:43.917: [INFO] VisibilityChanged: 1
2025-07-07 20:34:36.637: [INFO] VisibilityChanged: 0
2025-07-07 20:34:37.695: [INFO] VisibilityChanged: 1
2025-07-07 21:03:58.094: [INFO] BookmarkNodeAdded, ABU: 1
2025-07-07 21:04:02.738: [INFO] Remove, DeletionOrigin: 4
2025-07-07 21:04:02.739: [INFO] BookmarkNodeRemoved, Url: 1, IsFolder: 0, IsWorkspace: 0
2025-07-07 21:08:17.551: [INFO] VisibilityChanged: 0
2025-07-07 21:08:17.919: [INFO] VisibilityChanged: 0
2025-07-07 21:16:45.762: [INFO] VisibilityChanged: 0
2025-07-07 21:28:25.067: [INFO] VisibilityChanged: 0
2025-07-07 22:00:30.271: [INFO] VisibilityChanged: 0
2025-07-07 22:09:27.187: [INFO] VisibilityChanged: 1
2025-07-07 22:11:47.023: [INFO] VisibilityChanged: 0
2025-07-08 00:01:32.939: [INFO] VisibilityChanged: 1
2025-07-08 00:01:33.683: [INFO] VisibilityChanged: 0
2025-07-08 00:01:35.210: [INFO] VisibilityChanged: 1
2025-07-08 14:27:58.215: [INFO] VisibilityChanged: 0
2025-07-08 14:28:29.892: [INFO] VisibilityChanged: 1
2025-07-08 14:29:51.103: [INFO] VisibilityChanged: 0
2025-07-08 14:30:04.233: [INFO] VisibilityChanged: 1
2025-07-08 15:35:00.305: [INFO] VisibilityChanged: 0
2025-07-08 15:36:52.575: [INFO] VisibilityChanged: 1
2025-07-08 15:37:00.055: [INFO] VisibilityChanged: 0
2025-07-08 15:37:01.910: [INFO] VisibilityChanged: 1
2025-07-08 15:37:05.174: [INFO] VisibilityChanged: 0
2025-07-08 15:37:30.252: [INFO] VisibilityChanged: 1
2025-07-08 16:17:05.263: [INFO] VisibilityChanged: 0
2025-07-08 16:17:17.101: [INFO] VisibilityChanged: 0
2025-07-08 20:07:47.035: [INFO] VisibilityChanged: 0
2025-07-08 20:15:27.645: [INFO] VisibilityChanged: 1
2025-07-08 20:15:28.843: [INFO] VisibilityChanged: 0
2025-07-08 20:15:30.131: [INFO] VisibilityChanged: 1
2025-07-08 20:37:22.985: [INFO] VisibilityChanged: 0
2025-07-08 20:37:29.989: [INFO] VisibilityChanged: 1
2025-07-08 20:53:04.043: [INFO] OnDoneLoading sync enabled: 1
2025-07-08 20:53:05.760: [INFO] Sync initialization duration: 37ms
2025-07-08 20:53:12.999: [INFO] VisibilityChanged: 0
2025-07-08 21:01:07.395: [INFO] VisibilityChanged: 0
2025-07-08 22:28:22.323: [INFO] VisibilityChanged: 0
2025-07-09 08:59:27.783: [INFO] OnDoneLoading sync enabled: 1
2025-07-09 08:59:29.622: [INFO] Sync initialization duration: 66ms
2025-07-09 09:06:59.396: [INFO] VisibilityChanged: 0
2025-07-09 09:07:03.368: [INFO] OnDoneLoading sync enabled: 1
2025-07-09 09:07:03.716: [INFO] Sync initialization duration: 11ms
2025-07-09 09:09:47.659: [INFO] VisibilityChanged: 0
2025-07-10 22:27:19.761: [INFO] OnDoneLoading sync enabled: 1
2025-07-10 22:27:26.248: [INFO] Sync initialization duration: 29ms
2025-07-10 22:37:04.851: [INFO] OnDoneLoading sync enabled: 1
2025-07-10 22:37:05.185: [INFO] Sync initialization duration: 16ms
2025-07-10 22:39:07.939: [INFO] VisibilityChanged: 0
2025-07-10 22:39:13.775: [INFO] OnDoneLoading sync enabled: 1
2025-07-10 22:39:14.111: [INFO] Sync initialization duration: 48ms
2025-07-11 00:06:38.099: [INFO] VisibilityChanged: 0
2025-07-11 00:17:08.031: [INFO] VisibilityChanged: 0
2025-07-11 00:17:09.534: [INFO] VisibilityChanged: 1
2025-07-11 00:21:22.307: [INFO] OnDoneLoading sync enabled: 1
2025-07-11 00:21:23.653: [INFO] Sync initialization duration: 21ms
2025-07-11 05:01:17.813: [INFO] OnDoneLoading sync enabled: 1
2025-07-11 05:01:20.889: [INFO] Sync initialization duration: 155ms
2025-07-11 07:17:13.415: [INFO] VisibilityChanged: 0
2025-07-11 08:01:38.460: [INFO] VisibilityChanged: 0
2025-07-11 08:02:16.285: [INFO] VisibilityChanged: 1
2025-07-11 08:02:33.106: [INFO] VisibilityChanged: 0
2025-07-11 08:02:39.945: [INFO] VisibilityChanged: 1
2025-07-11 08:04:12.161: [INFO] BookmarkNodeAdded, ABU: 0
2025-07-11 08:20:50.324: [INFO] VisibilityChanged: 0
2025-07-11 08:24:38.904: [INFO] VisibilityChanged: 1
2025-07-11 08:24:58.588: [INFO] VisibilityChanged: 0
2025-07-11 08:32:13.553: [INFO] VisibilityChanged: 1
2025-07-11 14:57:06.700: [INFO] OnDoneLoading sync enabled: 1
2025-07-11 14:57:15.380: [INFO] Sync initialization duration: 1027ms
2025-07-11 15:07:41.167: [INFO] VisibilityChanged: 0
2025-07-11 15:10:20.684: [INFO] VisibilityChanged: 1
2025-07-11 15:18:46.664: [INFO] VisibilityChanged: 0
2025-07-11 15:18:50.027: [INFO] VisibilityChanged: 0
2025-07-11 17:15:38.138: [INFO] VisibilityChanged: 0
2025-07-11 17:48:00.321: [INFO] VisibilityChanged: 0
2025-07-11 21:30:53.424: [INFO] VisibilityChanged: 0
2025-07-11 21:32:00.843: [INFO] VisibilityChanged: 1
2025-07-11 22:58:12.200: [INFO] OnDoneLoading sync enabled: 1
2025-07-11 22:58:13.565: [INFO] Sync initialization duration: 73ms
2025-07-11 22:59:05.448: [INFO] VisibilityChanged: 0
2025-07-11 23:01:08.661: [INFO] VisibilityChanged: 0
2025-07-11 23:01:08.665: [INFO] VisibilityChanged: 0
2025-07-11 23:01:08.668: [INFO] VisibilityChanged: 0
2025-07-11 23:01:08.671: [INFO] VisibilityChanged: 0
2025-07-11 23:01:40.983: [INFO] VisibilityChanged: 0
2025-07-11 23:01:41.071: [INFO] BookmarkModelLoaded, ids_reassigned: 0
2025-07-11 23:01:41.071: [INFO] OnDoneLoading sync enabled: 1
2025-07-11 23:01:41.480: [INFO] Sync initialization duration: 9ms
2025-07-11 23:01:42.548: [INFO] VisibilityChanged: 0
2025-07-11 23:01:42.591: [INFO] VisibilityChanged: 0
2025-07-11 23:01:42.627: [INFO] VisibilityChanged: 0
2025-07-11 23:06:16.847: [INFO] VisibilityChanged: 0
2025-07-11 23:18:48.946: [INFO] VisibilityChanged: 0
2025-07-14 22:23:38.705: [INFO] VisibilityChanged: 0
2025-07-14 22:23:39.252: [INFO] BookmarkModelLoaded, ids_reassigned: 0
2025-07-14 22:23:39.252: [INFO] OnDoneLoading sync enabled: 1
2025-07-14 22:23:43.788: [INFO] Sync initialization duration: 427ms
2025-07-14 22:23:46.515: [INFO] VisibilityChanged: 1
2025-07-14 22:29:43.815: [INFO] VisibilityChanged: 0
2025-07-14 22:30:24.381: [INFO] VisibilityChanged: 1
2025-07-14 22:36:34.847: [INFO] VisibilityChanged: 0
2025-07-15 03:49:41.732: [INFO] OnDoneLoading sync enabled: 1
2025-07-15 03:49:42.551: [INFO] Sync initialization duration: 71ms
2025-07-15 04:00:06.638: [INFO] VisibilityChanged: 0
2025-07-15 04:00:09.766: [INFO] VisibilityChanged: 0
2025-07-15 04:25:02.355: [INFO] VisibilityChanged: 0
2025-07-15 04:26:36.807: [INFO] VisibilityChanged: 0
2025-07-15 04:38:43.886: [INFO] VisibilityChanged: 0
2025-07-15 04:38:44.321: [INFO] VisibilityChanged: 0
2025-07-15 04:39:42.217: [INFO] VisibilityChanged: 0
2025-07-15 04:52:48.357: [INFO] VisibilityChanged: 0
2025-07-15 21:21:42.322: [INFO] VisibilityChanged: 0
2025-07-15 21:56:48.738: [INFO] VisibilityChanged: 1
2025-07-15 23:06:17.328: [INFO] VisibilityChanged: 0
2025-07-16 22:12:48.155: [INFO] OnDoneLoading sync enabled: 1
2025-07-16 22:12:51.356: [INFO] VisibilityChanged: 0
2025-07-16 22:12:52.723: [INFO] VisibilityChanged: 0
2025-07-16 22:12:55.695: [INFO] Sync initialization duration: 999ms
2025-07-16 23:50:37.713: [INFO] VisibilityChanged: 0
2025-07-17 13:52:21.808: [INFO] VisibilityChanged: 0
2025-07-17 13:52:25.165: [INFO] VisibilityChanged: 0
2025-07-17 13:52:31.257: [INFO] VisibilityChanged: 0
2025-07-17 13:53:17.283: [INFO] BookmarkNodeAdded, ABU: 0
2025-07-17 14:31:02.772: [INFO] OnDoneLoading sync enabled: 1
2025-07-17 14:31:04.441: [INFO] Sync initialization duration: 51ms
2025-07-17 14:53:38.768: [INFO] VisibilityChanged: 0
2025-07-17 15:23:19.483: [INFO] OnDoneLoading sync enabled: 1
2025-07-17 15:23:21.521: [INFO] Sync initialization duration: 157ms
2025-07-17 15:59:08.852: [INFO] VisibilityChanged: 0
2025-07-17 16:03:15.085: [INFO] VisibilityChanged: 0
2025-07-17 16:03:48.851: [INFO] OnDoneLoading sync enabled: 1
2025-07-17 16:03:49.197: [INFO] Sync initialization duration: 7ms
2025-07-17 16:40:18.265: [INFO] VisibilityChanged: 0
2025-07-17 17:20:09.316: [INFO] VisibilityChanged: 0
2025-07-17 18:36:01.167: [INFO] VisibilityChanged: 0
2025-07-17 22:11:29.939: [INFO] VisibilityChanged: 0
2025-07-17 22:11:31.861: [INFO] VisibilityChanged: 1
2025-07-17 22:11:31.881: [INFO] VisibilityChanged: 1
2025-07-17 22:11:31.888: [INFO] VisibilityChanged: 1
2025-07-18 15:59:10.785: [INFO] OnDoneLoading sync enabled: 1
2025-07-18 15:59:12.483: [INFO] Sync initialization duration: 87ms
2025-07-18 15:59:37.305: [INFO] VisibilityChanged: 0
2025-07-18 16:05:06.251: [INFO] BookmarkNodeAdded, ABU: 0
2025-07-18 16:07:32.409: [INFO] VisibilityChanged: 0
2025-07-18 16:18:34.051: [INFO] VisibilityChanged: 1
2025-07-18 16:24:55.804: [INFO] VisibilityChanged: 0
2025-07-18 16:40:24.335: [INFO] VisibilityChanged: 0
2025-07-18 16:40:27.860: [INFO] VisibilityChanged: 1
2025-07-18 16:56:54.495: [INFO] BookmarkNodeAdded, ABU: 0
2025-07-18 17:43:39.343: [INFO] OnDoneLoading sync enabled: 1
2025-07-18 17:43:41.143: [INFO] Sync initialization duration: 68ms
2025-07-18 21:03:16.078: [INFO] OnDoneLoading sync enabled: 1
2025-07-18 21:03:17.566: [INFO] Sync initialization duration: 27ms
2025-07-18 21:05:14.471: [INFO] VisibilityChanged: 0
2025-07-18 21:17:37.876: [INFO] VisibilityChanged: 1
2025-07-18 23:09:48.160: [INFO] BookmarkNodeAdded, ABU: 0
2025-07-18 23:12:22.895: [INFO] VisibilityChanged: 0
2025-07-18 23:27:49.586: [INFO] VisibilityChanged: 0
2025-07-18 23:27:57.459: [INFO] VisibilityChanged: 0
2025-07-18 23:34:51.595: [INFO] VisibilityChanged: 0
2025-07-18 23:42:07.489: [INFO] VisibilityChanged: 0
2025-07-18 23:42:36.090: [INFO] VisibilityChanged: 1
2025-07-18 23:46:06.389: [INFO] VisibilityChanged: 0
2025-07-18 23:46:38.783: [INFO] VisibilityChanged: 1
2025-07-18 23:49:08.274: [INFO] VisibilityChanged: 0
2025-07-18 23:59:42.309: [INFO] VisibilityChanged: 1
2025-07-18 23:59:52.768: [INFO] VisibilityChanged: 0
2025-07-18 23:59:58.912: [INFO] VisibilityChanged: 0
2025-07-19 00:00:00.803: [INFO] VisibilityChanged: 0
2025-07-19 00:00:02.631: [INFO] VisibilityChanged: 0
2025-07-19 00:10:22.564: [INFO] VisibilityChanged: 0
2025-07-19 00:10:23.340: [INFO] VisibilityChanged: 1
2025-07-19 00:10:24.106: [INFO] VisibilityChanged: 0
2025-07-21 15:55:34.198: [INFO] OnDoneLoading sync enabled: 1
2025-07-21 15:55:36.176: [INFO] Sync initialization duration: 85ms
2025-07-21 15:58:27.747: [INFO] VisibilityChanged: 0
2025-07-21 15:58:31.622: [INFO] VisibilityChanged: 0
2025-07-21 15:59:22.772: [INFO] BookmarkNodeAdded, ABU: 0
2025-07-21 17:25:32.970: [INFO] VisibilityChanged: 0
2025-07-21 22:31:11.425: [INFO] VisibilityChanged: 0
2025-07-21 22:35:25.967: [INFO] VisibilityChanged: 1
2025-07-21 22:35:28.988: [INFO] VisibilityChanged: 0
2025-07-21 22:39:22.423: [INFO] VisibilityChanged: 1
2025-07-21 23:11:28.586: [INFO] VisibilityChanged: 0
2025-07-21 23:11:29.585: [INFO] VisibilityChanged: 0
2025-07-21 23:25:29.148: [INFO] VisibilityChanged: 0
2025-07-21 23:26:09.344: [INFO] VisibilityChanged: 1
2025-07-22 01:49:31.749: [INFO] VisibilityChanged: 0
2025-07-22 17:02:06.893: [INFO] OnDoneLoading sync enabled: 1
2025-07-22 17:02:07.621: [INFO] Sync initialization duration: 333ms
2025-07-22 17:02:57.057: [INFO] VisibilityChanged: 0
2025-07-22 17:11:55.840: [INFO] VisibilityChanged: 0
2025-07-22 17:16:25.446: [INFO] VisibilityChanged: 1
2025-07-22 17:29:05.877: [INFO] VisibilityChanged: 0
2025-07-22 17:49:19.220: [INFO] VisibilityChanged: 0
2025-07-22 17:51:43.907: [INFO] VisibilityChanged: 1
2025-07-22 17:54:15.153: [INFO] VisibilityChanged: 0
2025-07-22 17:54:27.606: [INFO] VisibilityChanged: 1
2025-07-22 17:54:33.831: [INFO] VisibilityChanged: 0
2025-07-22 17:54:35.588: [INFO] VisibilityChanged: 1
2025-07-22 17:56:47.879: [INFO] VisibilityChanged: 0
2025-07-22 17:57:25.805: [INFO] VisibilityChanged: 1
2025-07-22 17:58:45.166: [INFO] VisibilityChanged: 0
2025-07-22 17:58:54.407: [INFO] VisibilityChanged: 1
2025-07-22 17:58:55.496: [INFO] VisibilityChanged: 0
2025-07-22 18:01:37.173: [INFO] VisibilityChanged: 1
2025-07-22 18:01:46.656: [INFO] VisibilityChanged: 0
2025-07-22 18:02:27.021: [INFO] VisibilityChanged: 1
2025-07-22 18:03:57.652: [INFO] VisibilityChanged: 0
2025-07-22 18:03:59.095: [INFO] VisibilityChanged: 0
2025-07-22 18:04:58.152: [INFO] VisibilityChanged: 1
2025-07-22 18:08:27.403: [INFO] VisibilityChanged: 0
2025-07-22 18:09:29.563: [INFO] VisibilityChanged: 1
2025-07-22 18:09:35.950: [INFO] VisibilityChanged: 0
2025-07-22 18:20:41.180: [INFO] VisibilityChanged: 1
2025-07-22 18:20:55.205: [INFO] VisibilityChanged: 0
2025-07-22 18:20:58.082: [INFO] VisibilityChanged: 1
2025-07-22 18:29:09.759: [INFO] VisibilityChanged: 0
2025-07-22 18:31:26.106: [INFO] VisibilityChanged: 1
2025-07-22 18:32:57.887: [INFO] VisibilityChanged: 0
2025-07-22 18:33:47.352: [INFO] VisibilityChanged: 1
2025-07-22 18:38:52.813: [INFO] VisibilityChanged: 0
2025-07-22 18:39:05.617: [INFO] VisibilityChanged: 1
2025-07-22 18:39:14.944: [INFO] VisibilityChanged: 0
2025-07-22 18:39:21.173: [INFO] VisibilityChanged: 1
2025-07-22 18:39:26.324: [INFO] VisibilityChanged: 0
2025-07-22 18:40:09.406: [INFO] VisibilityChanged: 1
2025-07-22 18:51:32.160: [INFO] VisibilityChanged: 0
2025-07-22 18:53:22.722: [INFO] VisibilityChanged: 1
2025-07-22 19:04:23.316: [INFO] VisibilityChanged: 0
2025-07-22 19:04:57.362: [INFO] VisibilityChanged: 1
2025-07-22 19:05:36.932: [INFO] VisibilityChanged: 0
2025-07-22 19:05:50.073: [INFO] VisibilityChanged: 1
2025-07-22 19:54:28.148: [INFO] VisibilityChanged: 0
2025-07-22 19:55:27.027: [INFO] VisibilityChanged: 1
2025-07-22 19:56:28.735: [INFO] VisibilityChanged: 0
2025-07-22 19:56:32.198: [INFO] VisibilityChanged: 1
2025-07-22 22:14:58.670: [INFO] VisibilityChanged: 0
2025-07-22 22:15:06.971: [INFO] VisibilityChanged: 1
2025-07-22 23:29:13.164: [INFO] VisibilityChanged: 0
2025-07-22 23:33:25.685: [INFO] VisibilityChanged: 1
2025-07-22 23:35:38.201: [INFO] VisibilityChanged: 0
2025-07-22 23:35:48.775: [INFO] VisibilityChanged: 0
2025-07-22 23:38:05.148: [INFO] OnDoneLoading sync enabled: 1
2025-07-22 23:38:09.010: [INFO] Sync initialization duration: 164ms
2025-07-22 23:38:34.563: [INFO] VisibilityChanged: 0
2025-07-22 23:38:35.084: [INFO] VisibilityChanged: 0
2025-07-23 00:52:05.227: [INFO] VisibilityChanged: 0
2025-07-23 00:57:15.773: [INFO] VisibilityChanged: 1
2025-07-23 01:14:44.156: [INFO] VisibilityChanged: 0
2025-07-23 01:14:47.152: [INFO] VisibilityChanged: 1
2025-07-23 01:47:50.931: [INFO] VisibilityChanged: 0
2025-07-23 15:52:08.253: [INFO] OnDoneLoading sync enabled: 1
2025-07-23 15:52:10.100: [INFO] Sync initialization duration: 1408ms
2025-07-23 16:28:21.723: [INFO] OnDoneLoading sync enabled: 1
2025-07-23 16:28:23.276: [INFO] Sync initialization duration: 952ms
2025-07-23 17:21:08.792: [INFO] VisibilityChanged: 0
2025-07-23 17:49:44.648: [INFO] VisibilityChanged: 0
2025-07-23 17:57:15.984: [INFO] VisibilityChanged: 0
2025-07-23 21:37:25.183: [INFO] OnDoneLoading sync enabled: 1
2025-07-23 21:37:29.018: [INFO] Sync initialization duration: 33ms
2025-07-23 21:38:28.650: [INFO] VisibilityChanged: 0
2025-07-24 04:19:05.040: [INFO] OnDoneLoading sync enabled: 1
2025-07-24 04:19:06.549: [INFO] Sync initialization duration: 51ms
2025-07-24 04:19:22.057: [INFO] VisibilityChanged: 0
2025-07-24 04:19:49.446: [INFO] VisibilityChanged: 0
2025-07-24 04:23:03.292: [INFO] VisibilityChanged: 0
2025-07-24 04:23:05.135: [INFO] VisibilityChanged: 0
2025-07-24 20:09:58.398: [INFO] VisibilityChanged: 0
2025-07-24 20:10:00.372: [INFO] VisibilityChanged: 0
2025-07-25 15:44:14.926: [INFO] OnDoneLoading sync enabled: 1
2025-07-25 15:44:16.450: [INFO] Sync initialization duration: 59ms
2025-07-25 15:50:56.478: [INFO] VisibilityChanged: 0
2025-07-25 16:00:53.673: [INFO] VisibilityChanged: 1
2025-07-25 17:44:16.149: [INFO] VisibilityChanged: 0
2025-07-25 18:23:48.640: [INFO] VisibilityChanged: 0
2025-07-25 21:10:49.156: [INFO] VisibilityChanged: 0
2025-07-25 21:14:28.538: [INFO] VisibilityChanged: 1
2025-07-25 21:14:32.988: [INFO] VisibilityChanged: 0
2025-07-25 21:19:23.850: [INFO] VisibilityChanged: 1
2025-07-25 21:33:05.255: [INFO] VisibilityChanged: 0
2025-07-25 22:12:30.355: [INFO] VisibilityChanged: 0
2025-07-25 22:21:10.365: [INFO] VisibilityChanged: 0
2025-07-25 22:47:14.763: [INFO] VisibilityChanged: 0
2025-07-26 00:12:26.532: [INFO] VisibilityChanged: 0
2025-07-26 05:21:37.370: [INFO] VisibilityChanged: 1
2025-07-26 05:22:08.235: [INFO] VisibilityChanged: 0
2025-07-26 05:22:42.557: [INFO] VisibilityChanged: 0
2025-07-26 05:22:48.469: [INFO] VisibilityChanged: 0
2025-07-26 05:22:54.592: [INFO] VisibilityChanged: 0
2025-07-28 17:35:50.288: [INFO] OnDoneLoading sync enabled: 1
2025-07-28 17:35:53.915: [INFO] Sync initialization duration: 1745ms
2025-07-28 17:38:35.993: [INFO] VisibilityChanged: 0
2025-07-28 17:38:57.547: [INFO] VisibilityChanged: 1
2025-07-28 22:02:33.033: [INFO] OnDoneLoading sync enabled: 1
2025-07-28 22:02:35.522: [INFO] Sync initialization duration: 121ms
2025-07-29 00:21:14.938: [INFO] BookmarkNodeAdded, ABU: 1
2025-07-29 00:29:36.759: [INFO] VisibilityChanged: 0
2025-07-29 16:11:53.594: [INFO] OnDoneLoading sync enabled: 1
2025-07-29 16:11:55.186: [INFO] Sync initialization duration: 90ms
2025-07-29 16:14:02.204: [INFO] VisibilityChanged: 0
2025-07-29 18:08:11.841: [INFO] OnDoneLoading sync enabled: 1
2025-07-29 18:08:13.533: [INFO] Sync initialization duration: 51ms
2025-07-29 19:38:04.752: [INFO] OnDoneLoading sync enabled: 1
2025-07-29 19:38:05.939: [INFO] Sync initialization duration: 60ms
2025-07-29 20:06:18.825: [INFO] VisibilityChanged: 0
