{"logTime": "0729/185827", "correlationVector":"PHqo+wHJAx+K9s4nm62D9g.2","action":"ProcessGetUpdates", "result":"Done", "context":{"dataType":"Sessions", "deleted":"0", "process_failed_to_decrypt":"0", "process_pending_decryption":"0", "process_success":"1", "total":"1"}}
{"logTime": "0729/185827", "correlationVector":"PHqo+wHJAx+K9s4nm62D9g.3","action":"ProcessGetUpdates", "result":"Done", "context":{"dataType":"History", "deleted":"0", "process_failed_to_decrypt":"0", "process_pending_decryption":"0", "process_success":"3", "total":"3"}}
{"logTime": "0729/185827", "correlationVector":"PHqo+wHJAx+K9s4nm62D9g.4","action":"GetUpdates Response", "result":"Success", "context":Received 4 update(s). cV=PHqo+wHJAx+K9s4nm62D9g.0;server=akswtt01000000n;cloudType=Consumer;environment=Prod_brazilsouth_prod-s01-034-sam-brazilsouth;migrationStage=NotStarted}
{"logTime": "0729/185827", "correlationVector":"TkGmDyUgQSi394GhctsYvG","action":"Normal GetUpdate request", "result":"", "context":cV=TkGmDyUgQSi394GhctsYvG
Refresh requested types: Sessions}
{"logTime": "0729/185827", "correlationVector":"TkGmDyUgQSi394GhctsYvG.1","action":"SyncServerConnectionManagerRequest", "result":"SYNC_SERVER_OK", "context":{"environment":"Prod_brazilsouth_prod-s01-034-sam-brazilsouth", "migrationStage":"NotStarted", "server":"akswtt01000000c"}}
{"logTime": "0729/185827", "correlationVector":"TkGmDyUgQSi394GhctsYvG.2","action":"GetUpdates Response", "result":"Success", "context":Received 0 update(s). cV=TkGmDyUgQSi394GhctsYvG.0;server=akswtt01000000c;cloudType=Consumer;environment=Prod_brazilsouth_prod-s01-034-sam-brazilsouth;migrationStage=NotStarted}
{"logTime": "0729/185933", "correlationVector":"b1MaFhFOFsaSFOSNpCPy15","action":"Normal GetUpdate request", "result":"", "context":cV=b1MaFhFOFsaSFOSNpCPy15
Notified types: Sessions, History}
{"logTime": "0729/185933", "correlationVector":"b1MaFhFOFsaSFOSNpCPy15.1","action":"SyncServerConnectionManagerRequest", "result":"SYNC_SERVER_OK", "context":{"environment":"Prod_brazilsouth_prod-s01-001-sam-brazilsouth", "migrationStage":"NotStarted", "server":"akswtt21400000s"}}
{"logTime": "0729/185933", "correlationVector":"b1MaFhFOFsaSFOSNpCPy15.2","action":"ProcessGetUpdates", "result":"Done", "context":{"dataType":"Sessions", "deleted":"0", "process_failed_to_decrypt":"0", "process_pending_decryption":"0", "process_success":"1", "total":"1"}}
{"logTime": "0729/185933", "correlationVector":"b1MaFhFOFsaSFOSNpCPy15.3","action":"ProcessGetUpdates", "result":"Done", "context":{"dataType":"History", "deleted":"0", "process_failed_to_decrypt":"0", "process_pending_decryption":"0", "process_success":"2", "total":"2"}}
{"logTime": "0729/185933", "correlationVector":"b1MaFhFOFsaSFOSNpCPy15.4","action":"GetUpdates Response", "result":"Success", "context":Received 3 update(s). cV=b1MaFhFOFsaSFOSNpCPy15.0;server=akswtt21400000s;cloudType=Consumer;environment=Prod_brazilsouth_prod-s01-001-sam-brazilsouth;migrationStage=NotStarted}
{"logTime": "0729/185934", "correlationVector":"fBFO3Tu5xlqgnEMZgWOFev","action":"Normal GetUpdate request", "result":"", "context":cV=fBFO3Tu5xlqgnEMZgWOFev
Refresh requested types: Sessions}
{"logTime": "0729/185934", "correlationVector":"fBFO3Tu5xlqgnEMZgWOFev.1","action":"SyncServerConnectionManagerRequest", "result":"SYNC_SERVER_OK", "context":{"environment":"Prod_brazilsouth_prod-s01-001-sam-brazilsouth", "migrationStage":"NotStarted", "server":"akswtt214000008"}}
{"logTime": "0729/185934", "correlationVector":"fBFO3Tu5xlqgnEMZgWOFev.2","action":"GetUpdates Response", "result":"Success", "context":Received 0 update(s). cV=fBFO3Tu5xlqgnEMZgWOFev.0;server=akswtt214000008;cloudType=Consumer;environment=Prod_brazilsouth_prod-s01-001-sam-brazilsouth;migrationStage=NotStarted}
{"logTime": "0729/190043", "correlationVector":"Kjtay4wuYGnkU6e0KPu+U7","action":"Normal GetUpdate request", "result":"", "context":cV=Kjtay4wuYGnkU6e0KPu+U7
Notified types: Sessions, History}
{"logTime": "0729/190043", "correlationVector":"Kjtay4wuYGnkU6e0KPu+U7.1","action":"SyncServerConnectionManagerRequest", "result":"SYNC_SERVER_OK", "context":{"environment":"Prod_brazilsouth_prod-s01-001-sam-brazilsouth", "migrationStage":"NotStarted", "server":"akswtt21400001v"}}
{"logTime": "0729/190043", "correlationVector":"Kjtay4wuYGnkU6e0KPu+U7.2","action":"ProcessGetUpdates", "result":"Done", "context":{"dataType":"Sessions", "deleted":"0", "process_failed_to_decrypt":"0", "process_pending_decryption":"0", "process_success":"1", "total":"1"}}
{"logTime": "0729/190043", "correlationVector":"Kjtay4wuYGnkU6e0KPu+U7.3","action":"ProcessGetUpdates", "result":"Done", "context":{"dataType":"History", "deleted":"0", "process_failed_to_decrypt":"0", "process_pending_decryption":"0", "process_success":"5", "total":"5"}}
{"logTime": "0729/190043", "correlationVector":"Kjtay4wuYGnkU6e0KPu+U7.4","action":"GetUpdates Response", "result":"Success", "context":Received 6 update(s). cV=Kjtay4wuYGnkU6e0KPu+U7.0;server=akswtt21400001v;cloudType=Consumer;environment=Prod_brazilsouth_prod-s01-001-sam-brazilsouth;migrationStage=NotStarted}
{"logTime": "0729/190043", "correlationVector":"R+TUUW6pglL/fHtwTgf4ot","action":"Normal GetUpdate request", "result":"", "context":cV=R+TUUW6pglL/fHtwTgf4ot
Refresh requested types: Sessions}
{"logTime": "0729/190043", "correlationVector":"R+TUUW6pglL/fHtwTgf4ot.1","action":"SyncServerConnectionManagerRequest", "result":"SYNC_SERVER_OK", "context":{"environment":"Prod_brazilsouth_prod-s01-001-sam-brazilsouth", "migrationStage":"NotStarted", "server":"akswtt214000005"}}
{"logTime": "0729/190043", "correlationVector":"R+TUUW6pglL/fHtwTgf4ot.2","action":"GetUpdates Response", "result":"Success", "context":Received 0 update(s). cV=R+TUUW6pglL/fHtwTgf4ot.0;server=akswtt214000005;cloudType=Consumer;environment=Prod_brazilsouth_prod-s01-001-sam-brazilsouth;migrationStage=NotStarted}
{"logTime": "0729/190928", "correlationVector":"SHcLO39W/8lGeIoHBq5jxF","action":"Commit Request", "result":"", "context":Item count: 1
Contributing types: Preferences}
{"logTime": "0729/190928", "correlationVector":"SHcLO39W/8lGeIoHBq5jxF.1","action":"SyncServerConnectionManagerRequest", "result":"SYNC_SERVER_OK", "context":{"environment":"Prod_brazilsouth_prod-s01-001-sam-brazilsouth", "migrationStage":"NotStarted", "server":"akswtt21400000d"}}
{"logTime": "0729/190928", "correlationVector":"SHcLO39W/8lGeIoHBq5jxF.2","action":"Commit Response", "result":"Success", "context":Result: Success. cV=SHcLO39W/8lGeIoHBq5jxF.0;server=akswtt21400000d;cloudType=Consumer;environment=Prod_brazilsouth_prod-s01-001-sam-brazilsouth;migrationStage=NotStarted}
{"logTime": "0729/191030", "correlationVector":"7j1HmucxlSoYRbM/jutXux","action":"Commit Request", "result":"", "context":Item count: 6
Contributing types: Sessions, History}
{"logTime": "0729/191031", "correlationVector":"7j1HmucxlSoYRbM/jutXux.1","action":"SyncServerConnectionManagerRequest", "result":"SYNC_SERVER_OK", "context":{"environment":"Prod_brazilsouth_prod-s01-001-sam-brazilsouth", "migrationStage":"NotStarted", "server":"akswtt21400000h"}}
{"logTime": "0729/191031", "correlationVector":"7j1HmucxlSoYRbM/jutXux.2","action":"Commit Response", "result":"Success", "context":Result: Success. cV=7j1HmucxlSoYRbM/jutXux.0;server=akswtt21400000h;cloudType=Consumer;environment=Prod_brazilsouth_prod-s01-001-sam-brazilsouth;migrationStage=NotStarted}
{"logTime": "0729/191255", "correlationVector":"mGU4cSUoiNvNug3AS0ZMf8","action":"Commit Request", "result":"", "context":Item count: 7
Contributing types: Sessions, History}
{"logTime": "0729/191256", "correlationVector":"mGU4cSUoiNvNug3AS0ZMf8.1","action":"SyncServerConnectionManagerRequest", "result":"SYNC_SERVER_OK", "context":{"environment":"Prod_brazilsouth_prod-s01-034-sam-brazilsouth", "migrationStage":"NotStarted", "server":"akswtt010000002"}}
{"logTime": "0729/191256", "correlationVector":"mGU4cSUoiNvNug3AS0ZMf8.3","action":"Commit.Sessions", "result":"Success", "context":{"id":"3811ec4c-d88c-4ea2-ab7e-5f934c508e69", "isDeleted":"true", "size":"0", "version":"1753816230565"}}
{"logTime": "0729/191256", "correlationVector":"mGU4cSUoiNvNug3AS0ZMf8.2","action":"Commit Response", "result":"Success", "context":Result: Success. cV=mGU4cSUoiNvNug3AS0ZMf8.0;server=akswtt010000002;cloudType=Consumer;environment=Prod_brazilsouth_prod-s01-034-sam-brazilsouth;migrationStage=NotStarted}
{"logTime": "0729/191422", "correlationVector":"4vMDB18+Vt2Dg+v8vPtcx+","action":"Commit Request", "result":"", "context":Item count: 3
Contributing types: Sessions, History}
{"logTime": "0729/191422", "correlationVector":"4vMDB18+Vt2Dg+v8vPtcx+.1","action":"SyncServerConnectionManagerRequest", "result":"SYNC_SERVER_OK", "context":{"environment":"Prod_brazilsouth_prod-s01-034-sam-brazilsouth", "migrationStage":"NotStarted", "server":"akswtt01000000u"}}
{"logTime": "0729/191422", "correlationVector":"4vMDB18+Vt2Dg+v8vPtcx+.2","action":"Commit Response", "result":"Success", "context":Result: Success. cV=4vMDB18+Vt2Dg+v8vPtcx+.0;server=akswtt01000000u;cloudType=Consumer;environment=Prod_brazilsouth_prod-s01-034-sam-brazilsouth;migrationStage=NotStarted}
{"logTime": "0729/191741", "correlationVector":"4NykHDT/vnyVm6UiXm7Ldl","action":"Commit Request", "result":"", "context":Item count: 4
Contributing types: Preferences, Sessions, History}
{"logTime": "0729/191742", "correlationVector":"4NykHDT/vnyVm6UiXm7Ldl.1","action":"SyncServerConnectionManagerRequest", "result":"SYNC_SERVER_OK", "context":{"environment":"Prod_brazilsouth_prod-s01-001-sam-brazilsouth", "migrationStage":"NotStarted", "server":"akswtt21400001s"}}
{"logTime": "0729/191742", "correlationVector":"4NykHDT/vnyVm6UiXm7Ldl.2","action":"Commit Response", "result":"Success", "context":Result: Success. cV=4NykHDT/vnyVm6UiXm7Ldl.0;server=akswtt21400001s;cloudType=Consumer;environment=Prod_brazilsouth_prod-s01-001-sam-brazilsouth;migrationStage=NotStarted}
{"logTime": "0729/191843", "correlationVector":"Vh82blTr5VKMs+XZwbF+EP","action":"Commit Request", "result":"", "context":Item count: 8
Contributing types: Sessions, History}
{"logTime": "0729/191845", "correlationVector":"Vh82blTr5VKMs+XZwbF+EP.1","action":"SyncServerConnectionManagerRequest", "result":"SYNC_SERVER_OK", "context":{"environment":"Prod_brazilsouth_prod-s01-001-sam-brazilsouth", "migrationStage":"NotStarted", "server":"akswtt214000002"}}
{"logTime": "0729/191845", "correlationVector":"Vh82blTr5VKMs+XZwbF+EP.2","action":"Commit Response", "result":"Success", "context":Result: Success. cV=Vh82blTr5VKMs+XZwbF+EP.0;server=akswtt214000002;cloudType=Consumer;environment=Prod_brazilsouth_prod-s01-001-sam-brazilsouth;migrationStage=NotStarted}
{"logTime": "0729/192245", "correlationVector":"RDfP7owMu06HrwGp6Vpm9x","action":"Commit Request", "result":"", "context":Item count: 6
Contributing types: Sessions, History}
{"logTime": "0729/192246", "correlationVector":"RDfP7owMu06HrwGp6Vpm9x.1","action":"SyncServerConnectionManagerRequest", "result":"SYNC_SERVER_OK", "context":{"environment":"Prod_brazilsouth_prod-s01-001-sam-brazilsouth", "migrationStage":"NotStarted", "server":"akswtt21400000m"}}
{"logTime": "0729/192246", "correlationVector":"RDfP7owMu06HrwGp6Vpm9x.2","action":"Commit Response", "result":"Success", "context":Result: Success. cV=RDfP7owMu06HrwGp6Vpm9x.0;server=akswtt21400000m;cloudType=Consumer;environment=Prod_brazilsouth_prod-s01-001-sam-brazilsouth;migrationStage=NotStarted}
{"logTime": "0729/192509", "correlationVector":"xJ6wQZqOv1iz8EDdJJmsG2","action":"Commit Request", "result":"", "context":Item count: 8
Contributing types: Sessions, History}
{"logTime": "0729/192510", "correlationVector":"xJ6wQZqOv1iz8EDdJJmsG2.1","action":"SyncServerConnectionManagerRequest", "result":"SYNC_SERVER_OK", "context":{"environment":"Prod_brazilsouth_prod-s01-034-sam-brazilsouth", "migrationStage":"NotStarted", "server":"akswtt01000000g"}}
{"logTime": "0729/192510", "correlationVector":"xJ6wQZqOv1iz8EDdJJmsG2.2","action":"Commit Response", "result":"Success", "context":Result: Success. cV=xJ6wQZqOv1iz8EDdJJmsG2.0;server=akswtt01000000g;cloudType=Consumer;environment=Prod_brazilsouth_prod-s01-034-sam-brazilsouth;migrationStage=NotStarted}
{"logTime": "0729/192650", "correlationVector":"ZeIk3Ef1CVThHuBnxXtOso","action":"Commit Request", "result":"", "context":Item count: 3
Contributing types: Sessions}
{"logTime": "0729/192652", "correlationVector":"ZeIk3Ef1CVThHuBnxXtOso.1","action":"SyncServerConnectionManagerRequest", "result":"SYNC_SERVER_OK", "context":{"environment":"Prod_brazilsouth_prod-s01-034-sam-brazilsouth", "migrationStage":"NotStarted", "server":"akswtt01000000x"}}
{"logTime": "0729/192652", "correlationVector":"ZeIk3Ef1CVThHuBnxXtOso.2","action":"Commit Response", "result":"Success", "context":Result: Success. cV=ZeIk3Ef1CVThHuBnxXtOso.0;server=akswtt01000000x;cloudType=Consumer;environment=Prod_brazilsouth_prod-s01-034-sam-brazilsouth;migrationStage=NotStarted}
{"logTime": "0729/192854", "correlationVector":"hnUoyPsXKP8X4+VWBrlSRH","action":"Commit Request", "result":"", "context":Item count: 8
Contributing types: Sessions, History}
{"logTime": "0729/192855", "correlationVector":"hnUoyPsXKP8X4+VWBrlSRH.1","action":"SyncServerConnectionManagerRequest", "result":"SYNC_SERVER_OK", "context":{"environment":"Prod_brazilsouth_prod-s01-034-sam-brazilsouth", "migrationStage":"NotStarted", "server":"akswtt01000000f"}}
{"logTime": "0729/192855", "correlationVector":"hnUoyPsXKP8X4+VWBrlSRH.2","action":"Commit Response", "result":"Success", "context":Result: Success. cV=hnUoyPsXKP8X4+VWBrlSRH.0;server=akswtt01000000f;cloudType=Consumer;environment=Prod_brazilsouth_prod-s01-034-sam-brazilsouth;migrationStage=NotStarted}
{"logTime": "0729/193029", "correlationVector":"mQC+k7kI1hnbmccjZuSRaR","action":"Commit Request", "result":"", "context":Item count: 7
Contributing types: Sessions, History}
{"logTime": "0729/193030", "correlationVector":"mQC+k7kI1hnbmccjZuSRaR.1","action":"SyncServerConnectionManagerRequest", "result":"SYNC_SERVER_OK", "context":{"environment":"Prod_brazilsouth_prod-s01-001-sam-brazilsouth", "migrationStage":"NotStarted", "server":"akswtt21400000f"}}
{"logTime": "0729/193030", "correlationVector":"mQC+k7kI1hnbmccjZuSRaR.3","action":"Commit.Sessions", "result":"Success", "context":{"id":"d098bf5b-01c4-40e5-bd9a-d71ee5845ab2", "isDeleted":"true", "size":"0", "version":"1753817334766"}}
{"logTime": "0729/193030", "correlationVector":"mQC+k7kI1hnbmccjZuSRaR.2","action":"Commit Response", "result":"Success", "context":Result: Success. cV=mQC+k7kI1hnbmccjZuSRaR.0;server=akswtt21400000f;cloudType=Consumer;environment=Prod_brazilsouth_prod-s01-001-sam-brazilsouth;migrationStage=NotStarted}
{"logTime": "0729/193124", "correlationVector":"5yOBt+rOdn1zo7wnqo5wQP","action":"Commit Request", "result":"", "context":Item count: 14
Contributing types: Preferences, Sessions, History}
{"logTime": "0729/193125", "correlationVector":"5yOBt+rOdn1zo7wnqo5wQP.1","action":"SyncServerConnectionManagerRequest", "result":"SYNC_SERVER_OK", "context":{"environment":"Prod_brazilsouth_prod-s01-034-sam-brazilsouth", "migrationStage":"NotStarted", "server":"akswtt010000010"}}
{"logTime": "0729/193125", "correlationVector":"5yOBt+rOdn1zo7wnqo5wQP.2","action":"Commit Response", "result":"Success", "context":Result: Success. cV=5yOBt+rOdn1zo7wnqo5wQP.0;server=akswtt010000010;cloudType=Consumer;environment=Prod_brazilsouth_prod-s01-034-sam-brazilsouth;migrationStage=NotStarted}
{"logTime": "0729/193807", "correlationVector":"7Gg5fqTGU0zH2O67ysPw2C","action":"Normal GetUpdate request", "result":"", "context":cV=7Gg5fqTGU0zH2O67ysPw2C
Nudged types: Preferences, Sessions, Device Info
Refresh requested types: Bookmarks, Preferences, Passwords, Autofill Profiles, Autofill, Extensions, Sessions, Extension settings, History Delete Directives, Device Info, User Consents, Send Tab To Self, Web Apps, History, Saved Tab Group, WebAuthn Credentials, Collection, Edge E Drop, Edge Hub App Usage, Edge Wallet, Encryption Keys}
{"logTime": "0729/193807", "correlationVector":"7Gg5fqTGU0zH2O67ysPw2C","action":"SyncServerConnectionManagerRequest", "result":"CONNECTION_UNAVAILABLE", "context":{"error_type":"net_error_code", "error_value":"-106"}}
{"logTime": "0729/193807", "correlationVector":"pawKNfvSGfymT6zQ2evYuL.0","action":"GetUpdates Response", "result":"Network error (ERR_INTERNET_DISCONNECTED)", "context":Received error: Network error (ERR_INTERNET_DISCONNECTED). }
{"logTime": "0729/193809", "correlationVector":"RGR48znku4FMvgGyZsHJNr","action":"Normal GetUpdate request", "result":"", "context":cV=RGR48znku4FMvgGyZsHJNr
Nudged types: Preferences, Sessions, Device Info, History
Refresh requested types: Bookmarks, Preferences, Passwords, Autofill Profiles, Autofill, Extensions, Sessions, Extension settings, History Delete Directives, Device Info, User Consents, Send Tab To Self, Web Apps, History, Saved Tab Group, WebAuthn Credentials, Collection, Edge E Drop, Edge Hub App Usage, Edge Wallet, Encryption Keys}
{"logTime": "0729/193809", "correlationVector":"RGR48znku4FMvgGyZsHJNr","action":"SyncServerConnectionManagerRequest", "result":"CONNECTION_UNAVAILABLE", "context":{"error_type":"net_error_code", "error_value":"-106"}}
{"logTime": "0729/193809", "correlationVector":"tV5auMCofj1WNJGyK1JY69.0","action":"GetUpdates Response", "result":"Network error (ERR_INTERNET_DISCONNECTED)", "context":Received error: Network error (ERR_INTERNET_DISCONNECTED). }
{"logTime": "0729/193813", "correlationVector":"FLauMtpq9OopUfu22Cufp+","action":"Normal GetUpdate request", "result":"", "context":cV=FLauMtpq9OopUfu22Cufp+
Nudged types: Preferences, Sessions, Device Info, History
Refresh requested types: Bookmarks, Preferences, Passwords, Autofill Profiles, Autofill, Extensions, Sessions, Extension settings, History Delete Directives, Device Info, User Consents, Send Tab To Self, Web Apps, History, Saved Tab Group, WebAuthn Credentials, Collection, Edge E Drop, Edge Hub App Usage, Edge Wallet, Encryption Keys}
{"logTime": "0729/193813", "correlationVector":"FLauMtpq9OopUfu22Cufp+","action":"SyncServerConnectionManagerRequest", "result":"CONNECTION_UNAVAILABLE", "context":{"error_type":"net_error_code", "error_value":"-106"}}
{"logTime": "0729/193813", "correlationVector":"A64mJJUIYcBGh1LOMeTXvW.0","action":"GetUpdates Response", "result":"Network error (ERR_INTERNET_DISCONNECTED)", "context":Received error: Network error (ERR_INTERNET_DISCONNECTED). }
{"logTime": "0729/193819", "correlationVector":"DK/2RU0VaWYU23XC41WCN4","action":"Normal GetUpdate request", "result":"", "context":cV=DK/2RU0VaWYU23XC41WCN4
Nudged types: Preferences, Sessions, Device Info, History
Refresh requested types: Bookmarks, Preferences, Passwords, Autofill Profiles, Autofill, Extensions, Sessions, Extension settings, History Delete Directives, Device Info, User Consents, Send Tab To Self, Web Apps, History, Saved Tab Group, WebAuthn Credentials, Collection, Edge E Drop, Edge Hub App Usage, Edge Wallet, Encryption Keys}
{"logTime": "0729/193819", "correlationVector":"DK/2RU0VaWYU23XC41WCN4","action":"SyncServerConnectionManagerRequest", "result":"CONNECTION_UNAVAILABLE", "context":{"error_type":"net_error_code", "error_value":"-106"}}
{"logTime": "0729/193819", "correlationVector":"CZ4ID3Q5P9NvNcrU86DeT1.0","action":"GetUpdates Response", "result":"Network error (ERR_INTERNET_DISCONNECTED)", "context":Received error: Network error (ERR_INTERNET_DISCONNECTED). }
{"logTime": "0729/193827", "correlationVector":"oqCjZktDd4JahJxBRnfddl","action":"Normal GetUpdate request", "result":"", "context":cV=oqCjZktDd4JahJxBRnfddl
Nudged types: Preferences, Sessions, Device Info, History
Refresh requested types: Bookmarks, Preferences, Passwords, Autofill Profiles, Autofill, Extensions, Sessions, Extension settings, History Delete Directives, Device Info, User Consents, Send Tab To Self, Web Apps, History, Saved Tab Group, WebAuthn Credentials, Collection, Edge E Drop, Edge Hub App Usage, Edge Wallet, Encryption Keys}
{"logTime": "0729/193828", "correlationVector":"oqCjZktDd4JahJxBRnfddl","action":"SyncServerConnectionManagerRequest", "result":"CONNECTION_UNAVAILABLE", "context":{"error_type":"net_error_code", "error_value":"-21"}}
{"logTime": "0729/193828", "correlationVector":"gi0YQHRZLseK2GL4pLUkTY.0","action":"GetUpdates Response", "result":"Network error (ERR_NETWORK_CHANGED)", "context":Received error: Network error (ERR_NETWORK_CHANGED). }
{"logTime": "0729/193832", "correlationVector":"vb2VVvjTYtJ4+VAy4rc3yH","action":"Normal GetUpdate request", "result":"", "context":cV=vb2VVvjTYtJ4+VAy4rc3yH
Nudged types: Preferences, Sessions, Device Info, History
Refresh requested types: Bookmarks, Preferences, Passwords, Autofill Profiles, Autofill, Extensions, Sessions, Extension settings, History Delete Directives, Device Info, User Consents, Send Tab To Self, Web Apps, History, Saved Tab Group, WebAuthn Credentials, Collection, Edge E Drop, Edge Hub App Usage, Edge Wallet, Encryption Keys}
{"logTime": "0729/193832", "correlationVector":"vb2VVvjTYtJ4+VAy4rc3yH.1","action":"SyncServerConnectionManagerRequest", "result":"SYNC_SERVER_OK", "context":{"environment":"Prod_brazilsouth_prod-s01-034-sam-brazilsouth", "migrationStage":"NotStarted", "server":"akswtt01000000h"}}
{"logTime": "0729/193832", "correlationVector":"vb2VVvjTYtJ4+VAy4rc3yH.2","action":"ProcessGetUpdates", "result":"Done", "context":{"dataType":"Preferences", "deleted":"0", "process_failed_to_decrypt":"0", "process_pending_decryption":"0", "process_success":"1", "total":"1"}}
{"logTime": "0729/193832", "correlationVector":"vb2VVvjTYtJ4+VAy4rc3yH.3","action":"ProcessGetUpdates", "result":"Done", "context":{"dataType":"Sessions", "deleted":"2", "process_failed_to_decrypt":"0", "process_pending_decryption":"0", "process_success":"7", "total":"7"}}
{"logTime": "0729/193832", "correlationVector":"vb2VVvjTYtJ4+VAy4rc3yH.4","action":"ProcessGetUpdates", "result":"Done", "context":{"dataType":"History", "deleted":"0", "process_failed_to_decrypt":"0", "process_pending_decryption":"0", "process_success":"37", "total":"37"}}
{"logTime": "0729/193832", "correlationVector":"vb2VVvjTYtJ4+VAy4rc3yH.5","action":"GetUpdates Response", "result":"Success", "context":Received 45 update(s). cV=vb2VVvjTYtJ4+VAy4rc3yH.0;server=akswtt01000000h;cloudType=Consumer;environment=Prod_brazilsouth_prod-s01-034-sam-brazilsouth;migrationStage=NotStarted}
{"logTime": "0729/193832", "correlationVector":"FRAsZu1j32kMMcZgcs8a8e","action":"Commit Request", "result":"", "context":Item count: 30
Contributing types: Preferences, Sessions, Device Info, History}
{"logTime": "0729/193834", "correlationVector":"FRAsZu1j32kMMcZgcs8a8e.1","action":"SyncServerConnectionManagerRequest", "result":"SYNC_SERVER_OK", "context":{"environment":"Prod_brazilsouth_prod-s01-034-sam-brazilsouth", "migrationStage":"NotStarted", "server":"akswtt01000000d"}}
{"logTime": "0729/193834", "correlationVector":"FRAsZu1j32kMMcZgcs8a8e.3","action":"Commit.Sessions", "result":"Success", "context":{"id":"06e5dd7f-98fc-4d18-a728-dd8e9530b1f1", "isDeleted":"true", "size":"0", "version":"1753817485053"}}
{"logTime": "0729/193834", "correlationVector":"FRAsZu1j32kMMcZgcs8a8e.4","action":"Commit.Sessions", "result":"Success", "context":{"id":"7269f985-6aac-476c-b69c-6a2c7227c972", "isDeleted":"true", "size":"0", "version":"1753817485055"}}
{"logTime": "0729/193834", "correlationVector":"FRAsZu1j32kMMcZgcs8a8e.5","action":"Commit.Sessions", "result":"Success", "context":{"id":"3eb82464-029f-4580-b77c-314a5ff55802", "isDeleted":"true", "size":"0", "version":"1753817485056"}}
{"logTime": "0729/193834", "correlationVector":"FRAsZu1j32kMMcZgcs8a8e.2","action":"Commit Response", "result":"Success", "context":Result: Success. cV=FRAsZu1j32kMMcZgcs8a8e.0;server=akswtt01000000d;cloudType=Consumer;environment=Prod_brazilsouth_prod-s01-034-sam-brazilsouth;migrationStage=NotStarted}
{"logTime": "0729/193836", "correlationVector":"V61Gj6Zebyy+AXwMojmsTh","action":"Commit Request", "result":"", "context":Item count: 1
Contributing types: Preferences}
{"logTime": "0729/193838", "correlationVector":"V61Gj6Zebyy+AXwMojmsTh.1","action":"SyncServerConnectionManagerRequest", "result":"SYNC_SERVER_OK", "context":{"environment":"Prod_brazilsouth_prod-s01-001-sam-brazilsouth", "migrationStage":"NotStarted", "server":"akswtt21400000z"}}
{"logTime": "0729/193838", "correlationVector":"V61Gj6Zebyy+AXwMojmsTh.2","action":"Commit Response", "result":"Success", "context":Result: Success. cV=V61Gj6Zebyy+AXwMojmsTh.0;server=akswtt21400000z;cloudType=Consumer;environment=Prod_brazilsouth_prod-s01-001-sam-brazilsouth;migrationStage=NotStarted}
{"logTime": "0729/193938", "correlationVector":"aBNuRdsPwhrmIRMXvwBIJW","action":"Commit Request", "result":"", "context":Item count: 16
Contributing types: Sessions, History}
{"logTime": "0729/193940", "correlationVector":"aBNuRdsPwhrmIRMXvwBIJW.1","action":"SyncServerConnectionManagerRequest", "result":"SYNC_SERVER_OK", "context":{"environment":"Prod_brazilsouth_prod-s01-001-sam-brazilsouth", "migrationStage":"NotStarted", "server":"akswtt21400000z"}}
{"logTime": "0729/193940", "correlationVector":"aBNuRdsPwhrmIRMXvwBIJW.2","action":"Commit Response", "result":"Success", "context":Result: Success. cV=aBNuRdsPwhrmIRMXvwBIJW.0;server=akswtt21400000z;cloudType=Consumer;environment=Prod_brazilsouth_prod-s01-001-sam-brazilsouth;migrationStage=NotStarted}
{"logTime": "0729/194100", "correlationVector":"b655Grv0syemehXbLrSIT6","action":"Commit Request", "result":"", "context":Item count: 8
Contributing types: Sessions, History}
{"logTime": "0729/194100", "correlationVector":"b655Grv0syemehXbLrSIT6.1","action":"SyncServerConnectionManagerRequest", "result":"SYNC_SERVER_OK", "context":{"environment":"Prod_brazilsouth_prod-s01-001-sam-brazilsouth", "migrationStage":"NotStarted", "server":"akswtt21400000e"}}
{"logTime": "0729/194100", "correlationVector":"b655Grv0syemehXbLrSIT6.2","action":"Commit Response", "result":"Success", "context":Result: Success. cV=b655Grv0syemehXbLrSIT6.0;server=akswtt21400000e;cloudType=Consumer;environment=Prod_brazilsouth_prod-s01-001-sam-brazilsouth;migrationStage=NotStarted}
{"logTime": "0729/194146", "correlationVector":"qPTZoVyxOEkjPzVP84dwqh","action":"Commit Request", "result":"", "context":Item count: 15
Contributing types: Preferences, Sessions, History}
{"logTime": "0729/194147", "correlationVector":"qPTZoVyxOEkjPzVP84dwqh.1","action":"SyncServerConnectionManagerRequest", "result":"SYNC_SERVER_OK", "context":{"environment":"Prod_brazilsouth_prod-s01-001-sam-brazilsouth", "migrationStage":"NotStarted", "server":"akswtt21400000a"}}
{"logTime": "0729/194147", "correlationVector":"qPTZoVyxOEkjPzVP84dwqh.2","action":"Commit Response", "result":"Success", "context":Result: Success. cV=qPTZoVyxOEkjPzVP84dwqh.0;server=akswtt21400000a;cloudType=Consumer;environment=Prod_brazilsouth_prod-s01-001-sam-brazilsouth;migrationStage=NotStarted}
{"logTime": "0729/194247", "correlationVector":"I372lr5lApNFGtif8vzbob","action":"Commit Request", "result":"", "context":Item count: 4
Contributing types: Sessions, History}
{"logTime": "0729/194249", "correlationVector":"I372lr5lApNFGtif8vzbob.1","action":"SyncServerConnectionManagerRequest", "result":"SYNC_SERVER_OK", "context":{"environment":"Prod_brazilsouth_prod-s01-001-sam-brazilsouth", "migrationStage":"NotStarted", "server":"akswtt21400001j"}}
{"logTime": "0729/194249", "correlationVector":"I372lr5lApNFGtif8vzbob.2","action":"Commit Response", "result":"Success", "context":Result: Success. cV=I372lr5lApNFGtif8vzbob.0;server=akswtt21400001j;cloudType=Consumer;environment=Prod_brazilsouth_prod-s01-001-sam-brazilsouth;migrationStage=NotStarted}
{"logTime": "0729/194350", "correlationVector":"QrLnW9ZB1BzVNRxmlY5d2P","action":"Commit Request", "result":"", "context":Item count: 4
Contributing types: Sessions, History}
{"logTime": "0729/194351", "correlationVector":"QrLnW9ZB1BzVNRxmlY5d2P.1","action":"SyncServerConnectionManagerRequest", "result":"SYNC_SERVER_OK", "context":{"environment":"Prod_brazilsouth_prod-s01-001-sam-brazilsouth", "migrationStage":"NotStarted", "server":"akswtt214000006"}}
{"logTime": "0729/194351", "correlationVector":"QrLnW9ZB1BzVNRxmlY5d2P.2","action":"Commit Response", "result":"Success", "context":Result: Success. cV=QrLnW9ZB1BzVNRxmlY5d2P.0;server=akswtt214000006;cloudType=Consumer;environment=Prod_brazilsouth_prod-s01-001-sam-brazilsouth;migrationStage=NotStarted}
{"logTime": "0729/194641", "correlationVector":"B2IlDbJ2M7rNyEUSYDT2mh","action":"Commit Request", "result":"", "context":Item count: 9
Contributing types: Sessions, History}
{"logTime": "0729/194642", "correlationVector":"B2IlDbJ2M7rNyEUSYDT2mh.1","action":"SyncServerConnectionManagerRequest", "result":"SYNC_SERVER_OK", "context":{"environment":"Prod_brazilsouth_prod-s01-001-sam-brazilsouth", "migrationStage":"NotStarted", "server":"akswtt21400000q"}}
{"logTime": "0729/194642", "correlationVector":"B2IlDbJ2M7rNyEUSYDT2mh.2","action":"Commit Response", "result":"Success", "context":Result: Success. cV=B2IlDbJ2M7rNyEUSYDT2mh.0;server=akswtt21400000q;cloudType=Consumer;environment=Prod_brazilsouth_prod-s01-001-sam-brazilsouth;migrationStage=NotStarted}
{"logTime": "0729/194645", "correlationVector":"s/ZhH21TfrLI2hID6BBD3O","action":"Commit Request", "result":"", "context":Item count: 6
Contributing types: Bookmarks, Sessions, History}
{"logTime": "0729/194645", "correlationVector":"s/ZhH21TfrLI2hID6BBD3O.1","action":"SyncServerConnectionManagerRequest", "result":"SYNC_SERVER_OK", "context":{"environment":"Prod_brazilsouth_prod-s01-001-sam-brazilsouth", "migrationStage":"NotStarted", "server":"akswtt21400000t"}}
{"logTime": "0729/194645", "correlationVector":"s/ZhH21TfrLI2hID6BBD3O.3","action":"Commit.Sessions", "result":"Success", "context":{"id":"f9c66299-f236-423d-837f-ceb1c12534a6", "isDeleted":"true", "size":"0", "version":"1753818401802"}}
{"logTime": "0729/194645", "correlationVector":"s/ZhH21TfrLI2hID6BBD3O.4","action":"Commit.Sessions", "result":"Success", "context":{"id":"9958bbc6-2188-46b6-a60c-89ebf259cfe2", "isDeleted":"true", "size":"0", "version":"1753818401804"}}
{"logTime": "0729/194645", "correlationVector":"s/ZhH21TfrLI2hID6BBD3O.2","action":"Commit Response", "result":"Success", "context":Result: Success. cV=s/ZhH21TfrLI2hID6BBD3O.0;server=akswtt21400000t;cloudType=Consumer;environment=Prod_brazilsouth_prod-s01-001-sam-brazilsouth;migrationStage=NotStarted}
{"logTime": "0729/194745", "correlationVector":"SW1ZnKemfDZYusCu2gVj4G","action":"Commit Request", "result":"", "context":Item count: 5
Contributing types: Sessions, History}
{"logTime": "0729/194746", "correlationVector":"SW1ZnKemfDZYusCu2gVj4G.1","action":"SyncServerConnectionManagerRequest", "result":"SYNC_SERVER_OK", "context":{"environment":"Prod_brazilsouth_prod-s01-034-sam-brazilsouth", "migrationStage":"NotStarted", "server":"akswtt010000001"}}
{"logTime": "0729/194746", "correlationVector":"SW1ZnKemfDZYusCu2gVj4G.2","action":"Commit Response", "result":"Success", "context":Result: Success. cV=SW1ZnKemfDZYusCu2gVj4G.0;server=akswtt010000001;cloudType=Consumer;environment=Prod_brazilsouth_prod-s01-034-sam-brazilsouth;migrationStage=NotStarted}
{"logTime": "0729/194847", "correlationVector":"1rI6gIJASK4zV75TwWQtZ5","action":"Commit Request", "result":"", "context":Item count: 2
Contributing types: Sessions, History}
{"logTime": "0729/194847", "correlationVector":"1rI6gIJASK4zV75TwWQtZ5.1","action":"SyncServerConnectionManagerRequest", "result":"SYNC_SERVER_OK", "context":{"environment":"Prod_brazilsouth_prod-s01-034-sam-brazilsouth", "migrationStage":"NotStarted", "server":"akswtt01000000t"}}
{"logTime": "0729/194847", "correlationVector":"1rI6gIJASK4zV75TwWQtZ5.2","action":"Commit Response", "result":"Success", "context":Result: Success. cV=1rI6gIJASK4zV75TwWQtZ5.0;server=akswtt01000000t;cloudType=Consumer;environment=Prod_brazilsouth_prod-s01-034-sam-brazilsouth;migrationStage=NotStarted}
{"logTime": "0729/194853", "correlationVector":"DKwk9Hy5hfVhwN9GDBCc/B","action":"Commit Request", "result":"", "context":Item count: 4
Contributing types: Preferences, Sessions, History}
{"logTime": "0729/194853", "correlationVector":"DKwk9Hy5hfVhwN9GDBCc/B.1","action":"SyncServerConnectionManagerRequest", "result":"SYNC_SERVER_OK", "context":{"environment":"Prod_brazilsouth_prod-s01-034-sam-brazilsouth", "migrationStage":"NotStarted", "server":"akswtt01000000i"}}
{"logTime": "0729/194853", "correlationVector":"DKwk9Hy5hfVhwN9GDBCc/B.2","action":"Commit Response", "result":"Success", "context":Result: Success. cV=DKwk9Hy5hfVhwN9GDBCc/B.0;server=akswtt01000000i;cloudType=Consumer;environment=Prod_brazilsouth_prod-s01-034-sam-brazilsouth;migrationStage=NotStarted}
{"logTime": "0729/194954", "correlationVector":"pmPbLayMsHysw4UhUiHyiD","action":"Commit Request", "result":"", "context":Item count: 6
Contributing types: Sessions, History}
{"logTime": "0729/194955", "correlationVector":"pmPbLayMsHysw4UhUiHyiD.1","action":"SyncServerConnectionManagerRequest", "result":"SYNC_SERVER_OK", "context":{"environment":"Prod_brazilsouth_prod-s01-034-sam-brazilsouth", "migrationStage":"NotStarted", "server":"akswtt01000000q"}}
{"logTime": "0729/194955", "correlationVector":"pmPbLayMsHysw4UhUiHyiD.3","action":"Commit.Sessions", "result":"Success", "context":{"id":"f413ac14-f836-4ac2-bbb2-d033d7dddaa4", "isDeleted":"true", "size":"0", "version":"1753818533365"}}
{"logTime": "0729/194956", "correlationVector":"pmPbLayMsHysw4UhUiHyiD.2","action":"Commit Response", "result":"Success", "context":Result: Success. cV=pmPbLayMsHysw4UhUiHyiD.0;server=akswtt01000000q;cloudType=Consumer;environment=Prod_brazilsouth_prod-s01-034-sam-brazilsouth;migrationStage=NotStarted}
{"logTime": "0729/195059", "correlationVector":"6xfkEcSrKnbgMmJn0ibgwd","action":"Commit Request", "result":"", "context":Item count: 20
Contributing types: Sessions, History}
{"logTime": "0729/195100", "correlationVector":"6xfkEcSrKnbgMmJn0ibgwd.1","action":"SyncServerConnectionManagerRequest", "result":"SYNC_SERVER_OK", "context":{"environment":"Prod_brazilsouth_prod-s01-034-sam-brazilsouth", "migrationStage":"NotStarted", "server":"akswtt01000000r"}}
{"logTime": "0729/195100", "correlationVector":"6xfkEcSrKnbgMmJn0ibgwd.2","action":"Commit Response", "result":"Success", "context":Result: Success. cV=6xfkEcSrKnbgMmJn0ibgwd.0;server=akswtt01000000r;cloudType=Consumer;environment=Prod_brazilsouth_prod-s01-034-sam-brazilsouth;migrationStage=NotStarted}
{"logTime": "0729/195200", "correlationVector":"+ScIcpPgan4D8kDWJtDeZv","action":"Commit Request", "result":"", "context":Item count: 20
Contributing types: Sessions, History}
{"logTime": "0729/195202", "correlationVector":"+ScIcpPgan4D8kDWJtDeZv.1","action":"SyncServerConnectionManagerRequest", "result":"SYNC_SERVER_OK", "context":{"environment":"Prod_brazilsouth_prod-s01-034-sam-brazilsouth", "migrationStage":"NotStarted", "server":"akswtt01000001a"}}
{"logTime": "0729/195202", "correlationVector":"+ScIcpPgan4D8kDWJtDeZv.3","action":"Commit.Sessions", "result":"Success", "context":{"id":"edd3ab36-ae2f-47b0-a066-680b81e3473f", "isDeleted":"true", "size":"0", "version":"1753818659710"}}
{"logTime": "0729/195202", "correlationVector":"+ScIcpPgan4D8kDWJtDeZv.2","action":"Commit Response", "result":"Success", "context":Result: Success. cV=+ScIcpPgan4D8kDWJtDeZv.0;server=akswtt01000001a;cloudType=Consumer;environment=Prod_brazilsouth_prod-s01-034-sam-brazilsouth;migrationStage=NotStarted}
{"logTime": "0729/195455", "correlationVector":"Upvf9pKXdPwthOcVl71Xbv","action":"Normal GetUpdate request", "result":"", "context":cV=Upvf9pKXdPwthOcVl71Xbv
Notified types: Sessions, History}
{"logTime": "0729/195458", "correlationVector":"Upvf9pKXdPwthOcVl71Xbv.1","action":"SyncServerConnectionManagerRequest", "result":"SYNC_SERVER_OK", "context":{"environment":"Prod_brazilsouth_prod-s01-034-sam-brazilsouth", "migrationStage":"NotStarted", "server":"akswtt01000000g"}}
{"logTime": "0729/195458", "correlationVector":"Upvf9pKXdPwthOcVl71Xbv.2","action":"ProcessGetUpdates", "result":"Done", "context":{"dataType":"Bookmarks", "deleted":"0", "process_failed_to_decrypt":"0", "process_pending_decryption":"0", "process_success":"1", "total":"1"}}
{"logTime": "0729/195458", "correlationVector":"Upvf9pKXdPwthOcVl71Xbv.3","action":"ProcessGetUpdates", "result":"Done", "context":{"dataType":"Preferences", "deleted":"0", "process_failed_to_decrypt":"0", "process_pending_decryption":"0", "process_success":"1", "total":"1"}}
{"logTime": "0729/195458", "correlationVector":"Upvf9pKXdPwthOcVl71Xbv.4","action":"ProcessGetUpdates", "result":"Done", "context":{"dataType":"Sessions", "deleted":"7", "process_failed_to_decrypt":"0", "process_pending_decryption":"0", "process_success":"36", "total":"36"}}
{"logTime": "0729/195458", "correlationVector":"Upvf9pKXdPwthOcVl71Xbv.5","action":"ProcessGetUpdates", "result":"Done", "context":{"dataType":"Device Info", "deleted":"0", "process_failed_to_decrypt":"0", "process_pending_decryption":"0", "process_success":"1", "total":"1"}}
{"logTime": "0729/195458", "correlationVector":"Upvf9pKXdPwthOcVl71Xbv.6","action":"ProcessGetUpdates", "result":"Done", "context":{"dataType":"History", "deleted":"0", "process_failed_to_decrypt":"0", "process_pending_decryption":"0", "process_success":"58", "total":"58"}}
{"logTime": "0729/195458", "correlationVector":"Upvf9pKXdPwthOcVl71Xbv.7","action":"GetUpdates Response", "result":"Success", "context":Received 97 update(s). cV=Upvf9pKXdPwthOcVl71Xbv.0;server=akswtt01000000g;cloudType=Consumer;environment=Prod_brazilsouth_prod-s01-034-sam-brazilsouth;migrationStage=NotStarted}
{"logTime": "0729/195458", "correlationVector":"dKhctEpBsnqrdfmG33zdJ5","action":"Commit Request", "result":"", "context":Item count: 7
Contributing types: Sessions}
{"logTime": "0729/195459", "correlationVector":"dKhctEpBsnqrdfmG33zdJ5.1","action":"SyncServerConnectionManagerRequest", "result":"SYNC_SERVER_OK", "context":{"environment":"Prod_brazilsouth_prod-s01-034-sam-brazilsouth", "migrationStage":"NotStarted", "server":"akswtt01000000p"}}
{"logTime": "0729/195459", "correlationVector":"dKhctEpBsnqrdfmG33zdJ5.3","action":"Commit.Sessions", "result":"Success", "context":{"id":"4f83ce79-a63b-47dd-81e8-66e684b91743", "isDeleted":"true", "size":"0", "version":"1753818721107"}}
{"logTime": "0729/195459", "correlationVector":"dKhctEpBsnqrdfmG33zdJ5.4","action":"Commit.Sessions", "result":"Success", "context":{"id":"08bc19f2-3d47-4885-b928-723784eaa2b2", "isDeleted":"true", "size":"0", "version":"1753818721108"}}
{"logTime": "0729/195459", "correlationVector":"dKhctEpBsnqrdfmG33zdJ5.5","action":"Commit.Sessions", "result":"Success", "context":{"id":"161985a9-dbda-410e-9d8a-6bcebe024ef2", "isDeleted":"true", "size":"0", "version":"1753818721109"}}
{"logTime": "0729/195459", "correlationVector":"dKhctEpBsnqrdfmG33zdJ5.6","action":"Commit.Sessions", "result":"Success", "context":{"id":"0b07c9ad-7e91-4c4e-acde-52119e092468", "isDeleted":"true", "size":"0", "version":"1753818721112"}}
{"logTime": "0729/195459", "correlationVector":"dKhctEpBsnqrdfmG33zdJ5.2","action":"Commit Response", "result":"Success", "context":Result: Success. cV=dKhctEpBsnqrdfmG33zdJ5.0;server=akswtt01000000p;cloudType=Consumer;environment=Prod_brazilsouth_prod-s01-034-sam-brazilsouth;migrationStage=NotStarted}
{"logTime": "0729/195459", "correlationVector":"dKhctEpBsnqrdfmG33zdJ5.7","action":"Commit.Sessions", "result":"Success", "context":{"id":"cae54e82-5163-4523-844a-c43289f1f5bc", "isDeleted":"true", "size":"0", "version":"1753818721114"}}
{"logTime": "0729/195459", "correlationVector":"dKhctEpBsnqrdfmG33zdJ5.8","action":"Commit.Sessions", "result":"Success", "context":{"id":"4fbfd6ae-37b1-45ed-935e-9df45e30060d", "isDeleted":"true", "size":"0", "version":"1753818721115"}}
{"logTime": "0729/195459", "correlationVector":"dKhctEpBsnqrdfmG33zdJ5.9","action":"Commit.Sessions", "result":"Success", "context":{"id":"bdadf233-e6db-4ceb-a5d4-f259a9bc29c7", "isDeleted":"true", "size":"0", "version":"1753818721116"}}
{"logTime": "0729/195459", "correlationVector":"jy9VmcEryJw1pZTfuAao3x","action":"Normal GetUpdate request", "result":"", "context":cV=jy9VmcEryJw1pZTfuAao3x
Nudged types: Sessions
Refresh requested types: Sessions}
{"logTime": "0729/195459", "correlationVector":"jy9VmcEryJw1pZTfuAao3x.1","action":"SyncServerConnectionManagerRequest", "result":"SYNC_SERVER_OK", "context":{"environment":"Prod_brazilsouth_prod-s01-034-sam-brazilsouth", "migrationStage":"NotStarted", "server":"akswtt010000014"}}
{"logTime": "0729/195459", "correlationVector":"jy9VmcEryJw1pZTfuAao3x.2","action":"ProcessGetUpdates", "result":"Done", "context":{"dataType":"Sessions", "deleted":"7", "process_failed_to_decrypt":"0", "process_pending_decryption":"0", "process_success":"7", "total":"7"}}
{"logTime": "0729/195459", "correlationVector":"jy9VmcEryJw1pZTfuAao3x.3","action":"GetUpdates Response", "result":"Success", "context":Received 7 update(s). cV=jy9VmcEryJw1pZTfuAao3x.0;server=akswtt010000014;cloudType=Consumer;environment=Prod_brazilsouth_prod-s01-034-sam-brazilsouth;migrationStage=NotStarted}
{"logTime": "0729/195505", "correlationVector":"mtmZWpBu070rvL+pZ7X5Gs","action":"Commit Request", "result":"", "context":Item count: 1
Contributing types: Preferences}
{"logTime": "0729/195505", "correlationVector":"mtmZWpBu070rvL+pZ7X5Gs.1","action":"SyncServerConnectionManagerRequest", "result":"SYNC_SERVER_OK", "context":{"environment":"Prod_brazilsouth_prod-s01-034-sam-brazilsouth", "migrationStage":"NotStarted", "server":"akswtt01000000v"}}
{"logTime": "0729/195505", "correlationVector":"mtmZWpBu070rvL+pZ7X5Gs.2","action":"Commit Response", "result":"Success", "context":Result: Success. cV=mtmZWpBu070rvL+pZ7X5Gs.0;server=akswtt01000000v;cloudType=Consumer;environment=Prod_brazilsouth_prod-s01-034-sam-brazilsouth;migrationStage=NotStarted}
{"logTime": "0729/195613", "correlationVector":"tKGap/BS/0vF0HPKwT22Sb","action":"Commit Request", "result":"", "context":Item count: 11
Contributing types: Sessions, History}
{"logTime": "0729/195614", "correlationVector":"tKGap/BS/0vF0HPKwT22Sb.1","action":"SyncServerConnectionManagerRequest", "result":"SYNC_SERVER_OK", "context":{"environment":"Prod_brazilsouth_prod-s01-034-sam-brazilsouth", "migrationStage":"NotStarted", "server":"akswtt01000001c"}}
{"logTime": "0729/195614", "correlationVector":"tKGap/BS/0vF0HPKwT22Sb.2","action":"Commit Response", "result":"Success", "context":Result: Success. cV=tKGap/BS/0vF0HPKwT22Sb.0;server=akswtt01000001c;cloudType=Consumer;environment=Prod_brazilsouth_prod-s01-034-sam-brazilsouth;migrationStage=NotStarted}
{"logTime": "0729/195705", "correlationVector":"r9j4Ht+NID1v3yW+sBlhpN","action":"Commit Request", "result":"", "context":Item count: 10
Contributing types: Bookmarks, Sessions, History}
{"logTime": "0729/195706", "correlationVector":"r9j4Ht+NID1v3yW+sBlhpN.1","action":"SyncServerConnectionManagerRequest", "result":"SYNC_SERVER_OK", "context":{"environment":"Prod_brazilsouth_prod-s01-034-sam-brazilsouth", "migrationStage":"NotStarted", "server":"akswtt010000018"}}
{"logTime": "0729/195706", "correlationVector":"r9j4Ht+NID1v3yW+sBlhpN.2","action":"Commit Response", "result":"Success", "context":Result: Success. cV=r9j4Ht+NID1v3yW+sBlhpN.0;server=akswtt010000018;cloudType=Consumer;environment=Prod_brazilsouth_prod-s01-034-sam-brazilsouth;migrationStage=NotStarted}
{"logTime": "0729/195806", "correlationVector":"ReGSZY5toXtSBL/Q3aUbcU","action":"Commit Request", "result":"", "context":Item count: 5
Contributing types: Sessions, History}
{"logTime": "0729/195806", "correlationVector":"ReGSZY5toXtSBL/Q3aUbcU.1","action":"SyncServerConnectionManagerRequest", "result":"SYNC_SERVER_OK", "context":{"environment":"Prod_brazilsouth_prod-s01-034-sam-brazilsouth", "migrationStage":"NotStarted", "server":"akswtt01000000l"}}
{"logTime": "0729/195806", "correlationVector":"ReGSZY5toXtSBL/Q3aUbcU.2","action":"Commit Response", "result":"Success", "context":Result: Success. cV=ReGSZY5toXtSBL/Q3aUbcU.0;server=akswtt01000000l;cloudType=Consumer;environment=Prod_brazilsouth_prod-s01-034-sam-brazilsouth;migrationStage=NotStarted}
{"logTime": "0729/195904", "correlationVector":"GTsMEEtBiManmzAajfOn4J","action":"Commit Request", "result":"", "context":Item count: 10
Contributing types: Preferences, Sessions, History}
{"logTime": "0729/195904", "correlationVector":"GTsMEEtBiManmzAajfOn4J.1","action":"SyncServerConnectionManagerRequest", "result":"SYNC_SERVER_OK", "context":{"environment":"Prod_brazilsouth_prod-s01-034-sam-brazilsouth", "migrationStage":"NotStarted", "server":"akswtt01000000q"}}
{"logTime": "0729/195904", "correlationVector":"GTsMEEtBiManmzAajfOn4J.2","action":"Commit Response", "result":"Success", "context":Result: Success. cV=GTsMEEtBiManmzAajfOn4J.0;server=akswtt01000000q;cloudType=Consumer;environment=Prod_brazilsouth_prod-s01-034-sam-brazilsouth;migrationStage=NotStarted}
{"logTime": "0729/200005", "correlationVector":"8VJOvSTXjTM0DT34CU3WPv","action":"Commit Request", "result":"", "context":Item count: 10
Contributing types: Sessions, History}
{"logTime": "0729/200006", "correlationVector":"8VJOvSTXjTM0DT34CU3WPv.1","action":"SyncServerConnectionManagerRequest", "result":"SYNC_SERVER_OK", "context":{"environment":"Prod_brazilsouth_prod-s01-034-sam-brazilsouth", "migrationStage":"NotStarted", "server":"akswtt01000000m"}}
{"logTime": "0729/200006", "correlationVector":"8VJOvSTXjTM0DT34CU3WPv.2","action":"Commit Response", "result":"Success", "context":Result: Success. cV=8VJOvSTXjTM0DT34CU3WPv.0;server=akswtt01000000m;cloudType=Consumer;environment=Prod_brazilsouth_prod-s01-034-sam-brazilsouth;migrationStage=NotStarted}
{"logTime": "0729/200101", "correlationVector":"c/CXhb/07UVp6j1aSfIl7K","action":"Commit Request", "result":"", "context":Item count: 4
Contributing types: Preferences, Sessions}
{"logTime": "0729/200101", "correlationVector":"c/CXhb/07UVp6j1aSfIl7K.1","action":"SyncServerConnectionManagerRequest", "result":"SYNC_SERVER_OK", "context":{"environment":"Prod_brazilsouth_prod-s01-034-sam-brazilsouth", "migrationStage":"NotStarted", "server":"akswtt010000019"}}
{"logTime": "0729/200101", "correlationVector":"c/CXhb/07UVp6j1aSfIl7K.3","action":"Commit.Sessions", "result":"Success", "context":{"id":"025c69e0-c8a2-45de-b810-06bd467626c5", "isDeleted":"true", "size":"0", "version":"1753819205928"}}
{"logTime": "0729/200101", "correlationVector":"c/CXhb/07UVp6j1aSfIl7K.2","action":"Commit Response", "result":"Success", "context":Result: Success. cV=c/CXhb/07UVp6j1aSfIl7K.0;server=akswtt010000019;cloudType=Consumer;environment=Prod_brazilsouth_prod-s01-034-sam-brazilsouth;migrationStage=NotStarted}
{"logTime": "0729/200204", "correlationVector":"z1eeuTuRt9iFPj1E2D42il","action":"Commit Request", "result":"", "context":Item count: 6
Contributing types: Sessions, History}
{"logTime": "0729/200204", "correlationVector":"z1eeuTuRt9iFPj1E2D42il.1","action":"SyncServerConnectionManagerRequest", "result":"SYNC_SERVER_OK", "context":{"environment":"Prod_brazilsouth_prod-s01-034-sam-brazilsouth", "migrationStage":"NotStarted", "server":"akswtt01000000v"}}
{"logTime": "0729/200204", "correlationVector":"z1eeuTuRt9iFPj1E2D42il.2","action":"Commit Response", "result":"Success", "context":Result: Success. cV=z1eeuTuRt9iFPj1E2D42il.0;server=akswtt01000000v;cloudType=Consumer;environment=Prod_brazilsouth_prod-s01-034-sam-brazilsouth;migrationStage=NotStarted}
{"logTime": "0729/200305", "correlationVector":"TxoEVjA2tdZlvn0P4alg3V","action":"Commit Request", "result":"", "context":Item count: 5
Contributing types: Sessions, History}
{"logTime": "0729/200305", "correlationVector":"TxoEVjA2tdZlvn0P4alg3V.1","action":"SyncServerConnectionManagerRequest", "result":"SYNC_SERVER_OK", "context":{"environment":"Prod_brazilsouth_prod-s01-034-sam-brazilsouth", "migrationStage":"NotStarted", "server":"akswtt010000015"}}
{"logTime": "0729/200305", "correlationVector":"TxoEVjA2tdZlvn0P4alg3V.3","action":"Commit.Sessions", "result":"Success", "context":{"id":"73919928-c15f-4d7d-a51b-75bd7cd31819", "isDeleted":"true", "size":"0", "version":"1753819324581"}}
{"logTime": "0729/200305", "correlationVector":"TxoEVjA2tdZlvn0P4alg3V.2","action":"Commit Response", "result":"Success", "context":Result: Success. cV=TxoEVjA2tdZlvn0P4alg3V.0;server=akswtt010000015;cloudType=Consumer;environment=Prod_brazilsouth_prod-s01-034-sam-brazilsouth;migrationStage=NotStarted}
{"logTime": "0729/200718", "correlationVector":"xnAUL9dZFAQCSwrBEmZp0c","action":"Commit Request", "result":"", "context":Item count: 5
Contributing types: Sessions, History}
{"logTime": "0729/200719", "correlationVector":"xnAUL9dZFAQCSwrBEmZp0c.1","action":"SyncServerConnectionManagerRequest", "result":"SYNC_SERVER_OK", "context":{"environment":"Prod_brazilsouth_prod-s01-001-sam-brazilsouth", "migrationStage":"NotStarted", "server":"akswtt21400001z"}}
{"logTime": "0729/200719", "correlationVector":"xnAUL9dZFAQCSwrBEmZp0c.3","action":"Commit.Sessions", "result":"Success", "context":{"id":"f674102f-0e75-477d-8d75-5982137f586d", "isDeleted":"true", "size":"0", "version":"1753819385294"}}
{"logTime": "0729/200719", "correlationVector":"xnAUL9dZFAQCSwrBEmZp0c.4","action":"Commit.Sessions", "result":"Success", "context":{"id":"bbc99f29-b058-47af-87a6-3e8e0a6637a0", "isDeleted":"true", "size":"0", "version":"1753819261747"}}
{"logTime": "0729/200719", "correlationVector":"xnAUL9dZFAQCSwrBEmZp0c.2","action":"Commit Response", "result":"Success", "context":Result: Success. cV=xnAUL9dZFAQCSwrBEmZp0c.0;server=akswtt21400001z;cloudType=Consumer;environment=Prod_brazilsouth_prod-s01-001-sam-brazilsouth;migrationStage=NotStarted}
{"logTime": "0729/201859", "correlationVector":"uxwHD3a0FJfe2HylKFFZz8","action":"Normal GetUpdate request", "result":"", "context":cV=uxwHD3a0FJfe2HylKFFZz8
Notified types: Sessions, History}
{"logTime": "0729/201859", "correlationVector":"uxwHD3a0FJfe2HylKFFZz8.1","action":"SyncServerConnectionManagerRequest", "result":"SYNC_SERVER_OK", "context":{"environment":"Prod_brazilsouth_prod-s01-001-sam-brazilsouth", "migrationStage":"NotStarted", "server":"akswtt21400000q"}}
{"logTime": "0729/201859", "correlationVector":"uxwHD3a0FJfe2HylKFFZz8.2","action":"ProcessGetUpdates", "result":"Done", "context":{"dataType":"Bookmarks", "deleted":"0", "process_failed_to_decrypt":"0", "process_pending_decryption":"0", "process_success":"1", "total":"1"}}
{"logTime": "0729/201859", "correlationVector":"uxwHD3a0FJfe2HylKFFZz8.3","action":"ProcessGetUpdates", "result":"Done", "context":{"dataType":"Preferences", "deleted":"0", "process_failed_to_decrypt":"0", "process_pending_decryption":"0", "process_success":"1", "total":"1"}}
{"logTime": "0729/201859", "correlationVector":"uxwHD3a0FJfe2HylKFFZz8.4","action":"ProcessGetUpdates", "result":"Done", "context":{"dataType":"Sessions", "deleted":"4", "process_failed_to_decrypt":"0", "process_pending_decryption":"0", "process_success":"6", "total":"6"}}
{"logTime": "0729/201859", "correlationVector":"uxwHD3a0FJfe2HylKFFZz8.5","action":"ProcessGetUpdates", "result":"Done", "context":{"dataType":"History", "deleted":"0", "process_failed_to_decrypt":"0", "process_pending_decryption":"0", "process_success":"34", "total":"34"}}
{"logTime": "0729/201859", "correlationVector":"uxwHD3a0FJfe2HylKFFZz8.6","action":"GetUpdates Response", "result":"Success", "context":Received 42 update(s). cV=uxwHD3a0FJfe2HylKFFZz8.0;server=akswtt21400000q;cloudType=Consumer;environment=Prod_brazilsouth_prod-s01-001-sam-brazilsouth;migrationStage=NotStarted}
{"logTime": "0729/201859", "correlationVector":"7WQvMNFOA7mKWSBFa/9pEX","action":"Normal GetUpdate request", "result":"", "context":cV=7WQvMNFOA7mKWSBFa/9pEX
Refresh requested types: Sessions}
{"logTime": "0729/201859", "correlationVector":"7WQvMNFOA7mKWSBFa/9pEX.1","action":"SyncServerConnectionManagerRequest", "result":"SYNC_SERVER_OK", "context":{"environment":"Prod_brazilsouth_prod-s01-001-sam-brazilsouth", "migrationStage":"NotStarted", "server":"akswtt21400000s"}}
{"logTime": "0729/201859", "correlationVector":"7WQvMNFOA7mKWSBFa/9pEX.2","action":"GetUpdates Response", "result":"Success", "context":Received 0 update(s). cV=7WQvMNFOA7mKWSBFa/9pEX.0;server=akswtt21400000s;cloudType=Consumer;environment=Prod_brazilsouth_prod-s01-001-sam-brazilsouth;migrationStage=NotStarted}
{"logTime": "0729/201959", "correlationVector":"r2/nDwDJts7lhXfkpBrhq/","action":"Normal GetUpdate request", "result":"", "context":cV=r2/nDwDJts7lhXfkpBrhq/
Notified types: Sessions, History}
{"logTime": "0729/201959", "correlationVector":"r2/nDwDJts7lhXfkpBrhq/.1","action":"SyncServerConnectionManagerRequest", "result":"SYNC_SERVER_OK", "context":{"environment":"Prod_brazilsouth_prod-s01-001-sam-brazilsouth", "migrationStage":"NotStarted", "server":"akswtt21400000r"}}
{"logTime": "0729/201959", "correlationVector":"r2/nDwDJts7lhXfkpBrhq/.2","action":"ProcessGetUpdates", "result":"Done", "context":{"dataType":"Sessions", "deleted":"0", "process_failed_to_decrypt":"0", "process_pending_decryption":"0", "process_success":"1", "total":"1"}}
{"logTime": "0729/201959", "correlationVector":"r2/nDwDJts7lhXfkpBrhq/.3","action":"ProcessGetUpdates", "result":"Done", "context":{"dataType":"History", "deleted":"0", "process_failed_to_decrypt":"0", "process_pending_decryption":"0", "process_success":"2", "total":"2"}}
{"logTime": "0729/201959", "correlationVector":"r2/nDwDJts7lhXfkpBrhq/.4","action":"GetUpdates Response", "result":"Success", "context":Received 3 update(s). cV=r2/nDwDJts7lhXfkpBrhq/.0;server=akswtt21400000r;cloudType=Consumer;environment=Prod_brazilsouth_prod-s01-001-sam-brazilsouth;migrationStage=NotStarted}
{"logTime": "0729/201959", "correlationVector":"8zD+dNh6wi14WOyMLpBBVr","action":"Normal GetUpdate request", "result":"", "context":cV=8zD+dNh6wi14WOyMLpBBVr
Refresh requested types: Sessions}
{"logTime": "0729/201959", "correlationVector":"8zD+dNh6wi14WOyMLpBBVr.1","action":"SyncServerConnectionManagerRequest", "result":"SYNC_SERVER_OK", "context":{"environment":"Prod_brazilsouth_prod-s01-001-sam-brazilsouth", "migrationStage":"NotStarted", "server":"akswtt21400000d"}}
{"logTime": "0729/201959", "correlationVector":"8zD+dNh6wi14WOyMLpBBVr.2","action":"GetUpdates Response", "result":"Success", "context":Received 0 update(s). cV=8zD+dNh6wi14WOyMLpBBVr.0;server=akswtt21400000d;cloudType=Consumer;environment=Prod_brazilsouth_prod-s01-001-sam-brazilsouth;migrationStage=NotStarted}
{"logTime": "0729/221247", "correlationVector":"KEWhsYCCC/T7HwV+6grrAp","action":"Commit Request", "result":"", "context":Item count: 12
Contributing types: Bookmarks, Sessions, History}
{"logTime": "0729/221248", "correlationVector":"KEWhsYCCC/T7HwV+6grrAp.1","action":"SyncServerConnectionManagerRequest", "result":"SYNC_SERVER_OK", "context":{"environment":"Prod_brazilsouth_prod-s01-001-sam-brazilsouth", "migrationStage":"NotStarted", "server":"akswtt21400000t"}}
{"logTime": "0729/221248", "correlationVector":"KEWhsYCCC/T7HwV+6grrAp.2","action":"Commit Response", "result":"Success", "context":Result: Success. cV=KEWhsYCCC/T7HwV+6grrAp.0;server=akswtt21400000t;cloudType=Consumer;environment=Prod_brazilsouth_prod-s01-001-sam-brazilsouth;migrationStage=NotStarted}
{"logTime": "0729/221250", "correlationVector":"de5HsU7eF3QoUeUAR3YGE6","action":"Commit Request", "result":"", "context":Item count: 4
Contributing types: Bookmarks, Sessions, History}
{"logTime": "0729/221250", "correlationVector":"de5HsU7eF3QoUeUAR3YGE6.1","action":"SyncServerConnectionManagerRequest", "result":"SYNC_SERVER_OK", "context":{"environment":"Prod_brazilsouth_prod-s01-001-sam-brazilsouth", "migrationStage":"NotStarted", "server":"akswtt21400001j"}}
{"logTime": "0729/221250", "correlationVector":"de5HsU7eF3QoUeUAR3YGE6.2","action":"Commit Response", "result":"Success", "context":Result: Success. cV=de5HsU7eF3QoUeUAR3YGE6.0;server=akswtt21400001j;cloudType=Consumer;environment=Prod_brazilsouth_prod-s01-001-sam-brazilsouth;migrationStage=NotStarted}
{"logTime": "0729/221309", "correlationVector":"RNQWILuXqRGV8x04JEzGtd","action":"Commit Request", "result":"", "context":Item count: 8
Contributing types: Preferences, Sessions, History}
{"logTime": "0729/221310", "correlationVector":"RNQWILuXqRGV8x04JEzGtd.1","action":"SyncServerConnectionManagerRequest", "result":"SYNC_SERVER_OK", "context":{"environment":"Prod_brazilsouth_prod-s01-001-sam-brazilsouth", "migrationStage":"NotStarted", "server":"akswtt21400000q"}}
{"logTime": "0729/221310", "correlationVector":"RNQWILuXqRGV8x04JEzGtd.2","action":"Commit Response", "result":"Success", "context":Result: Success. cV=RNQWILuXqRGV8x04JEzGtd.0;server=akswtt21400000q;cloudType=Consumer;environment=Prod_brazilsouth_prod-s01-001-sam-brazilsouth;migrationStage=NotStarted}
{"logTime": "0729/221417", "correlationVector":"qMhR81NDpfgCb6cRu1M2/Z","action":"Commit Request", "result":"", "context":Item count: 5
Contributing types: Sessions, History}
{"logTime": "0729/221417", "correlationVector":"qMhR81NDpfgCb6cRu1M2/Z.1","action":"SyncServerConnectionManagerRequest", "result":"SYNC_SERVER_OK", "context":{"environment":"Prod_brazilsouth_prod-s01-001-sam-brazilsouth", "migrationStage":"NotStarted", "server":"akswtt214000007"}}
{"logTime": "0729/221417", "correlationVector":"qMhR81NDpfgCb6cRu1M2/Z.2","action":"Commit Response", "result":"Success", "context":Result: Success. cV=qMhR81NDpfgCb6cRu1M2/Z.0;server=akswtt214000007;cloudType=Consumer;environment=Prod_brazilsouth_prod-s01-001-sam-brazilsouth;migrationStage=NotStarted}
{"logTime": "0729/221523", "correlationVector":"IvseQ5qgYjIt4iUY8Jeq4e","action":"Commit Request", "result":"", "context":Item count: 1
Contributing types: Sessions}
{"logTime": "0729/221523", "correlationVector":"IvseQ5qgYjIt4iUY8Jeq4e.1","action":"SyncServerConnectionManagerRequest", "result":"SYNC_SERVER_OK", "context":{"environment":"Prod_brazilsouth_prod-s01-001-sam-brazilsouth", "migrationStage":"NotStarted", "server":"akswtt21400000s"}}
{"logTime": "0729/221523", "correlationVector":"IvseQ5qgYjIt4iUY8Jeq4e.2","action":"Commit Response", "result":"Success", "context":Result: Success. cV=IvseQ5qgYjIt4iUY8Jeq4e.0;server=akswtt21400000s;cloudType=Consumer;environment=Prod_brazilsouth_prod-s01-001-sam-brazilsouth;migrationStage=NotStarted}
{"logTime": "0729/221635", "correlationVector":"cih+1caSY1KpfqhL1sB/ka","action":"Commit Request", "result":"", "context":Item count: 11
Contributing types: Sessions, History}
{"logTime": "0729/221635", "correlationVector":"cih+1caSY1KpfqhL1sB/ka.1","action":"SyncServerConnectionManagerRequest", "result":"SYNC_SERVER_OK", "context":{"environment":"Prod_brazilsouth_prod-s01-001-sam-brazilsouth", "migrationStage":"NotStarted", "server":"akswtt21400001j"}}
{"logTime": "0729/221635", "correlationVector":"cih+1caSY1KpfqhL1sB/ka.2","action":"Commit Response", "result":"Success", "context":Result: Success. cV=cih+1caSY1KpfqhL1sB/ka.0;server=akswtt21400001j;cloudType=Consumer;environment=Prod_brazilsouth_prod-s01-001-sam-brazilsouth;migrationStage=NotStarted}
{"logTime": "0729/221944", "correlationVector":"VGCaKOEJXO7S9Rc0sJDEwC","action":"Commit Request", "result":"", "context":Item count: 5
Contributing types: Sessions, History}
{"logTime": "0729/221944", "correlationVector":"VGCaKOEJXO7S9Rc0sJDEwC.1","action":"SyncServerConnectionManagerRequest", "result":"SYNC_SERVER_OK", "context":{"environment":"Prod_brazilsouth_prod-s01-001-sam-brazilsouth", "migrationStage":"NotStarted", "server":"akswtt214000003"}}
{"logTime": "0729/221944", "correlationVector":"VGCaKOEJXO7S9Rc0sJDEwC.2","action":"Commit Response", "result":"Success", "context":Result: Success. cV=VGCaKOEJXO7S9Rc0sJDEwC.0;server=akswtt214000003;cloudType=Consumer;environment=Prod_brazilsouth_prod-s01-001-sam-brazilsouth;migrationStage=NotStarted}
{"logTime": "0729/222314", "correlationVector":"aC3Nj85+fvEptJOuJ29Pd4","action":"Commit Request", "result":"", "context":Item count: 1
Contributing types: Preferences}
{"logTime": "0729/222314", "correlationVector":"aC3Nj85+fvEptJOuJ29Pd4.1","action":"SyncServerConnectionManagerRequest", "result":"SYNC_SERVER_OK", "context":{"environment":"Prod_brazilsouth_prod-s01-001-sam-brazilsouth", "migrationStage":"NotStarted", "server":"akswtt21400000o"}}
{"logTime": "0729/222314", "correlationVector":"aC3Nj85+fvEptJOuJ29Pd4.2","action":"Commit Response", "result":"Success", "context":Result: Success. cV=aC3Nj85+fvEptJOuJ29Pd4.0;server=akswtt21400000o;cloudType=Consumer;environment=Prod_brazilsouth_prod-s01-001-sam-brazilsouth;migrationStage=NotStarted}
{"logTime": "0729/222414", "correlationVector":"j9VlNAXKz01ARgNecwfYkn","action":"Commit Request", "result":"", "context":Item count: 18
Contributing types: Sessions, History}
{"logTime": "0729/222415", "correlationVector":"j9VlNAXKz01ARgNecwfYkn.1","action":"SyncServerConnectionManagerRequest", "result":"SYNC_SERVER_OK", "context":{"environment":"Prod_brazilsouth_prod-s01-001-sam-brazilsouth", "migrationStage":"NotStarted", "server":"akswtt21400000q"}}
{"logTime": "0729/222415", "correlationVector":"j9VlNAXKz01ARgNecwfYkn.2","action":"Commit Response", "result":"Success", "context":Result: Success. cV=j9VlNAXKz01ARgNecwfYkn.0;server=akswtt21400000q;cloudType=Consumer;environment=Prod_brazilsouth_prod-s01-001-sam-brazilsouth;migrationStage=NotStarted}
{"logTime": "0729/222518", "correlationVector":"VQAVYMiNCfaha0cOByxZzu","action":"Commit Request", "result":"", "context":Item count: 15
Contributing types: Sessions, History}
{"logTime": "0729/222519", "correlationVector":"VQAVYMiNCfaha0cOByxZzu.1","action":"SyncServerConnectionManagerRequest", "result":"SYNC_SERVER_OK", "context":{"environment":"Prod_brazilsouth_prod-s01-001-sam-brazilsouth", "migrationStage":"NotStarted", "server":"akswtt21400001c"}}
{"logTime": "0729/222519", "correlationVector":"VQAVYMiNCfaha0cOByxZzu.2","action":"Commit Response", "result":"Success", "context":Result: Success. cV=VQAVYMiNCfaha0cOByxZzu.0;server=akswtt21400001c;cloudType=Consumer;environment=Prod_brazilsouth_prod-s01-001-sam-brazilsouth;migrationStage=NotStarted}
{"logTime": "0729/222620", "correlationVector":"pAZ2wOWFJUI49X2+HwhHE4","action":"Commit Request", "result":"", "context":Item count: 26
Contributing types: Sessions, History}
{"logTime": "0729/222621", "correlationVector":"pAZ2wOWFJUI49X2+HwhHE4.1","action":"SyncServerConnectionManagerRequest", "result":"SYNC_SERVER_OK", "context":{"environment":"Prod_brazilsouth_prod-s01-001-sam-brazilsouth", "migrationStage":"NotStarted", "server":"akswtt214000013"}}
{"logTime": "0729/222621", "correlationVector":"pAZ2wOWFJUI49X2+HwhHE4.2","action":"Commit Response", "result":"Success", "context":Result: Success. cV=pAZ2wOWFJUI49X2+HwhHE4.0;server=akswtt214000013;cloudType=Consumer;environment=Prod_brazilsouth_prod-s01-001-sam-brazilsouth;migrationStage=NotStarted}
{"logTime": "0729/222641", "correlationVector":"TMQgdbAQNTYmOs4O+d9MFW","action":"Commit Request", "result":"", "context":Item count: 9
Contributing types: Preferences, Sessions, History}
{"logTime": "0729/222641", "correlationVector":"TMQgdbAQNTYmOs4O+d9MFW.1","action":"SyncServerConnectionManagerRequest", "result":"SYNC_SERVER_OK", "context":{"environment":"Prod_brazilsouth_prod-s01-001-sam-brazilsouth", "migrationStage":"NotStarted", "server":"akswtt21400001c"}}
{"logTime": "0729/222641", "correlationVector":"TMQgdbAQNTYmOs4O+d9MFW.2","action":"Commit Response", "result":"Success", "context":Result: Success. cV=TMQgdbAQNTYmOs4O+d9MFW.0;server=akswtt21400001c;cloudType=Consumer;environment=Prod_brazilsouth_prod-s01-001-sam-brazilsouth;migrationStage=NotStarted}
{"logTime": "0729/222653", "correlationVector":"sHuMOq6fg7nl3z40z33v5u","action":"Commit Request", "result":"", "context":Item count: 4
Contributing types: Preferences, Sessions}
{"logTime": "0729/222653", "correlationVector":"sHuMOq6fg7nl3z40z33v5u.1","action":"SyncServerConnectionManagerRequest", "result":"SYNC_SERVER_OK", "context":{"environment":"Prod_brazilsouth_prod-s01-001-sam-brazilsouth", "migrationStage":"NotStarted", "server":"akswtt21400000b"}}
{"logTime": "0729/222653", "correlationVector":"sHuMOq6fg7nl3z40z33v5u.3","action":"Commit.Sessions", "result":"Success", "context":{"id":"7871953b-a1e9-437b-960d-3c0fffae0a36", "isDeleted":"true", "size":"0", "version":"1753828001752"}}
{"logTime": "0729/222653", "correlationVector":"sHuMOq6fg7nl3z40z33v5u.4","action":"Commit.Sessions", "result":"Success", "context":{"id":"bf652c13-a318-4d1b-bdc1-2222f29b1293", "isDeleted":"true", "size":"0", "version":"1753828001756"}}
{"logTime": "0729/222653", "correlationVector":"sHuMOq6fg7nl3z40z33v5u.2","action":"Commit Response", "result":"Success", "context":Result: Success. cV=sHuMOq6fg7nl3z40z33v5u.0;server=akswtt21400000b;cloudType=Consumer;environment=Prod_brazilsouth_prod-s01-001-sam-brazilsouth;migrationStage=NotStarted}
{"logTime": "0729/222753", "correlationVector":"1D8MTQfv7Ia4T+U6LBse+0","action":"Commit Request", "result":"", "context":Item count: 5
Contributing types: Sessions, History}
{"logTime": "0729/222754", "correlationVector":"1D8MTQfv7Ia4T+U6LBse+0.1","action":"SyncServerConnectionManagerRequest", "result":"SYNC_SERVER_OK", "context":{"environment":"Prod_brazilsouth_prod-s01-001-sam-brazilsouth", "migrationStage":"NotStarted", "server":"akswtt21400000b"}}
{"logTime": "0729/222754", "correlationVector":"1D8MTQfv7Ia4T+U6LBse+0.2","action":"Commit Response", "result":"Success", "context":Result: Success. cV=1D8MTQfv7Ia4T+U6LBse+0.0;server=akswtt21400000b;cloudType=Consumer;environment=Prod_brazilsouth_prod-s01-001-sam-brazilsouth;migrationStage=NotStarted}
{"logTime": "0729/222943", "correlationVector":"YWCucZvZMcHbApKBTS298f","action":"Commit Request", "result":"", "context":Item count: 3
Contributing types: Sessions, History}
{"logTime": "0729/222943", "correlationVector":"YWCucZvZMcHbApKBTS298f.1","action":"SyncServerConnectionManagerRequest", "result":"SYNC_SERVER_OK", "context":{"environment":"Prod_brazilsouth_prod-s01-001-sam-brazilsouth", "migrationStage":"NotStarted", "server":"akswtt21400000o"}}
{"logTime": "0729/222943", "correlationVector":"YWCucZvZMcHbApKBTS298f.2","action":"Commit Response", "result":"Success", "context":Result: Success. cV=YWCucZvZMcHbApKBTS298f.0;server=akswtt21400000o;cloudType=Consumer;environment=Prod_brazilsouth_prod-s01-001-sam-brazilsouth;migrationStage=NotStarted}
{"logTime": "0729/223349", "correlationVector":"pbLN2Eh6LPMBPHqJHoOsgB","action":"Commit Request", "result":"", "context":Item count: 1
Contributing types: Preferences}
{"logTime": "0729/223349", "correlationVector":"pbLN2Eh6LPMBPHqJHoOsgB.1","action":"SyncServerConnectionManagerRequest", "result":"SYNC_SERVER_OK", "context":{"environment":"Prod_brazilsouth_prod-s01-001-sam-brazilsouth", "migrationStage":"NotStarted", "server":"akswtt21400001e"}}
{"logTime": "0729/223349", "correlationVector":"pbLN2Eh6LPMBPHqJHoOsgB.2","action":"Commit Response", "result":"Success", "context":Result: Success. cV=pbLN2Eh6LPMBPHqJHoOsgB.0;server=akswtt21400001e;cloudType=Consumer;environment=Prod_brazilsouth_prod-s01-001-sam-brazilsouth;migrationStage=NotStarted}
{"logTime": "0729/223451", "correlationVector":"EhKihLKXa7LEsldlzsLnNp","action":"Commit Request", "result":"", "context":Item count: 4
Contributing types: Sessions, History}
{"logTime": "0729/223451", "correlationVector":"EhKihLKXa7LEsldlzsLnNp.1","action":"SyncServerConnectionManagerRequest", "result":"SYNC_SERVER_OK", "context":{"environment":"Prod_brazilsouth_prod-s01-001-sam-brazilsouth", "migrationStage":"NotStarted", "server":"akswtt214000009"}}
{"logTime": "0729/223451", "correlationVector":"EhKihLKXa7LEsldlzsLnNp.2","action":"Commit Response", "result":"Success", "context":Result: Success. cV=EhKihLKXa7LEsldlzsLnNp.0;server=akswtt214000009;cloudType=Consumer;environment=Prod_brazilsouth_prod-s01-001-sam-brazilsouth;migrationStage=NotStarted}
{"logTime": "0729/223555", "correlationVector":"q71XgCmjlnhKMX5qfi6O9m","action":"Commit Request", "result":"", "context":Item count: 9
Contributing types: Bookmarks, Sessions, History}
{"logTime": "0729/223555", "correlationVector":"q71XgCmjlnhKMX5qfi6O9m.1","action":"SyncServerConnectionManagerRequest", "result":"SYNC_SERVER_OK", "context":{"environment":"Prod_brazilsouth_prod-s01-001-sam-brazilsouth", "migrationStage":"NotStarted", "server":"akswtt21400000o"}}
{"logTime": "0729/223555", "correlationVector":"q71XgCmjlnhKMX5qfi6O9m.2","action":"Commit Response", "result":"Success", "context":Result: Success. cV=q71XgCmjlnhKMX5qfi6O9m.0;server=akswtt21400000o;cloudType=Consumer;environment=Prod_brazilsouth_prod-s01-001-sam-brazilsouth;migrationStage=NotStarted}
{"logTime": "0729/223614", "correlationVector":"4w9OUZn87tj8g4SWyK2nyu","action":"Commit Request", "result":"", "context":Item count: 3
Contributing types: Bookmarks, Sessions, History}
{"logTime": "0729/223614", "correlationVector":"4w9OUZn87tj8g4SWyK2nyu.1","action":"SyncServerConnectionManagerRequest", "result":"SYNC_SERVER_OK", "context":{"environment":"Prod_brazilsouth_prod-s01-001-sam-brazilsouth", "migrationStage":"NotStarted", "server":"akswtt214000008"}}
{"logTime": "0729/223614", "correlationVector":"4w9OUZn87tj8g4SWyK2nyu.2","action":"Commit Response", "result":"Success", "context":Result: Success. cV=4w9OUZn87tj8g4SWyK2nyu.0;server=akswtt214000008;cloudType=Consumer;environment=Prod_brazilsouth_prod-s01-001-sam-brazilsouth;migrationStage=NotStarted}
{"logTime": "0729/223629", "correlationVector":"ABpp01MBS3lzv8laM8T7Tw","action":"Commit Request", "result":"", "context":Item count: 3
Contributing types: Bookmarks, Sessions, History}
{"logTime": "0729/223629", "correlationVector":"ABpp01MBS3lzv8laM8T7Tw.1","action":"SyncServerConnectionManagerRequest", "result":"SYNC_SERVER_OK", "context":{"environment":"Prod_brazilsouth_prod-s01-001-sam-brazilsouth", "migrationStage":"NotStarted", "server":"akswtt214000010"}}
{"logTime": "0729/223629", "correlationVector":"ABpp01MBS3lzv8laM8T7Tw.2","action":"Commit Response", "result":"Success", "context":Result: Success. cV=ABpp01MBS3lzv8laM8T7Tw.0;server=akswtt214000010;cloudType=Consumer;environment=Prod_brazilsouth_prod-s01-001-sam-brazilsouth;migrationStage=NotStarted}
{"logTime": "0729/223734", "correlationVector":"gKzPRRmZ4s7mMcYow2++4c","action":"Commit Request", "result":"", "context":Item count: 5
Contributing types: Sessions, History}
{"logTime": "0729/223734", "correlationVector":"gKzPRRmZ4s7mMcYow2++4c.1","action":"SyncServerConnectionManagerRequest", "result":"SYNC_SERVER_OK", "context":{"environment":"Prod_brazilsouth_prod-s01-001-sam-brazilsouth", "migrationStage":"NotStarted", "server":"akswtt21400000o"}}
{"logTime": "0729/223734", "correlationVector":"gKzPRRmZ4s7mMcYow2++4c.3","action":"Commit.Sessions", "result":"Success", "context":{"id":"e2e9999c-1bfd-40f9-a566-d99cd85b3402", "isDeleted":"true", "size":"0", "version":"1753828589925"}}
{"logTime": "0729/223734", "correlationVector":"gKzPRRmZ4s7mMcYow2++4c.2","action":"Commit Response", "result":"Success", "context":Result: Success. cV=gKzPRRmZ4s7mMcYow2++4c.0;server=akswtt21400000o;cloudType=Consumer;environment=Prod_brazilsouth_prod-s01-001-sam-brazilsouth;migrationStage=NotStarted}
{"logTime": "0729/224530", "correlationVector":"6RS1vHeMDQ9pZCspBfU06U","action":"Commit Request", "result":"", "context":Item count: 1
Contributing types: Preferences}
{"logTime": "0729/224530", "correlationVector":"6RS1vHeMDQ9pZCspBfU06U.1","action":"SyncServerConnectionManagerRequest", "result":"SYNC_SERVER_OK", "context":{"environment":"Prod_brazilsouth_prod-s01-001-sam-brazilsouth", "migrationStage":"NotStarted", "server":"akswtt214000009"}}
{"logTime": "0729/224530", "correlationVector":"6RS1vHeMDQ9pZCspBfU06U.2","action":"Commit Response", "result":"Success", "context":Result: Success. cV=6RS1vHeMDQ9pZCspBfU06U.0;server=akswtt214000009;cloudType=Consumer;environment=Prod_brazilsouth_prod-s01-001-sam-brazilsouth;migrationStage=NotStarted}
{"logTime": "0729/224631", "correlationVector":"0lBhIRKOaUNJPaZ/9zXUQ/","action":"Commit Request", "result":"", "context":Item count: 5
Contributing types: Sessions, History}
{"logTime": "0729/224631", "correlationVector":"0lBhIRKOaUNJPaZ/9zXUQ/.1","action":"SyncServerConnectionManagerRequest", "result":"SYNC_SERVER_OK", "context":{"environment":"Prod_brazilsouth_prod-s01-001-sam-brazilsouth", "migrationStage":"NotStarted", "server":"akswtt214000008"}}
{"logTime": "0729/224631", "correlationVector":"0lBhIRKOaUNJPaZ/9zXUQ/.2","action":"Commit Response", "result":"Success", "context":Result: Success. cV=0lBhIRKOaUNJPaZ/9zXUQ/.0;server=akswtt214000008;cloudType=Consumer;environment=Prod_brazilsouth_prod-s01-001-sam-brazilsouth;migrationStage=NotStarted}
{"logTime": "0729/224858", "correlationVector":"O7YZFF4mZrPqfw3/kMVKT4","action":"Commit Request", "result":"", "context":Item count: 1
Contributing types: Preferences}
{"logTime": "0729/224858", "correlationVector":"O7YZFF4mZrPqfw3/kMVKT4.1","action":"SyncServerConnectionManagerRequest", "result":"SYNC_SERVER_OK", "context":{"environment":"Prod_brazilsouth_prod-s01-001-sam-brazilsouth", "migrationStage":"NotStarted", "server":"akswtt214000012"}}
{"logTime": "0729/224858", "correlationVector":"O7YZFF4mZrPqfw3/kMVKT4.2","action":"Commit Response", "result":"Success", "context":Result: Success. cV=O7YZFF4mZrPqfw3/kMVKT4.0;server=akswtt214000012;cloudType=Consumer;environment=Prod_brazilsouth_prod-s01-001-sam-brazilsouth;migrationStage=NotStarted}
{"logTime": "0729/225006", "correlationVector":"h5+SffNk0wtDf6RKqM+PjW","action":"Commit Request", "result":"", "context":Item count: 3
Contributing types: Sessions, History}
{"logTime": "0729/225006", "correlationVector":"h5+SffNk0wtDf6RKqM+PjW.1","action":"SyncServerConnectionManagerRequest", "result":"SYNC_SERVER_OK", "context":{"environment":"Prod_brazilsouth_prod-s01-001-sam-brazilsouth", "migrationStage":"NotStarted", "server":"akswtt21400001t"}}
{"logTime": "0729/225006", "correlationVector":"h5+SffNk0wtDf6RKqM+PjW.2","action":"Commit Response", "result":"Success", "context":Result: Success. cV=h5+SffNk0wtDf6RKqM+PjW.0;server=akswtt21400001t;cloudType=Consumer;environment=Prod_brazilsouth_prod-s01-001-sam-brazilsouth;migrationStage=NotStarted}
{"logTime": "0729/225111", "correlationVector":"uktr8rpVr3OlAwEDYkeH6e","action":"Commit Request", "result":"", "context":Item count: 9
Contributing types: Sessions, History}
{"logTime": "0729/225112", "correlationVector":"uktr8rpVr3OlAwEDYkeH6e.1","action":"SyncServerConnectionManagerRequest", "result":"SYNC_SERVER_OK", "context":{"environment":"Prod_brazilsouth_prod-s01-001-sam-brazilsouth", "migrationStage":"NotStarted", "server":"akswtt21400000m"}}
{"logTime": "0729/225112", "correlationVector":"uktr8rpVr3OlAwEDYkeH6e.2","action":"Commit Response", "result":"Success", "context":Result: Success. cV=uktr8rpVr3OlAwEDYkeH6e.0;server=akswtt21400000m;cloudType=Consumer;environment=Prod_brazilsouth_prod-s01-001-sam-brazilsouth;migrationStage=NotStarted}
{"logTime": "0729/225118", "correlationVector":"cxDzZ8T2cB6kPxhPZ/U2kO","action":"Commit Request", "result":"", "context":Item count: 1
Contributing types: Preferences}
{"logTime": "0729/225118", "correlationVector":"cxDzZ8T2cB6kPxhPZ/U2kO.1","action":"SyncServerConnectionManagerRequest", "result":"SYNC_SERVER_OK", "context":{"environment":"Prod_brazilsouth_prod-s01-001-sam-brazilsouth", "migrationStage":"NotStarted", "server":"akswtt21400001s"}}
{"logTime": "0729/225118", "correlationVector":"cxDzZ8T2cB6kPxhPZ/U2kO.2","action":"Commit Response", "result":"Success", "context":Result: Success. cV=cxDzZ8T2cB6kPxhPZ/U2kO.0;server=akswtt21400001s;cloudType=Consumer;environment=Prod_brazilsouth_prod-s01-001-sam-brazilsouth;migrationStage=NotStarted}
{"logTime": "0729/225158", "correlationVector":"LF2rqdWkRbDMGf4HAmmT8p","action":"Commit Request", "result":"", "context":Item count: 22
Contributing types: Preferences, Sessions, History}
{"logTime": "0729/225159", "correlationVector":"LF2rqdWkRbDMGf4HAmmT8p.1","action":"SyncServerConnectionManagerRequest", "result":"SYNC_SERVER_OK", "context":{"environment":"Prod_brazilsouth_prod-s01-001-sam-brazilsouth", "migrationStage":"NotStarted", "server":"akswtt21400001s"}}
{"logTime": "0729/225159", "correlationVector":"LF2rqdWkRbDMGf4HAmmT8p.2","action":"Commit Response", "result":"Success", "context":Result: Success. cV=LF2rqdWkRbDMGf4HAmmT8p.0;server=akswtt21400001s;cloudType=Consumer;environment=Prod_brazilsouth_prod-s01-001-sam-brazilsouth;migrationStage=NotStarted}
{"logTime": "0729/225209", "correlationVector":"VP+6pndMjbbmhbH96xLVJN","action":"Commit Request", "result":"", "context":Item count: 13
Contributing types: Preferences, Sessions, History}
{"logTime": "0729/225209", "correlationVector":"VP+6pndMjbbmhbH96xLVJN.1","action":"SyncServerConnectionManagerRequest", "result":"SYNC_SERVER_OK", "context":{"environment":"Prod_brazilsouth_prod-s01-001-sam-brazilsouth", "migrationStage":"NotStarted", "server":"akswtt21400000m"}}
{"logTime": "0729/225209", "correlationVector":"VP+6pndMjbbmhbH96xLVJN.2","action":"Commit Response", "result":"Success", "context":Result: Success. cV=VP+6pndMjbbmhbH96xLVJN.0;server=akswtt21400000m;cloudType=Consumer;environment=Prod_brazilsouth_prod-s01-001-sam-brazilsouth;migrationStage=NotStarted}
{"logTime": "0729/225311", "correlationVector":"ysiVPnBS79U5ZdDvwUu1Sg","action":"Commit Request", "result":"", "context":Item count: 3
Contributing types: Sessions, History}
{"logTime": "0729/225312", "correlationVector":"ysiVPnBS79U5ZdDvwUu1Sg.1","action":"SyncServerConnectionManagerRequest", "result":"SYNC_SERVER_OK", "context":{"environment":"Prod_brazilsouth_prod-s01-001-sam-brazilsouth", "migrationStage":"NotStarted", "server":"akswtt21400000i"}}
{"logTime": "0729/225312", "correlationVector":"ysiVPnBS79U5ZdDvwUu1Sg.2","action":"Commit Response", "result":"Success", "context":Result: Success. cV=ysiVPnBS79U5ZdDvwUu1Sg.0;server=akswtt21400000i;cloudType=Consumer;environment=Prod_brazilsouth_prod-s01-001-sam-brazilsouth;migrationStage=NotStarted}
{"logTime": "0729/225338", "correlationVector":"1iaWYIR1AsiOfV+m7ZkT4+","action":"Commit Request", "result":"", "context":Item count: 4
Contributing types: Preferences, Sessions, History}
{"logTime": "0729/225338", "correlationVector":"1iaWYIR1AsiOfV+m7ZkT4+.1","action":"SyncServerConnectionManagerRequest", "result":"SYNC_SERVER_OK", "context":{"environment":"Prod_brazilsouth_prod-s01-001-sam-brazilsouth", "migrationStage":"NotStarted", "server":"akswtt21400000a"}}
{"logTime": "0729/225338", "correlationVector":"1iaWYIR1AsiOfV+m7ZkT4+.2","action":"Commit Response", "result":"Success", "context":Result: Success. cV=1iaWYIR1AsiOfV+m7ZkT4+.0;server=akswtt21400000a;cloudType=Consumer;environment=Prod_brazilsouth_prod-s01-001-sam-brazilsouth;migrationStage=NotStarted}
{"logTime": "0729/225446", "correlationVector":"CdpOF8sIFJ8fsrKjNExHlx","action":"Commit Request", "result":"", "context":Item count: 4
Contributing types: Sessions, History}
{"logTime": "0729/225446", "correlationVector":"CdpOF8sIFJ8fsrKjNExHlx.1","action":"SyncServerConnectionManagerRequest", "result":"SYNC_SERVER_OK", "context":{"environment":"Prod_brazilsouth_prod-s01-001-sam-brazilsouth", "migrationStage":"NotStarted", "server":"akswtt214000013"}}
{"logTime": "0729/225446", "correlationVector":"CdpOF8sIFJ8fsrKjNExHlx.2","action":"Commit Response", "result":"Success", "context":Result: Success. cV=CdpOF8sIFJ8fsrKjNExHlx.0;server=akswtt214000013;cloudType=Consumer;environment=Prod_brazilsouth_prod-s01-001-sam-brazilsouth;migrationStage=NotStarted}
{"logTime": "0729/225549", "correlationVector":"zIpfeL54OiqYdwnE+6Cc3W","action":"Commit Request", "result":"", "context":Item count: 1
Contributing types: Sessions}
{"logTime": "0729/225549", "correlationVector":"zIpfeL54OiqYdwnE+6Cc3W.1","action":"SyncServerConnectionManagerRequest", "result":"SYNC_SERVER_OK", "context":{"environment":"Prod_brazilsouth_prod-s01-001-sam-brazilsouth", "migrationStage":"NotStarted", "server":"akswtt214000013"}}
{"logTime": "0729/225549", "correlationVector":"zIpfeL54OiqYdwnE+6Cc3W.2","action":"Commit Response", "result":"Success", "context":Result: Success. cV=zIpfeL54OiqYdwnE+6Cc3W.0;server=akswtt214000013;cloudType=Consumer;environment=Prod_brazilsouth_prod-s01-001-sam-brazilsouth;migrationStage=NotStarted}
{"logTime": "0729/225847", "correlationVector":"1NwuN9aoc6P9dpvv0OoVlA","action":"Commit Request", "result":"", "context":Item count: 17
Contributing types: Preferences, Sessions, History}
{"logTime": "0729/225848", "correlationVector":"1NwuN9aoc6P9dpvv0OoVlA.1","action":"SyncServerConnectionManagerRequest", "result":"SYNC_SERVER_OK", "context":{"environment":"Prod_brazilsouth_prod-s01-001-sam-brazilsouth", "migrationStage":"NotStarted", "server":"akswtt21400000t"}}
{"logTime": "0729/225848", "correlationVector":"1NwuN9aoc6P9dpvv0OoVlA.3","action":"Commit.Sessions", "result":"Success", "context":{"id":"95eb18fc-2632-4803-9194-a953e0c815c6", "isDeleted":"true", "size":"0", "version":"1753828013511"}}
{"logTime": "0729/225848", "correlationVector":"1NwuN9aoc6P9dpvv0OoVlA.4","action":"Commit.Sessions", "result":"Success", "context":{"id":"a2eef28e-b543-4403-8e6f-0477d619b520", "isDeleted":"true", "size":"0", "version":"1753829529278"}}
{"logTime": "0729/225848", "correlationVector":"1NwuN9aoc6P9dpvv0OoVlA.5","action":"Commit.Sessions", "result":"Success", "context":{"id":"d5fe5214-bdc8-4772-b4d9-ab50e3b4d1fd", "isDeleted":"true", "size":"0", "version":"1753829191413"}}
{"logTime": "0729/225848", "correlationVector":"1NwuN9aoc6P9dpvv0OoVlA.6","action":"Commit.Sessions", "result":"Success", "context":{"id":"7a4d85db-bcf5-460d-95ab-94eb98f638f9", "isDeleted":"true", "size":"0", "version":"1753828001755"}}
{"logTime": "0729/225848", "correlationVector":"1NwuN9aoc6P9dpvv0OoVlA.7","action":"Commit.Sessions", "result":"Success", "context":{"id":"80b093a9-c140-4f42-9a42-f5ceca3fa520", "isDeleted":"true", "size":"0", "version":"1753829686515"}}
{"logTime": "0729/225848", "correlationVector":"1NwuN9aoc6P9dpvv0OoVlA.8","action":"Commit.Sessions", "result":"Success", "context":{"id":"51819be0-5bea-4f16-86fd-d5d11a08ab54", "isDeleted":"true", "size":"0", "version":"1753829591872"}}
{"logTime": "0729/225848", "correlationVector":"1NwuN9aoc6P9dpvv0OoVlA.9","action":"Commit.Sessions", "result":"Success", "context":{"id":"0cf89062-4a9a-4d10-ac23-b3b0dfe1410d", "isDeleted":"true", "size":"0", "version":"1753828654816"}}
{"logTime": "0729/225848", "correlationVector":"1NwuN9aoc6P9dpvv0OoVlA.2","action":"Commit Response", "result":"Success", "context":Result: Success. cV=1NwuN9aoc6P9dpvv0OoVlA.0;server=akswtt21400000t;cloudType=Consumer;environment=Prod_brazilsouth_prod-s01-001-sam-brazilsouth;migrationStage=NotStarted}
{"logTime": "0729/230010", "correlationVector":"2AVOqaKB0MoFRTIqXlx210","action":"Commit Request", "result":"", "context":Item count: 4
Contributing types: Sessions, History}
{"logTime": "0729/230010", "correlationVector":"2AVOqaKB0MoFRTIqXlx210.1","action":"SyncServerConnectionManagerRequest", "result":"SYNC_SERVER_OK", "context":{"environment":"Prod_brazilsouth_prod-s01-001-sam-brazilsouth", "migrationStage":"NotStarted", "server":"akswtt214000014"}}
{"logTime": "0729/230010", "correlationVector":"2AVOqaKB0MoFRTIqXlx210.2","action":"Commit Response", "result":"Success", "context":Result: Success. cV=2AVOqaKB0MoFRTIqXlx210.0;server=akswtt214000014;cloudType=Consumer;environment=Prod_brazilsouth_prod-s01-001-sam-brazilsouth;migrationStage=NotStarted}
{"logTime": "0729/230231", "correlationVector":"D82NC/xE1r4whL5OLC2QtC","action":"Commit Request", "result":"", "context":Item count: 5
Contributing types: Sessions, History}
{"logTime": "0729/230232", "correlationVector":"D82NC/xE1r4whL5OLC2QtC.1","action":"SyncServerConnectionManagerRequest", "result":"SYNC_SERVER_OK", "context":{"environment":"Prod_brazilsouth_prod-s01-001-sam-brazilsouth", "migrationStage":"NotStarted", "server":"akswtt21400000x"}}
{"logTime": "0729/230232", "correlationVector":"D82NC/xE1r4whL5OLC2QtC.2","action":"Commit Response", "result":"Success", "context":Result: Success. cV=D82NC/xE1r4whL5OLC2QtC.0;server=akswtt21400000x;cloudType=Consumer;environment=Prod_brazilsouth_prod-s01-001-sam-brazilsouth;migrationStage=NotStarted}
{"logTime": "0729/230356", "correlationVector":"hIa0NbKeskDV8/CGgisv2Y","action":"Commit Request", "result":"", "context":Item count: 14
Contributing types: Sessions, History}
{"logTime": "0729/230357", "correlationVector":"hIa0NbKeskDV8/CGgisv2Y.1","action":"SyncServerConnectionManagerRequest", "result":"SYNC_SERVER_OK", "context":{"environment":"Prod_brazilsouth_prod-s01-001-sam-brazilsouth", "migrationStage":"NotStarted", "server":"akswtt21400000c"}}
{"logTime": "0729/230357", "correlationVector":"hIa0NbKeskDV8/CGgisv2Y.2","action":"Commit Response", "result":"Success", "context":Result: Success. cV=hIa0NbKeskDV8/CGgisv2Y.0;server=akswtt21400000c;cloudType=Consumer;environment=Prod_brazilsouth_prod-s01-001-sam-brazilsouth;migrationStage=NotStarted}
{"logTime": "0729/230502", "correlationVector":"SEDD1m/c6SnPKkDpX2ur4p","action":"Commit Request", "result":"", "context":Item count: 7
Contributing types: Sessions, History}
{"logTime": "0729/230502", "correlationVector":"SEDD1m/c6SnPKkDpX2ur4p.1","action":"SyncServerConnectionManagerRequest", "result":"SYNC_SERVER_OK", "context":{"environment":"Prod_brazilsouth_prod-s01-001-sam-brazilsouth", "migrationStage":"NotStarted", "server":"akswtt21400001t"}}
{"logTime": "0729/230502", "correlationVector":"SEDD1m/c6SnPKkDpX2ur4p.3","action":"Commit.Sessions", "result":"Success", "context":{"id":"b86b0886-e4da-4ae6-a146-1aabb7663fae", "isDeleted":"true", "size":"0", "version":"1753830236530"}}
{"logTime": "0729/230502", "correlationVector":"SEDD1m/c6SnPKkDpX2ur4p.4","action":"Commit.Sessions", "result":"Success", "context":{"id":"4826cc8b-5762-4640-a4a3-7004ee87b38a", "isDeleted":"true", "size":"0", "version":"1753830236531"}}
{"logTime": "0729/230502", "correlationVector":"SEDD1m/c6SnPKkDpX2ur4p.2","action":"Commit Response", "result":"Success", "context":Result: Success. cV=SEDD1m/c6SnPKkDpX2ur4p.0;server=akswtt21400001t;cloudType=Consumer;environment=Prod_brazilsouth_prod-s01-001-sam-brazilsouth;migrationStage=NotStarted}
{"logTime": "0729/230509", "correlationVector":"5G30/uUoGrFzWlk8VT1ohT","action":"Commit Request", "result":"", "context":Item count: 6
Contributing types: Preferences, Sessions, History}
{"logTime": "0729/230509", "correlationVector":"5G30/uUoGrFzWlk8VT1ohT.1","action":"SyncServerConnectionManagerRequest", "result":"SYNC_SERVER_OK", "context":{"environment":"Prod_brazilsouth_prod-s01-001-sam-brazilsouth", "migrationStage":"NotStarted", "server":"akswtt21400001c"}}
{"logTime": "0729/230509", "correlationVector":"5G30/uUoGrFzWlk8VT1ohT.3","action":"Commit.Sessions", "result":"Success", "context":{"id":"cec31c46-ee31-42a4-86d1-4a15dc37fa26", "isDeleted":"true", "size":"0", "version":"1753830302641"}}
{"logTime": "0729/230509", "correlationVector":"5G30/uUoGrFzWlk8VT1ohT.2","action":"Commit Response", "result":"Success", "context":Result: Success. cV=5G30/uUoGrFzWlk8VT1ohT.0;server=akswtt21400001c;cloudType=Consumer;environment=Prod_brazilsouth_prod-s01-001-sam-brazilsouth;migrationStage=NotStarted}
{"logTime": "0729/230638", "correlationVector":"TXFA7XXNjiOWZ4nH2b3GZ+","action":"Commit Request", "result":"", "context":Item count: 1
Contributing types: Sessions}
{"logTime": "0729/230638", "correlationVector":"TXFA7XXNjiOWZ4nH2b3GZ+.1","action":"SyncServerConnectionManagerRequest", "result":"SYNC_SERVER_OK", "context":{"environment":"Prod_brazilsouth_prod-s01-001-sam-brazilsouth", "migrationStage":"NotStarted", "server":"akswtt21400001t"}}
{"logTime": "0729/230638", "correlationVector":"TXFA7XXNjiOWZ4nH2b3GZ+.2","action":"Commit Response", "result":"Success", "context":Result: Success. cV=TXFA7XXNjiOWZ4nH2b3GZ+.0;server=akswtt21400001t;cloudType=Consumer;environment=Prod_brazilsouth_prod-s01-001-sam-brazilsouth;migrationStage=NotStarted}
